2023-02-01 08:19:29.535 [info] Log level: Info
2023-02-01 08:19:29.537 [info] Validating found git in: "git"
2023-02-01 08:19:29.537 [info] Using git "2.38.1" from "git"
2023-02-01 08:19:29.537 [info] > git rev-parse --show-toplevel [54ms]
2023-02-01 08:19:29.537 [info] fatal: not a git repository (or any of the parent directories): .git
2023-02-01 08:19:29.537 [info] > git rev-parse --show-toplevel [2ms]
2023-02-01 08:19:29.537 [info] fatal: not a git repository (or any of the parent directories): .git
2023-02-01 08:19:29.537 [info] > git rev-parse --show-toplevel [1ms]
2023-02-01 08:19:29.537 [info] fatal: not a git repository (or any of the parent directories): .git
2023-02-01 08:19:29.537 [info] > git rev-parse --show-toplevel [2ms]
2023-02-01 08:19:29.537 [info] fatal: not a git repository (or any of the parent directories): .git
2023-02-01 08:19:29.537 [info] > git rev-parse --show-toplevel [21ms]
2023-02-01 08:19:29.537 [info] fatal: not a git repository (or any of the parent directories): .git
2023-02-01 08:19:29.537 [info] > git rev-parse --show-toplevel [16ms]
2023-02-01 08:19:29.537 [info] fatal: not a git repository (or any of the parent directories): .git
2023-02-01 08:19:29.537 [info] > git rev-parse --show-toplevel [2ms]
2023-02-01 08:19:29.537 [info] fatal: not a git repository (or any of the parent directories): .git
2023-02-01 08:23:18.766 [info] > git rev-parse --show-toplevel [5ms]
2023-02-01 08:23:18.766 [info] fatal: not a git repository (or any of the parent directories): .git
2023-02-01 08:23:33.427 [info] > git rev-parse --show-toplevel [4ms]
2023-02-01 08:23:33.427 [info] fatal: not a git repository (or any of the parent directories): .git
2023-02-01 08:25:35.600 [info] > git rev-parse --show-toplevel [109ms]
2023-02-01 08:25:35.600 [info] fatal: not a git repository (or any of the parent directories): .git
2023-02-01 08:25:35.770 [info] > git rev-parse --show-toplevel [17ms]
2023-02-01 08:25:35.770 [info] fatal: not a git repository (or any of the parent directories): .git
2023-02-01 08:25:51.907 [info] > git rev-parse --show-toplevel [272ms]
2023-02-01 08:25:51.907 [info] fatal: not a git repository (or any of the parent directories): .git
2023-02-01 08:29:37.573 [info] > git rev-parse --show-toplevel [3ms]
2023-02-01 08:29:37.573 [info] fatal: not a git repository (or any of the parent directories): .git
2023-02-01 08:29:41.931 [info] > git rev-parse --show-toplevel [1ms]
2023-02-01 08:29:41.931 [info] fatal: not a git repository (or any of the parent directories): .git
2023-02-01 08:29:47.207 [info] > git rev-parse --show-toplevel [2ms]
2023-02-01 08:29:47.207 [info] fatal: not a git repository (or any of the parent directories): .git
2023-02-01 08:33:38.228 [info] > git rev-parse --show-toplevel [4ms]
2023-02-01 08:33:38.228 [info] fatal: not a git repository (or any of the parent directories): .git
2023-02-01 08:33:40.113 [info] > git rev-parse --show-toplevel [5ms]
2023-02-01 08:33:40.113 [info] fatal: not a git repository (or any of the parent directories): .git
2023-02-01 08:33:40.974 [info] > git rev-parse --show-toplevel [2ms]
2023-02-01 08:33:40.974 [info] fatal: not a git repository (or any of the parent directories): .git
2023-02-01 08:34:03.819 [info] > git rev-parse --show-toplevel [4ms]
2023-02-01 08:34:03.820 [info] fatal: not a git repository (or any of the parent directories): .git
2023-02-01 08:35:12.774 [info] > git rev-parse --show-toplevel [2ms]
2023-02-01 08:35:12.774 [info] fatal: not a git repository (or any of the parent directories): .git
2023-02-01 08:37:45.190 [info] > git rev-parse --show-toplevel [3ms]
2023-02-01 08:37:45.191 [info] fatal: not a git repository (or any of the parent directories): .git
2023-02-01 08:40:47.452 [info] > git rev-parse --show-toplevel [16ms]
2023-02-01 08:40:47.452 [info] fatal: not a git repository (or any of the parent directories): .git
2023-02-01 08:42:29.224 [info] > git rev-parse --show-toplevel [4ms]
2023-02-01 08:42:29.225 [info] fatal: not a git repository (or any of the parent directories): .git
2023-02-01 08:43:28.456 [info] > git rev-parse --show-toplevel [2ms]
2023-02-01 08:43:28.456 [info] fatal: not a git repository (or any of the parent directories): .git
2023-02-01 08:47:31.227 [info] > git rev-parse --show-toplevel [2ms]
2023-02-01 08:47:31.235 [info] > git rev-parse --git-dir --git-common-dir [2ms]
2023-02-01 08:47:31.246 [info] Open repository: /home/ec2-user/terraform-aws-3tier/terraform-aws-3tier
2023-02-01 08:47:31.274 [info] > git config --get commit.template [14ms]
2023-02-01 08:47:31.275 [info] > git for-each-ref --format=%(refname)%00%(upstream:short)%00%(objectname)%00%(upstream:track)%00%(upstream:remotename)%00%(upstream:remoteref) refs/heads/master refs/remotes/master [3ms]
2023-02-01 08:47:31.289 [info] > git status -z -uall [7ms]
2023-02-01 08:47:31.290 [info] > git for-each-ref --sort -committerdate --format %(refname) %(objectname) %(*objectname) [2ms]
2023-02-01 08:47:31.308 [info] > git config --get commit.template [8ms]
2023-02-01 08:47:31.308 [info] > git for-each-ref --format=%(refname)%00%(upstream:short)%00%(objectname)%00%(upstream:track)%00%(upstream:remotename)%00%(upstream:remoteref) refs/heads/master refs/remotes/master [2ms]
2023-02-01 08:47:31.318 [info] > git status -z -uall [5ms]
2023-02-01 08:47:31.319 [info] > git for-each-ref --sort -committerdate --format %(refname) %(objectname) %(*objectname) [2ms]
2023-02-01 08:47:32.268 [info] > git check-ignore -v -z --stdin [7ms]
2023-02-01 08:47:38.598 [info] > git config --get commit.template [7ms]
2023-02-01 08:47:38.598 [info] > git for-each-ref --format=%(refname)%00%(upstream:short)%00%(objectname)%00%(upstream:track)%00%(upstream:remotename)%00%(upstream:remoteref) refs/heads/main refs/remotes/main [1ms]
2023-02-01 08:47:38.610 [info] > git status -z -uall [6ms]
2023-02-01 08:47:38.611 [info] > git for-each-ref --sort -committerdate --format %(refname) %(objectname) %(*objectname) [2ms]
2023-02-01 08:49:35.226 [info] > git check-ignore -v -z --stdin [1ms]
2023-02-01 08:49:44.707 [info] > git show --textconv :README.md [13ms]
2023-02-01 08:49:44.711 [info] > git ls-files --stage -- /home/ec2-user/terraform-aws-3tier/terraform-aws-3tier/README.md [5ms]
2023-02-01 08:49:44.729 [info] > git cat-file -s 636720d36fe706f73aac55e1984270cc55b2e11e [7ms]
2023-02-01 08:49:55.707 [info] > git check-ignore -v -z --stdin [1ms]
2023-02-01 08:49:56.110 [info] > git config --get commit.template [6ms]
2023-02-01 08:49:56.110 [info] > git for-each-ref --format=%(refname)%00%(upstream:short)%00%(objectname)%00%(upstream:track)%00%(upstream:remotename)%00%(upstream:remoteref) refs/heads/main refs/remotes/main [2ms]
2023-02-01 08:49:56.122 [info] > git status -z -uall [7ms]
2023-02-01 08:49:56.125 [info] > git for-each-ref --sort -committerdate --format %(refname) %(objectname) %(*objectname) [5ms]
2023-02-01 08:50:00.823 [info] > git check-ignore -v -z --stdin [1ms]
2023-02-01 08:50:01.241 [info] > git config --get commit.template [15ms]
2023-02-01 08:50:01.243 [info] > git for-each-ref --format=%(refname)%00%(upstream:short)%00%(objectname)%00%(upstream:track)%00%(upstream:remotename)%00%(upstream:remoteref) refs/heads/main refs/remotes/main [5ms]
2023-02-01 08:50:01.271 [info] > git status -z -uall [14ms]
2023-02-01 08:50:01.275 [info] > git for-each-ref --sort -committerdate --format %(refname) %(objectname) %(*objectname) [7ms]
2023-02-01 08:50:05.423 [info] > git check-ignore -v -z --stdin [3ms]
2023-02-01 08:50:06.317 [info] > git config --get commit.template [21ms]
2023-02-01 08:50:06.324 [info] > git for-each-ref --format=%(refname)%00%(upstream:short)%00%(objectname)%00%(upstream:track)%00%(upstream:remotename)%00%(upstream:remoteref) refs/heads/main refs/remotes/main [8ms]
2023-02-01 08:50:06.357 [info] > git status -z -uall [15ms]
2023-02-01 08:50:06.362 [info] > git for-each-ref --sort -committerdate --format %(refname) %(objectname) %(*objectname) [6ms]
2023-02-01 08:50:11.606 [info] > git rev-parse --show-toplevel [7ms]
2023-02-01 08:50:11.606 [info] fatal: not a git repository (or any of the parent directories): .git
2023-02-01 08:50:16.451 [info] > git show --textconv :keypair.tf [7ms]
2023-02-01 08:50:16.452 [info] > git ls-files --stage -- /home/ec2-user/terraform-aws-3tier/terraform-aws-3tier/keypair.tf [2ms]
2023-02-01 08:51:13.034 [info] > git show --textconv :instance.tf [17ms]
2023-02-01 08:51:13.037 [info] > git ls-files --stage -- /home/ec2-user/terraform-aws-3tier/terraform-aws-3tier/instance.tf [6ms]
2023-02-01 08:51:18.003 [info] > git show --textconv :provider.tf [7ms]
2023-02-01 08:51:18.004 [info] > git ls-files --stage -- /home/ec2-user/terraform-aws-3tier/terraform-aws-3tier/provider.tf [2ms]
2023-02-01 08:51:26.190 [info] > git config --get commit.template [9ms]
2023-02-01 08:51:26.193 [info] > git for-each-ref --format=%(refname)%00%(upstream:short)%00%(objectname)%00%(upstream:track)%00%(upstream:remotename)%00%(upstream:remoteref) refs/heads/main refs/remotes/main [2ms]
2023-02-01 08:51:26.206 [info] > git status -z -uall [8ms]
2023-02-01 08:51:26.209 [info] > git for-each-ref --sort -committerdate --format %(refname) %(objectname) %(*objectname) [4ms]
2023-02-01 08:51:27.007 [info] > git check-ignore -v -z --stdin [2ms]
2023-02-01 08:51:29.789 [info] > git check-ignore -v -z --stdin [5ms]
2023-02-01 08:51:31.226 [info] > git config --get commit.template [7ms]
2023-02-01 08:51:31.227 [info] > git for-each-ref --format=%(refname)%00%(upstream:short)%00%(objectname)%00%(upstream:track)%00%(upstream:remotename)%00%(upstream:remoteref) refs/heads/main refs/remotes/main [2ms]
2023-02-01 08:51:31.239 [info] > git status -z -uall [7ms]
2023-02-01 08:51:31.240 [info] > git for-each-ref --sort -committerdate --format %(refname) %(objectname) %(*objectname) [2ms]
2023-02-01 08:51:38.117 [info] > git config --get commit.template [16ms]
2023-02-01 08:51:38.130 [info] > git for-each-ref --format=%(refname)%00%(upstream:short)%00%(objectname)%00%(upstream:track)%00%(upstream:remotename)%00%(upstream:remoteref) refs/heads/main refs/remotes/main [14ms]
2023-02-01 08:51:38.152 [info] > git status -z -uall [10ms]
2023-02-01 08:51:38.156 [info] > git for-each-ref --sort -committerdate --format %(refname) %(objectname) %(*objectname) [4ms]
2023-02-01 08:51:38.933 [info] > git check-ignore -v -z --stdin [9ms]
2023-02-01 08:52:00.153 [info] > git config --get commit.template [8ms]
2023-02-01 08:52:00.153 [info] > git for-each-ref --format=%(refname)%00%(upstream:short)%00%(objectname)%00%(upstream:track)%00%(upstream:remotename)%00%(upstream:remoteref) refs/heads/main refs/remotes/main [1ms]
2023-02-01 08:52:00.166 [info] > git status -z -uall [7ms]
2023-02-01 08:52:00.167 [info] > git for-each-ref --sort -committerdate --format %(refname) %(objectname) %(*objectname) [2ms]
2023-02-01 08:52:15.854 [info] > git config --get commit.template [9ms]
2023-02-01 08:52:15.857 [info] > git for-each-ref --format=%(refname)%00%(upstream:short)%00%(objectname)%00%(upstream:track)%00%(upstream:remotename)%00%(upstream:remoteref) refs/heads/main refs/remotes/main [3ms]
2023-02-01 08:52:15.872 [info] > git status -z -uall [9ms]
2023-02-01 08:52:15.875 [info] > git for-each-ref --sort -committerdate --format %(refname) %(objectname) %(*objectname) [4ms]
2023-02-01 08:52:23.209 [info] > git config --get commit.template [9ms]
2023-02-01 08:52:23.210 [info] > git for-each-ref --format=%(refname)%00%(upstream:short)%00%(objectname)%00%(upstream:track)%00%(upstream:remotename)%00%(upstream:remoteref) refs/heads/main refs/remotes/main [1ms]
2023-02-01 08:52:23.222 [info] > git status -z -uall [6ms]
2023-02-01 08:52:23.223 [info] > git for-each-ref --sort -committerdate --format %(refname) %(objectname) %(*objectname) [2ms]
2023-02-01 08:52:58.957 [info] > git config --get commit.template [7ms]
2023-02-01 08:52:58.957 [info] > git for-each-ref --format=%(refname)%00%(upstream:short)%00%(objectname)%00%(upstream:track)%00%(upstream:remotename)%00%(upstream:remoteref) refs/heads/main refs/remotes/main [2ms]
2023-02-01 08:52:58.969 [info] > git status -z -uall [7ms]
2023-02-01 08:52:58.971 [info] > git for-each-ref --sort -committerdate --format %(refname) %(objectname) %(*objectname) [3ms]
2023-02-01 08:53:05.795 [info] > git config --get commit.template [7ms]
2023-02-01 08:53:05.796 [info] > git for-each-ref --format=%(refname)%00%(upstream:short)%00%(objectname)%00%(upstream:track)%00%(upstream:remotename)%00%(upstream:remoteref) refs/heads/main refs/remotes/main [1ms]
2023-02-01 08:53:05.806 [info] > git status -z -uall [6ms]
2023-02-01 08:53:05.808 [info] > git for-each-ref --sort -committerdate --format %(refname) %(objectname) %(*objectname) [2ms]
2023-02-01 08:53:11.084 [info] > git config --get commit.template [16ms]
2023-02-01 08:53:11.086 [info] > git for-each-ref --format=%(refname)%00%(upstream:short)%00%(objectname)%00%(upstream:track)%00%(upstream:remotename)%00%(upstream:remoteref) refs/heads/main refs/remotes/main [4ms]
2023-02-01 08:53:11.111 [info] > git status -z -uall [13ms]
2023-02-01 08:53:11.122 [info] > git for-each-ref --sort -committerdate --format %(refname) %(objectname) %(*objectname) [12ms]
2023-02-01 08:53:16.199 [info] > git config --get commit.template [6ms]
2023-02-01 08:53:16.200 [info] > git for-each-ref --format=%(refname)%00%(upstream:short)%00%(objectname)%00%(upstream:track)%00%(upstream:remotename)%00%(upstream:remoteref) refs/heads/main refs/remotes/main [2ms]
2023-02-01 08:53:16.211 [info] > git status -z -uall [6ms]
2023-02-01 08:53:16.213 [info] > git for-each-ref --sort -committerdate --format %(refname) %(objectname) %(*objectname) [2ms]
2023-02-01 08:53:37.977 [info] > git config --get commit.template [13ms]
2023-02-01 08:53:37.978 [info] > git for-each-ref --format=%(refname)%00%(upstream:short)%00%(objectname)%00%(upstream:track)%00%(upstream:remotename)%00%(upstream:remoteref) refs/heads/main refs/remotes/main [5ms]
2023-02-01 08:53:38.005 [info] > git status -z -uall [13ms]
2023-02-01 08:53:38.018 [info] > git for-each-ref --sort -committerdate --format %(refname) %(objectname) %(*objectname) [14ms]
2023-02-01 08:55:55.498 [info] > git rev-parse --show-toplevel [5ms]
2023-02-01 08:55:55.506 [info] > git rev-parse --git-dir --git-common-dir [1ms]
2023-02-01 08:55:55.513 [info] Open repository: /home/ec2-user/TestTerraform/terraform-aws-3tier
2023-02-01 08:55:55.528 [info] > git config --get commit.template [8ms]
2023-02-01 08:55:55.529 [info] > git for-each-ref --format=%(refname)%00%(upstream:short)%00%(objectname)%00%(upstream:track)%00%(upstream:remotename)%00%(upstream:remoteref) refs/heads/main refs/remotes/main [2ms]
2023-02-01 08:55:55.545 [info] > git status -z -uall [7ms]
2023-02-01 08:55:55.547 [info] > git for-each-ref --sort -committerdate --format %(refname) %(objectname) %(*objectname) [3ms]
2023-02-01 08:55:56.096 [info] > git show --textconv :keypair.tf [9ms]
2023-02-01 08:55:56.097 [info] > git ls-files --stage -- /home/ec2-user/TestTerraform/terraform-aws-3tier/keypair.tf [2ms]
2023-02-01 08:55:56.170 [info] > git check-ignore -v -z --stdin [1ms]
2023-02-01 09:01:20.232 [info] > git config --get commit.template [1ms]
2023-02-01 09:01:20.250 [info] > git for-each-ref --format=%(refname)%00%(upstream:short)%00%(objectname)%00%(upstream:track)%00%(upstream:remotename)%00%(upstream:remoteref) refs/heads/main refs/remotes/main [5ms]
2023-02-01 09:01:20.275 [info] > git status -z -uall [10ms]
2023-02-01 09:01:20.276 [info] > git for-each-ref --sort -committerdate --format %(refname) %(objectname) %(*objectname) [2ms]
2023-02-01 09:02:24.997 [info] > git show --textconv :provider.tf [8ms]
2023-02-01 09:02:24.999 [info] > git ls-files --stage -- /home/ec2-user/TestTerraform/terraform-aws-3tier/provider.tf [3ms]
2023-02-01 09:02:45.888 [info] > git config --get commit.template [15ms]
2023-02-01 09:02:45.889 [info] > git for-each-ref --format=%(refname)%00%(upstream:short)%00%(objectname)%00%(upstream:track)%00%(upstream:remotename)%00%(upstream:remoteref) refs/heads/main refs/remotes/main [3ms]
2023-02-01 09:02:45.903 [info] > git status -z -uall [8ms]
2023-02-01 09:02:45.905 [info] > git for-each-ref --sort -committerdate --format %(refname) %(objectname) %(*objectname) [3ms]
2023-02-01 09:02:50.922 [info] > git config --get commit.template [2ms]
2023-02-01 09:02:50.938 [info] > git for-each-ref --format=%(refname)%00%(upstream:short)%00%(objectname)%00%(upstream:track)%00%(upstream:remotename)%00%(upstream:remoteref) refs/heads/main refs/remotes/main [4ms]
2023-02-01 09:02:50.958 [info] > git status -z -uall [9ms]
2023-02-01 09:02:50.960 [info] > git for-each-ref --sort -committerdate --format %(refname) %(objectname) %(*objectname) [2ms]
2023-02-01 09:02:55.976 [info] > git config --get commit.template [6ms]
2023-02-01 09:02:55.976 [info] > git for-each-ref --format=%(refname)%00%(upstream:short)%00%(objectname)%00%(upstream:track)%00%(upstream:remotename)%00%(upstream:remoteref) refs/heads/main refs/remotes/main [1ms]
2023-02-01 09:02:55.986 [info] > git status -z -uall [5ms]
2023-02-01 09:02:55.988 [info] > git for-each-ref --sort -committerdate --format %(refname) %(objectname) %(*objectname) [2ms]
2023-02-01 09:03:01.015 [info] > git config --get commit.template [6ms]
2023-02-01 09:03:01.036 [info] > git for-each-ref --format=%(refname)%00%(upstream:short)%00%(objectname)%00%(upstream:track)%00%(upstream:remotename)%00%(upstream:remoteref) refs/heads/main refs/remotes/main [8ms]
2023-02-01 09:03:01.068 [info] > git status -z -uall [20ms]
2023-02-01 09:03:01.070 [info] > git for-each-ref --sort -committerdate --format %(refname) %(objectname) %(*objectname) [6ms]
2023-02-01 09:03:23.573 [info] > git config --get commit.template [9ms]
2023-02-01 09:03:23.574 [info] > git for-each-ref --format=%(refname)%00%(upstream:short)%00%(objectname)%00%(upstream:track)%00%(upstream:remotename)%00%(upstream:remoteref) refs/heads/main refs/remotes/main [2ms]
2023-02-01 09:03:23.589 [info] > git status -z -uall [5ms]
2023-02-01 09:03:23.591 [info] > git for-each-ref --sort -committerdate --format %(refname) %(objectname) %(*objectname) [3ms]
2023-02-01 09:04:40.290 [info] > git show --textconv :instance.tf [18ms]
2023-02-01 09:04:40.295 [info] > git ls-files --stage -- /home/ec2-user/TestTerraform/terraform-aws-3tier/instance.tf [6ms]
2023-02-01 09:04:51.046 [info] > git config --get commit.template [7ms]
2023-02-01 09:04:51.047 [info] > git for-each-ref --format=%(refname)%00%(upstream:short)%00%(objectname)%00%(upstream:track)%00%(upstream:remotename)%00%(upstream:remoteref) refs/heads/main refs/remotes/main [2ms]
2023-02-01 09:04:51.065 [info] > git status -z -uall [12ms]
2023-02-01 09:04:51.069 [info] > git for-each-ref --sort -committerdate --format %(refname) %(objectname) %(*objectname) [3ms]
2023-02-01 09:04:56.084 [info] > git config --get commit.template [5ms]
2023-02-01 09:04:56.085 [info] > git for-each-ref --format=%(refname)%00%(upstream:short)%00%(objectname)%00%(upstream:track)%00%(upstream:remotename)%00%(upstream:remoteref) refs/heads/main refs/remotes/main [1ms]
2023-02-01 09:04:56.097 [info] > git status -z -uall [6ms]
2023-02-01 09:04:56.099 [info] > git for-each-ref --sort -committerdate --format %(refname) %(objectname) %(*objectname) [1ms]
2023-02-01 09:05:07.720 [info] > git show --textconv :main.tf [37ms]
2023-02-01 09:05:07.720 [info] > git check-ignore -v -z --stdin [3ms]
2023-02-01 09:05:07.722 [info] > git ls-files --stage -- /home/ec2-user/TestTerraform/terraform-aws-3tier/main.tf [19ms]
2023-02-01 09:05:08.107 [info] > git config --get commit.template [10ms]
2023-02-01 09:05:08.107 [info] > git for-each-ref --format=%(refname)%00%(upstream:short)%00%(objectname)%00%(upstream:track)%00%(upstream:remotename)%00%(upstream:remoteref) refs/heads/main refs/remotes/main [1ms]
2023-02-01 09:05:08.119 [info] > git status -z -uall [6ms]
2023-02-01 09:05:08.121 [info] > git for-each-ref --sort -committerdate --format %(refname) %(objectname) %(*objectname) [2ms]
2023-02-01 09:05:49.929 [info] > git show --textconv :keypair.tf [22ms]
2023-02-01 09:05:49.934 [info] > git ls-files --stage -- /home/ec2-user/TestTerraform/terraform-aws-3tier/keypair.tf [13ms]
2023-02-01 09:06:21.554 [info] > git show --textconv :keypair.tf [8ms]
2023-02-01 09:06:21.556 [info] > git ls-files --stage -- /home/ec2-user/TestTerraform/terraform-aws-3tier/keypair.tf [3ms]
2023-02-01 09:06:31.431 [info] > git config --get commit.template [6ms]
2023-02-01 09:06:31.432 [info] > git for-each-ref --format=%(refname)%00%(upstream:short)%00%(objectname)%00%(upstream:track)%00%(upstream:remotename)%00%(upstream:remoteref) refs/heads/main refs/remotes/main [2ms]
2023-02-01 09:06:31.441 [info] > git status -z -uall [5ms]
2023-02-01 09:06:31.443 [info] > git for-each-ref --sort -committerdate --format %(refname) %(objectname) %(*objectname) [3ms]
2023-02-01 09:06:36.459 [info] > git config --get commit.template [6ms]
2023-02-01 09:06:36.460 [info] > git for-each-ref --format=%(refname)%00%(upstream:short)%00%(objectname)%00%(upstream:track)%00%(upstream:remotename)%00%(upstream:remoteref) refs/heads/main refs/remotes/main [2ms]
2023-02-01 09:06:36.471 [info] > git status -z -uall [6ms]
2023-02-01 09:06:36.472 [info] > git for-each-ref --sort -committerdate --format %(refname) %(objectname) %(*objectname) [1ms]
2023-02-01 09:06:41.487 [info] > git config --get commit.template [6ms]
2023-02-01 09:06:41.488 [info] > git for-each-ref --format=%(refname)%00%(upstream:short)%00%(objectname)%00%(upstream:track)%00%(upstream:remotename)%00%(upstream:remoteref) refs/heads/main refs/remotes/main [2ms]
2023-02-01 09:06:41.499 [info] > git status -z -uall [6ms]
2023-02-01 09:06:41.500 [info] > git for-each-ref --sort -committerdate --format %(refname) %(objectname) %(*objectname) [2ms]
2023-02-01 09:06:43.268 [info] > git show --textconv :provider.tf [7ms]
2023-02-01 09:06:43.269 [info] > git ls-files --stage -- /home/ec2-user/TestTerraform/terraform-aws-3tier/provider.tf [2ms]
2023-02-01 09:06:49.366 [info] > git config --get commit.template [7ms]
2023-02-01 09:06:49.367 [info] > git for-each-ref --format=%(refname)%00%(upstream:short)%00%(objectname)%00%(upstream:track)%00%(upstream:remotename)%00%(upstream:remoteref) refs/heads/main refs/remotes/main [2ms]
2023-02-01 09:06:49.379 [info] > git status -z -uall [5ms]
2023-02-01 09:06:49.380 [info] > git for-each-ref --sort -committerdate --format %(refname) %(objectname) %(*objectname) [1ms]
2023-02-01 09:06:55.384 [info] > git config --get commit.template [9ms]
2023-02-01 09:06:55.384 [info] > git for-each-ref --format=%(refname)%00%(upstream:short)%00%(objectname)%00%(upstream:track)%00%(upstream:remotename)%00%(upstream:remoteref) refs/heads/main refs/remotes/main [3ms]
2023-02-01 09:06:55.396 [info] > git status -z -uall [6ms]
2023-02-01 09:06:55.397 [info] > git for-each-ref --sort -committerdate --format %(refname) %(objectname) %(*objectname) [2ms]
2023-02-01 09:07:00.506 [info] > git config --get commit.template [15ms]
2023-02-01 09:07:00.508 [info] > git for-each-ref --format=%(refname)%00%(upstream:short)%00%(objectname)%00%(upstream:track)%00%(upstream:remotename)%00%(upstream:remoteref) refs/heads/main refs/remotes/main [4ms]
2023-02-01 09:07:00.532 [info] > git status -z -uall [10ms]
2023-02-01 09:07:00.536 [info] > git for-each-ref --sort -committerdate --format %(refname) %(objectname) %(*objectname) [5ms]
2023-02-01 09:07:40.353 [info] > git config --get commit.template [13ms]
2023-02-01 09:07:40.353 [info] > git for-each-ref --format=%(refname)%00%(upstream:short)%00%(objectname)%00%(upstream:track)%00%(upstream:remotename)%00%(upstream:remoteref) refs/heads/main refs/remotes/main [3ms]
2023-02-01 09:07:40.379 [info] > git status -z -uall [13ms]
2023-02-01 09:07:40.381 [info] > git for-each-ref --sort -committerdate --format %(refname) %(objectname) %(*objectname) [2ms]
2023-02-01 09:07:57.467 [info] > git config --get commit.template [11ms]
2023-02-01 09:07:57.470 [info] > git for-each-ref --format=%(refname)%00%(upstream:short)%00%(objectname)%00%(upstream:track)%00%(upstream:remotename)%00%(upstream:remoteref) refs/heads/main refs/remotes/main [3ms]
2023-02-01 09:07:57.500 [info] > git status -z -uall [22ms]
2023-02-01 09:07:57.504 [info] > git for-each-ref --sort -committerdate --format %(refname) %(objectname) %(*objectname) [4ms]
2023-02-01 09:07:58.338 [info] > git check-ignore -v -z --stdin [9ms]
2023-02-01 09:08:02.519 [info] > git config --get commit.template [7ms]
2023-02-01 09:08:02.520 [info] > git for-each-ref --format=%(refname)%00%(upstream:short)%00%(objectname)%00%(upstream:track)%00%(upstream:remotename)%00%(upstream:remoteref) refs/heads/main refs/remotes/main [2ms]
2023-02-01 09:08:02.536 [info] > git status -z -uall [8ms]
2023-02-01 09:08:02.540 [info] > git for-each-ref --sort -committerdate --format %(refname) %(objectname) %(*objectname) [6ms]
2023-02-01 09:08:10.389 [info] > git for-each-ref --format=%(refname)%00%(upstream:short)%00%(objectname)%00%(upstream:track)%00%(upstream:remotename)%00%(upstream:remoteref) refs/heads/main refs/remotes/main [3ms]
2023-02-01 09:08:10.390 [info] > git config --get commit.template [11ms]
2023-02-01 09:08:10.407 [info] > git status -z -uall [10ms]
2023-02-01 09:08:10.412 [info] > git for-each-ref --sort -committerdate --format %(refname) %(objectname) %(*objectname) [5ms]
2023-02-01 09:08:17.321 [info] > git config --get commit.template [11ms]
2023-02-01 09:08:17.322 [info] > git for-each-ref --format=%(refname)%00%(upstream:short)%00%(objectname)%00%(upstream:track)%00%(upstream:remotename)%00%(upstream:remoteref) refs/heads/main refs/remotes/main [2ms]
2023-02-01 09:08:17.336 [info] > git status -z -uall [7ms]
2023-02-01 09:08:17.337 [info] > git for-each-ref --sort -committerdate --format %(refname) %(objectname) %(*objectname) [2ms]
2023-02-01 09:08:17.636 [info] > git check-ignore -v -z --stdin [1ms]
2023-02-01 09:08:50.215 [info] > git rev-parse --show-toplevel [2ms]
2023-02-01 09:08:50.215 [info] fatal: not a git repository (or any of the parent directories): .git
2023-02-01 09:08:50.262 [info] > git rev-parse --show-toplevel [3ms]
2023-02-01 09:08:50.262 [info] fatal: not a git repository (or any of the parent directories): .git
2023-02-01 09:08:50.800 [info] > git check-ignore -v -z --stdin [10ms]
2023-02-01 09:09:44.605 [info] > git check-ignore -v -z --stdin [2ms]
2023-02-01 09:10:35.916 [info] > git config --get commit.template [6ms]
2023-02-01 09:10:35.917 [info] > git for-each-ref --format=%(refname)%00%(upstream:short)%00%(objectname)%00%(upstream:track)%00%(upstream:remotename)%00%(upstream:remoteref) refs/heads/main refs/remotes/main [2ms]
2023-02-01 09:10:35.938 [info] > git status -z -uall [11ms]
2023-02-01 09:10:35.944 [info] > git for-each-ref --sort -committerdate --format %(refname) %(objectname) %(*objectname) [6ms]
2023-02-01 09:10:36.146 [info] > git ls-files --stage -- /home/ec2-user/TestTerraform/terraform-aws-3tier/main.tf [5ms]
2023-02-01 09:10:36.159 [info] > git cat-file -s 55a0a5af8af38aa7cf6a9ea5e410851a0798c506 [2ms]
2023-02-01 09:10:36.329 [info] > git show --textconv :main.tf [26ms]
2023-02-01 09:10:53.256 [info] > git config --get commit.template [6ms]
2023-02-01 09:10:53.256 [info] > git for-each-ref --format=%(refname)%00%(upstream:short)%00%(objectname)%00%(upstream:track)%00%(upstream:remotename)%00%(upstream:remoteref) refs/heads/main refs/remotes/main [1ms]
2023-02-01 09:10:53.268 [info] > git status -z -uall [6ms]
2023-02-01 09:10:53.269 [info] > git for-each-ref --sort -committerdate --format %(refname) %(objectname) %(*objectname) [2ms]
2023-02-01 09:10:53.478 [info] > git ls-files --stage -- /home/ec2-user/TestTerraform/terraform-aws-3tier/main.tf [2ms]
2023-02-01 09:10:53.484 [info] > git cat-file -s 55a0a5af8af38aa7cf6a9ea5e410851a0798c506 [1ms]
2023-02-01 09:10:53.622 [info] > git show --textconv :main.tf [2ms]
2023-02-01 09:11:47.632 [info] > git rev-parse --show-toplevel [1ms]
2023-02-01 09:11:47.632 [info] fatal: not a git repository (or any of the parent directories): .git
2023-02-01 09:12:22.555 [info] > git rev-parse --show-toplevel [4ms]
2023-02-01 09:12:22.555 [info] fatal: not a git repository (or any of the parent directories): .git
2023-02-01 09:12:42.455 [info] > git -c user.useConfigOnly=true commit --quiet --allow-empty-message --file - [5ms]
2023-02-01 09:12:42.462 [info] > git config --get commit.template [1ms]
2023-02-01 09:12:42.477 [info] > git config --get commit.template [7ms]
2023-02-01 09:12:42.478 [info] > git for-each-ref --format=%(refname)%00%(upstream:short)%00%(objectname)%00%(upstream:track)%00%(upstream:remotename)%00%(upstream:remoteref) refs/heads/main refs/remotes/main [2ms]
2023-02-01 09:12:42.490 [info] > git status -z -uall [7ms]
2023-02-01 09:12:42.491 [info] > git for-each-ref --sort -committerdate --format %(refname) %(objectname) %(*objectname) [2ms]
2023-02-01 09:12:42.667 [info] > git config --get commit.template [7ms]
2023-02-01 09:12:42.668 [info] > git for-each-ref --format=%(refname)%00%(upstream:short)%00%(objectname)%00%(upstream:track)%00%(upstream:remotename)%00%(upstream:remoteref) refs/heads/main refs/remotes/main [2ms]
2023-02-01 09:12:42.680 [info] > git status -z -uall [6ms]
2023-02-01 09:12:42.682 [info] > git for-each-ref --sort -committerdate --format %(refname) %(objectname) %(*objectname) [2ms]
2023-02-01 09:12:43.920 [info] > git ls-files --stage -- /home/ec2-user/TestTerraform/terraform-aws-3tier/main.tf [2ms]
2023-02-01 09:12:43.928 [info] > git cat-file -s 55a0a5af8af38aa7cf6a9ea5e410851a0798c506 [2ms]
2023-02-01 09:12:44.071 [info] > git show --textconv :main.tf [4ms]
2023-02-01 09:12:47.727 [info] > git log --oneline --cherry main...main@{upstream} -- [2ms]
2023-02-01 09:12:49.076 [info] > git pull --tags origin main [1341ms]
2023-02-01 09:12:49.076 [info] Warning: Permanently added the ECDSA host key for IP address '140.82.121.4' to the list of known hosts.
From github.com:cuneytoghan/terraform-aws-3tier
 * branch            main       -> FETCH_HEAD
2023-02-01 09:12:49.162 [info] > git ls-files --stage -- /home/ec2-user/TestTerraform/terraform-aws-3tier/main.tf [2ms]
2023-02-01 09:12:49.168 [info] > git cat-file -s 55a0a5af8af38aa7cf6a9ea5e410851a0798c506 [1ms]
2023-02-01 09:12:49.320 [info] > git show --textconv :main.tf [6ms]
2023-02-01 09:12:50.501 [info] > git ls-files --stage -- /home/ec2-user/TestTerraform/terraform-aws-3tier/main.tf [3ms]
2023-02-01 09:12:50.512 [info] > git cat-file -s 55a0a5af8af38aa7cf6a9ea5e410851a0798c506 [3ms]
2023-02-01 09:12:50.657 [info] > git show --textconv :main.tf [4ms]
2023-02-01 09:13:17.387 [info] > git push origin main:main [28306ms]
2023-02-01 09:13:17.387 [info] remote: error: Trace: 20f1f341916730d142fda6df3b29ed27b9d5dff29f726e1799550e40707b0f50        
remote: error: See http://git.io/iEPt8g for more information.        
remote: error: File .terraform/providers/registry.terraform.io/hashicorp/aws/4.52.0/linux_amd64/terraform-provider-aws_v4.52.0_x5 is 323.14 MB; this exceeds GitHub's file size limit of 100.00 MB        
remote: error: GH001: Large files detected. You may want to try Git Large File Storage - https://git-lfs.github.com.        
To github.com:cuneytoghan/terraform-aws-3tier.git
 ! [remote rejected] main -> main (pre-receive hook declined)
error: failed to push some refs to 'github.com:cuneytoghan/terraform-aws-3tier.git'
2023-02-01 09:13:39.955 [info] > git log --oneline --cherry main...main@{upstream} -- [1ms]
2023-02-01 09:13:41.385 [info] > git ls-files --stage -- /home/ec2-user/TestTerraform/terraform-aws-3tier/main.tf [1ms]
2023-02-01 09:13:41.391 [info] > git cat-file -s 55a0a5af8af38aa7cf6a9ea5e410851a0798c506 [2ms]
2023-02-01 09:13:41.487 [info] > git pull --tags origin main [1527ms]
2023-02-01 09:13:41.487 [info] From github.com:cuneytoghan/terraform-aws-3tier
 * branch            main       -> FETCH_HEAD
2023-02-01 09:13:41.500 [info] > git config --get commit.template [6ms]
2023-02-01 09:13:41.501 [info] > git for-each-ref --format=%(refname)%00%(upstream:short)%00%(objectname)%00%(upstream:track)%00%(upstream:remotename)%00%(upstream:remoteref) refs/heads/main refs/remotes/main [1ms]
2023-02-01 09:13:41.510 [info] > git status -z -uall [4ms]
2023-02-01 09:13:41.511 [info] > git for-each-ref --sort -committerdate --format %(refname) %(objectname) %(*objectname) [1ms]
2023-02-01 09:13:41.530 [info] > git show --textconv :main.tf [3ms]
2023-02-01 09:13:42.587 [info] > git config --get commit.template [7ms]
2023-02-01 09:13:42.588 [info] > git for-each-ref --format=%(refname)%00%(upstream:short)%00%(objectname)%00%(upstream:track)%00%(upstream:remotename)%00%(upstream:remoteref) refs/heads/main refs/remotes/main [2ms]
2023-02-01 09:13:42.600 [info] > git status -z -uall [6ms]
2023-02-01 09:13:42.602 [info] > git for-each-ref --sort -committerdate --format %(refname) %(objectname) %(*objectname) [2ms]
2023-02-01 09:13:42.818 [info] > git ls-files --stage -- /home/ec2-user/TestTerraform/terraform-aws-3tier/main.tf [2ms]
2023-02-01 09:13:42.835 [info] > git cat-file -s 55a0a5af8af38aa7cf6a9ea5e410851a0798c506 [1ms]
2023-02-01 09:13:42.976 [info] > git show --textconv :main.tf [2ms]
2023-02-01 09:13:47.988 [info] > git log --oneline --cherry main...main@{upstream} -- [4ms]
2023-02-01 09:13:49.411 [info] > git pull --tags origin main [1408ms]
2023-02-01 09:13:49.411 [info] From github.com:cuneytoghan/terraform-aws-3tier
 * branch            main       -> FETCH_HEAD
2023-02-01 09:13:49.539 [info] > git ls-files --stage -- /home/ec2-user/TestTerraform/terraform-aws-3tier/main.tf [3ms]
2023-02-01 09:13:49.555 [info] > git cat-file -s 55a0a5af8af38aa7cf6a9ea5e410851a0798c506 [1ms]
2023-02-01 09:13:49.709 [info] > git show --textconv :main.tf [4ms]
2023-02-01 09:13:50.768 [info] > git ls-files --stage -- /home/ec2-user/TestTerraform/terraform-aws-3tier/main.tf [8ms]
2023-02-01 09:13:50.819 [info] > git cat-file -s 55a0a5af8af38aa7cf6a9ea5e410851a0798c506 [14ms]
2023-02-01 09:13:50.986 [info] > git show --textconv :main.tf [8ms]
2023-02-01 09:14:19.116 [info] > git push origin main:main [29692ms]
2023-02-01 09:14:19.116 [info] remote: error: Trace: 8a13fc32d47c7531bff2347f412debe44a80c7e276f412150703b91d5911cd39        
remote: error: See http://git.io/iEPt8g for more information.        
remote: error: File .terraform/providers/registry.terraform.io/hashicorp/aws/4.52.0/linux_amd64/terraform-provider-aws_v4.52.0_x5 is 323.14 MB; this exceeds GitHub's file size limit of 100.00 MB        
remote: error: GH001: Large files detected. You may want to try Git Large File Storage - https://git-lfs.github.com.        
To github.com:cuneytoghan/terraform-aws-3tier.git
 ! [remote rejected] main -> main (pre-receive hook declined)
error: failed to push some refs to 'github.com:cuneytoghan/terraform-aws-3tier.git'
2023-02-01 09:15:05.112 [info] > git config --get commit.template [7ms]
2023-02-01 09:15:05.113 [info] > git for-each-ref --format=%(refname)%00%(upstream:short)%00%(objectname)%00%(upstream:track)%00%(upstream:remotename)%00%(upstream:remoteref) refs/heads/main refs/remotes/main [2ms]
2023-02-01 09:15:05.126 [info] > git status -z -uall [7ms]
2023-02-01 09:15:05.127 [info] > git for-each-ref --sort -committerdate --format %(refname) %(objectname) %(*objectname) [1ms]
2023-02-01 09:15:10.165 [info] > git config --get commit.template [21ms]
2023-02-01 09:15:10.173 [info] > git for-each-ref --format=%(refname)%00%(upstream:short)%00%(objectname)%00%(upstream:track)%00%(upstream:remotename)%00%(upstream:remoteref) refs/heads/main refs/remotes/main [11ms]
2023-02-01 09:15:10.232 [info] > git status -z -uall [29ms]
2023-02-01 09:15:10.237 [info] > git for-each-ref --sort -committerdate --format %(refname) %(objectname) %(*objectname) [7ms]
2023-02-01 09:15:14.216 [info] > git config --get commit.template [21ms]
2023-02-01 09:15:14.219 [info] > git for-each-ref --format=%(refname)%00%(upstream:short)%00%(objectname)%00%(upstream:track)%00%(upstream:remotename)%00%(upstream:remoteref) refs/heads/main refs/remotes/main [6ms]
2023-02-01 09:15:14.261 [info] > git status -z -uall [22ms]
2023-02-01 09:15:14.265 [info] > git for-each-ref --sort -committerdate --format %(refname) %(objectname) %(*objectname) [3ms]
2023-02-01 09:15:15.894 [info] > git log --oneline --cherry main...main@{upstream} -- [5ms]
2023-02-01 09:15:17.338 [info] > git ls-files --stage -- /home/ec2-user/TestTerraform/terraform-aws-3tier/main.tf [1ms]
2023-02-01 09:15:17.347 [info] > git cat-file -s 55a0a5af8af38aa7cf6a9ea5e410851a0798c506 [2ms]
2023-02-01 09:15:17.354 [info] > git pull --tags origin main [1446ms]
2023-02-01 09:15:17.354 [info] From github.com:cuneytoghan/terraform-aws-3tier
 * branch            main       -> FETCH_HEAD
2023-02-01 09:15:17.483 [info] > git show --textconv :main.tf [2ms]
2023-02-01 09:15:18.670 [info] > git ls-files --stage -- /home/ec2-user/TestTerraform/terraform-aws-3tier/main.tf [2ms]
2023-02-01 09:15:18.682 [info] > git cat-file -s 55a0a5af8af38aa7cf6a9ea5e410851a0798c506 [3ms]
2023-02-01 09:15:18.831 [info] > git show --textconv :main.tf [4ms]
2023-02-01 09:15:46.983 [info] > git push origin main:main [29623ms]
2023-02-01 09:15:46.983 [info] remote: error: Trace: b17c61c7b1f548c63ff479bbd6af6046bcee77a5c87a8590d1b62001027d0ff5        
remote: error: See http://git.io/iEPt8g for more information.        
remote: error: File .terraform/providers/registry.terraform.io/hashicorp/aws/4.52.0/linux_amd64/terraform-provider-aws_v4.52.0_x5 is 323.14 MB; this exceeds GitHub's file size limit of 100.00 MB        
remote: error: GH001: Large files detected. You may want to try Git Large File Storage - https://git-lfs.github.com.        
To github.com:cuneytoghan/terraform-aws-3tier.git
 ! [remote rejected] main -> main (pre-receive hook declined)
error: failed to push some refs to 'github.com:cuneytoghan/terraform-aws-3tier.git'
2023-02-01 09:20:02.424 [info] > git config --get commit.template [16ms]
2023-02-01 09:20:02.433 [info] > git for-each-ref --format=%(refname)%00%(upstream:short)%00%(objectname)%00%(upstream:track)%00%(upstream:remotename)%00%(upstream:remoteref) refs/heads/main refs/remotes/main [10ms]
2023-02-01 09:20:02.461 [info] > git status -z -uall [15ms]
2023-02-01 09:20:02.464 [info] > git for-each-ref --sort -committerdate --format %(refname) %(objectname) %(*objectname) [5ms]
2023-02-01 09:20:02.636 [info] > git ls-files --stage -- /home/ec2-user/TestTerraform/terraform-aws-3tier/main.tf [2ms]
2023-02-01 09:20:02.650 [info] > git cat-file -s 55a0a5af8af38aa7cf6a9ea5e410851a0798c506 [2ms]
2023-02-01 09:20:02.790 [info] > git show --textconv :main.tf [1ms]
2023-02-01 09:23:10.401 [info] > git push origin main:main [28873ms]
2023-02-01 09:23:10.402 [info] remote: error: Trace: 1bd22b66bb84379649c4a68bb60c1a1f134fc18767767182a9c6f31b748cac59        
remote: error: See http://git.io/iEPt8g for more information.        
remote: error: File .terraform/providers/registry.terraform.io/hashicorp/aws/4.52.0/linux_amd64/terraform-provider-aws_v4.52.0_x5 is 323.14 MB; this exceeds GitHub's file size limit of 100.00 MB        
remote: error: GH001: Large files detected. You may want to try Git Large File Storage - https://git-lfs.github.com.        
To github.com:cuneytoghan/terraform-aws-3tier.git
 ! [remote rejected] main -> main (pre-receive hook declined)
error: failed to push some refs to 'github.com:cuneytoghan/terraform-aws-3tier.git'
2023-02-01 09:23:24.190 [info] > git check-ignore -v -z --stdin [2ms]
2023-02-01 09:23:25.002 [info] > git check-ignore -v -z --stdin [9ms]
2023-02-01 09:29:50.142 [info] > git config --get commit.template [13ms]
2023-02-01 09:29:50.149 [info] > git for-each-ref --format=%(refname)%00%(upstream:short)%00%(objectname)%00%(upstream:track)%00%(upstream:remotename)%00%(upstream:remoteref) refs/heads/main refs/remotes/main [7ms]
2023-02-01 09:29:50.168 [info] > git status -z -uall [10ms]
2023-02-01 09:29:50.171 [info] > git for-each-ref --sort -committerdate --format %(refname) %(objectname) %(*objectname) [4ms]
2023-02-01 09:29:51.251 [info] > git check-ignore -v -z --stdin [1ms]
2023-02-01 09:29:58.571 [info] > git config --get commit.template [29ms]
2023-02-01 09:29:58.573 [info] > git for-each-ref --format=%(refname)%00%(upstream:short)%00%(objectname)%00%(upstream:track)%00%(upstream:remotename)%00%(upstream:remoteref) refs/heads/main refs/remotes/main [10ms]
2023-02-01 09:29:58.626 [info] > git status -z -uall [24ms]
2023-02-01 09:29:58.632 [info] > git for-each-ref --sort -committerdate --format %(refname) %(objectname) %(*objectname) [8ms]
2023-02-01 09:30:43.304 [info] > git add -A -- . [2ms]
2023-02-01 09:30:43.305 [info] warning: adding embedded git repository: terraform-aws-3tier
hint: You've added another git repository inside your current repository.
hint: Clones of the outer repository will not contain the contents of
hint: the embedded repository and will not know how to obtain it.
hint: If you meant to add a submodule, use:
hint: 
hint: 	git submodule add <url> terraform-aws-3tier
hint: 
hint: If you added this path by mistake, you can remove it from the
hint: index with:
hint: 
hint: 	git rm --cached terraform-aws-3tier
hint: 
hint: See "git help submodule" for more information.
2023-02-01 09:30:43.330 [info] > git -c user.useConfigOnly=true commit --quiet --allow-empty-message --file - [19ms]
2023-02-01 09:30:43.375 [info] > git config --get commit.template [22ms]
2023-02-01 09:30:43.438 [info] > git config --get commit.template [45ms]
2023-02-01 09:30:43.448 [info] > git for-each-ref --format=%(refname)%00%(upstream:short)%00%(objectname)%00%(upstream:track)%00%(upstream:remotename)%00%(upstream:remoteref) refs/heads/main refs/remotes/main [4ms]
2023-02-01 09:30:43.469 [info] > git status -z -uall [11ms]
2023-02-01 09:30:43.471 [info] > git for-each-ref --sort -committerdate --format %(refname) %(objectname) %(*objectname) [3ms]
2023-02-01 09:30:43.652 [info] > git config --get commit.template [9ms]
2023-02-01 09:30:43.653 [info] > git for-each-ref --format=%(refname)%00%(upstream:short)%00%(objectname)%00%(upstream:track)%00%(upstream:remotename)%00%(upstream:remoteref) refs/heads/main refs/remotes/main [2ms]
2023-02-01 09:30:43.674 [info] > git status -z -uall [14ms]
2023-02-01 09:30:43.675 [info] > git for-each-ref --sort -committerdate --format %(refname) %(objectname) %(*objectname) [2ms]
2023-02-01 09:30:44.804 [info] > git ls-files --stage -- /home/ec2-user/TestTerraform/terraform-aws-3tier/main.tf [1ms]
2023-02-01 09:30:44.814 [info] > git cat-file -s 55a0a5af8af38aa7cf6a9ea5e410851a0798c506 [2ms]
2023-02-01 09:30:44.958 [info] > git show --textconv :main.tf [6ms]
2023-02-01 09:31:15.357 [info] > git push origin main:main [28527ms]
2023-02-01 09:31:15.357 [info] remote: error: Trace: 269799226af6f86cbde1b2a05b844307d9d4eefc9b8dfe47782bcf8043cbf447        
remote: error: See http://git.io/iEPt8g for more information.        
remote: error: File .terraform/providers/registry.terraform.io/hashicorp/aws/4.52.0/linux_amd64/terraform-provider-aws_v4.52.0_x5 is 323.14 MB; this exceeds GitHub's file size limit of 100.00 MB        
remote: error: GH001: Large files detected. You may want to try Git Large File Storage - https://git-lfs.github.com.        
To github.com:cuneytoghan/terraform-aws-3tier.git
 ! [remote rejected] main -> main (pre-receive hook declined)
error: failed to push some refs to 'github.com:cuneytoghan/terraform-aws-3tier.git'
2023-02-01 09:31:52.176 [info] > git log --oneline --cherry main...main@{upstream} -- [4ms]
2023-02-01 09:31:53.736 [info] > git pull --tags origin main [1544ms]
2023-02-01 09:31:53.736 [info] From github.com:cuneytoghan/terraform-aws-3tier
 * branch            main       -> FETCH_HEAD
2023-02-01 09:32:24.188 [info] > git push origin main:main [30445ms]
2023-02-01 09:32:24.188 [info] remote: error: Trace: 13e0667f352f269384b67d21d5566b978a2224ad6045fde663d107d536924f3a        
remote: error: See http://git.io/iEPt8g for more information.        
remote: error: File .terraform/providers/registry.terraform.io/hashicorp/aws/4.52.0/linux_amd64/terraform-provider-aws_v4.52.0_x5 is 323.14 MB; this exceeds GitHub's file size limit of 100.00 MB        
remote: error: GH001: Large files detected. You may want to try Git Large File Storage - https://git-lfs.github.com.        
To github.com:cuneytoghan/terraform-aws-3tier.git
 ! [remote rejected] main -> main (pre-receive hook declined)
error: failed to push some refs to 'github.com:cuneytoghan/terraform-aws-3tier.git'
2023-02-01 09:32:28.601 [info] > git rev-parse --show-toplevel [5ms]
2023-02-01 09:32:28.601 [info] fatal: not a git repository (or any of the parent directories): .git
