2023-02-01 16:57:02.563 [info] Log level: Info
2023-02-01 16:57:02.563 [info] Validating found git in: "git"
2023-02-01 16:57:02.563 [info] Using git "2.38.1" from "git"
2023-02-01 16:57:02.563 [info] > git rev-parse --show-toplevel [55ms]
2023-02-01 16:57:02.563 [info] fatal: not a git repository (or any of the parent directories): .git
2023-02-01 16:57:02.564 [info] > git rev-parse --show-toplevel [1ms]
2023-02-01 16:57:02.564 [info] > git rev-parse --git-dir --git-common-dir [1ms]
2023-02-01 16:57:02.564 [info] Open repository: /home/ec2-user/TestTerraform/terraform-aws-3tier
2023-02-01 16:57:02.564 [info] > git rev-parse --show-toplevel [8ms]
2023-02-01 16:57:02.564 [info] fatal: not a git repository (or any of the parent directories): .git
2023-02-01 16:57:02.564 [info] > git config --get commit.template [8ms]
2023-02-01 16:57:02.564 [info] > git rev-parse --show-toplevel [8ms]
2023-02-01 16:57:02.564 [info] fatal: not a git repository (or any of the parent directories): .git
2023-02-01 16:57:02.564 [info] > git for-each-ref --format=%(refname)%00%(upstream:short)%00%(objectname)%00%(upstream:track)%00%(upstream:remotename)%00%(upstream:remoteref) refs/heads/main refs/remotes/main [7ms]
2023-02-01 16:57:02.564 [info] > git status -z -uall [8ms]
2023-02-01 16:57:02.564 [info] > git rev-parse --show-toplevel [15ms]
2023-02-01 16:57:02.564 [info] fatal: not a git repository (or any of the parent directories): .git
2023-02-01 16:57:02.564 [info] > git for-each-ref --sort -committerdate --format %(refname) %(objectname) %(*objectname) [8ms]
2023-02-01 16:57:02.564 [info] > git rev-parse --show-toplevel [11ms]
2023-02-01 16:57:02.564 [info] fatal: not a git repository (or any of the parent directories): .git
2023-02-01 16:57:02.564 [info] > git config --get commit.template [5ms]
2023-02-01 16:57:02.564 [info] > git for-each-ref --format=%(refname)%00%(upstream:short)%00%(objectname)%00%(upstream:track)%00%(upstream:remotename)%00%(upstream:remoteref) refs/heads/main refs/remotes/main [2ms]
2023-02-01 16:57:02.564 [info] > git status -z -uall [6ms]
2023-02-01 16:57:02.564 [info] > git for-each-ref --sort -committerdate --format %(refname) %(objectname) %(*objectname) [1ms]
2023-02-01 16:57:02.564 [info] > git show --textconv :instance.tf [7ms]
2023-02-01 16:57:02.564 [info] > git ls-files --stage -- /home/ec2-user/TestTerraform/terraform-aws-3tier/instance.tf [2ms]
2023-02-01 16:57:02.564 [info] > git cat-file -s bf2b16dbf5100c3e8f91a8008b08ac3230824b93 [2ms]
2023-02-01 16:57:02.564 [info] > git check-ignore -v -z --stdin [2ms]
2023-02-01 16:57:02.564 [info] > git rev-parse --show-toplevel [7ms]
2023-02-01 16:57:02.564 [info] fatal: not a git repository (or any of the parent directories): .git
2023-02-01 16:57:02.564 [info] > git rev-parse --show-toplevel [1ms]
2023-02-01 16:57:02.564 [info] fatal: not a git repository (or any of the parent directories): .git
2023-02-01 16:57:02.564 [info] > git rev-parse --show-toplevel [6ms]
2023-02-01 16:57:02.564 [info] fatal: not a git repository (or any of the parent directories): .git
2023-02-01 16:57:12.546 [info] > git show --textconv :main.tf [13ms]
2023-02-01 16:57:12.548 [info] > git ls-files --stage -- /home/ec2-user/TestTerraform/terraform-aws-3tier/main.tf [2ms]
2023-02-01 16:57:12.554 [info] > git cat-file -s d680f0812828c98c9e2405d1d0b3c4fb87583e3d [2ms]
2023-02-01 16:57:21.196 [info] > git config --get commit.template [6ms]
2023-02-01 16:57:21.197 [info] > git for-each-ref --format=%(refname)%00%(upstream:short)%00%(objectname)%00%(upstream:track)%00%(upstream:remotename)%00%(upstream:remoteref) refs/heads/main refs/remotes/main [2ms]
2023-02-01 16:57:21.212 [info] > git status -z -uall [10ms]
2023-02-01 16:57:21.214 [info] > git for-each-ref --sort -committerdate --format %(refname) %(objectname) %(*objectname) [3ms]
2023-02-01 16:57:26.239 [info] > git config --get commit.template [11ms]
2023-02-01 16:57:26.241 [info] > git for-each-ref --format=%(refname)%00%(upstream:short)%00%(objectname)%00%(upstream:track)%00%(upstream:remotename)%00%(upstream:remoteref) refs/heads/main refs/remotes/main [3ms]
2023-02-01 16:57:26.258 [info] > git status -z -uall [9ms]
2023-02-01 16:57:26.260 [info] > git for-each-ref --sort -committerdate --format %(refname) %(objectname) %(*objectname) [2ms]
2023-02-01 16:57:31.691 [info] > git config --get commit.template [6ms]
2023-02-01 16:57:31.692 [info] > git for-each-ref --format=%(refname)%00%(upstream:short)%00%(objectname)%00%(upstream:track)%00%(upstream:remotename)%00%(upstream:remoteref) refs/heads/main refs/remotes/main [2ms]
2023-02-01 16:57:31.713 [info] > git status -z -uall [13ms]
2023-02-01 16:57:31.714 [info] > git for-each-ref --sort -committerdate --format %(refname) %(objectname) %(*objectname) [2ms]
2023-02-01 16:57:37.132 [info] > git config --get commit.template [2ms]
2023-02-01 16:57:37.138 [info] > git for-each-ref --format=%(refname)%00%(upstream:short)%00%(objectname)%00%(upstream:track)%00%(upstream:remotename)%00%(upstream:remoteref) refs/heads/main refs/remotes/main [2ms]
2023-02-01 16:57:37.150 [info] > git status -z -uall [6ms]
2023-02-01 16:57:37.151 [info] > git for-each-ref --sort -committerdate --format %(refname) %(objectname) %(*objectname) [2ms]
2023-02-01 16:57:44.030 [info] > git config --get commit.template [20ms]
2023-02-01 16:57:44.031 [info] > git for-each-ref --format=%(refname)%00%(upstream:short)%00%(objectname)%00%(upstream:track)%00%(upstream:remotename)%00%(upstream:remoteref) refs/heads/main refs/remotes/main [14ms]
2023-02-01 16:57:44.056 [info] > git status -z -uall [13ms]
2023-02-01 16:57:44.058 [info] > git for-each-ref --sort -committerdate --format %(refname) %(objectname) %(*objectname) [2ms]
2023-02-01 16:57:49.094 [info] > git config --get commit.template [13ms]
2023-02-01 16:57:49.095 [info] > git for-each-ref --format=%(refname)%00%(upstream:short)%00%(objectname)%00%(upstream:track)%00%(upstream:remotename)%00%(upstream:remoteref) refs/heads/main refs/remotes/main [5ms]
2023-02-01 16:57:49.121 [info] > git status -z -uall [16ms]
2023-02-01 16:57:49.124 [info] > git for-each-ref --sort -committerdate --format %(refname) %(objectname) %(*objectname) [5ms]
2023-02-01 16:57:57.227 [info] > git config --get commit.template [6ms]
2023-02-01 16:57:57.228 [info] > git for-each-ref --format=%(refname)%00%(upstream:short)%00%(objectname)%00%(upstream:track)%00%(upstream:remotename)%00%(upstream:remoteref) refs/heads/main refs/remotes/main [2ms]
2023-02-01 16:57:57.239 [info] > git status -z -uall [6ms]
2023-02-01 16:57:57.240 [info] > git for-each-ref --sort -committerdate --format %(refname) %(objectname) %(*objectname) [2ms]
2023-02-01 16:58:43.094 [info] > git config --get commit.template [6ms]
2023-02-01 16:58:43.125 [info] > git for-each-ref --format=%(refname)%00%(upstream:short)%00%(objectname)%00%(upstream:track)%00%(upstream:remotename)%00%(upstream:remoteref) refs/heads/main refs/remotes/main [5ms]
2023-02-01 16:58:43.156 [info] > git status -z -uall [16ms]
2023-02-01 16:58:43.160 [info] > git for-each-ref --sort -committerdate --format %(refname) %(objectname) %(*objectname) [5ms]
2023-02-01 16:59:10.333 [info] > git config --get commit.template [13ms]
2023-02-01 16:59:10.336 [info] > git for-each-ref --format=%(refname)%00%(upstream:short)%00%(objectname)%00%(upstream:track)%00%(upstream:remotename)%00%(upstream:remoteref) refs/heads/main refs/remotes/main [4ms]
2023-02-01 16:59:10.355 [info] > git for-each-ref --sort -committerdate --format %(refname) %(objectname) %(*objectname) [5ms]
2023-02-01 16:59:10.357 [info] > git status -z -uall [15ms]
2023-02-01 16:59:10.939 [info] > git check-ignore -v -z --stdin [11ms]
2023-02-01 16:59:26.025 [info] > git config --get commit.template [6ms]
2023-02-01 16:59:26.026 [info] > git for-each-ref --format=%(refname)%00%(upstream:short)%00%(objectname)%00%(upstream:track)%00%(upstream:remotename)%00%(upstream:remoteref) refs/heads/main refs/remotes/main [3ms]
2023-02-01 16:59:26.036 [info] > git status -z -uall [5ms]
2023-02-01 16:59:26.037 [info] > git for-each-ref --sort -committerdate --format %(refname) %(objectname) %(*objectname) [3ms]
2023-02-01 16:59:38.327 [info] > git config --get commit.template [6ms]
2023-02-01 16:59:38.328 [info] > git for-each-ref --format=%(refname)%00%(upstream:short)%00%(objectname)%00%(upstream:track)%00%(upstream:remotename)%00%(upstream:remoteref) refs/heads/main refs/remotes/main [2ms]
2023-02-01 16:59:38.345 [info] > git status -z -uall [8ms]
2023-02-01 16:59:38.346 [info] > git for-each-ref --sort -committerdate --format %(refname) %(objectname) %(*objectname) [3ms]
2023-02-01 16:59:43.364 [info] > git config --get commit.template [7ms]
2023-02-01 16:59:43.365 [info] > git for-each-ref --format=%(refname)%00%(upstream:short)%00%(objectname)%00%(upstream:track)%00%(upstream:remotename)%00%(upstream:remoteref) refs/heads/main refs/remotes/main [2ms]
2023-02-01 16:59:43.375 [info] > git status -z -uall [6ms]
2023-02-01 16:59:43.380 [info] > git for-each-ref --sort -committerdate --format %(refname) %(objectname) %(*objectname) [6ms]
2023-02-01 16:59:48.399 [info] > git config --get commit.template [10ms]
2023-02-01 16:59:48.403 [info] > git for-each-ref --format=%(refname)%00%(upstream:short)%00%(objectname)%00%(upstream:track)%00%(upstream:remotename)%00%(upstream:remoteref) refs/heads/main refs/remotes/main [4ms]
2023-02-01 16:59:48.419 [info] > git status -z -uall [6ms]
2023-02-01 16:59:48.425 [info] > git for-each-ref --sort -committerdate --format %(refname) %(objectname) %(*objectname) [6ms]
2023-02-01 16:59:53.444 [info] > git config --get commit.template [9ms]
2023-02-01 16:59:53.446 [info] > git for-each-ref --format=%(refname)%00%(upstream:short)%00%(objectname)%00%(upstream:track)%00%(upstream:remotename)%00%(upstream:remoteref) refs/heads/main refs/remotes/main [3ms]
2023-02-01 16:59:53.459 [info] > git status -z -uall [6ms]
2023-02-01 16:59:53.461 [info] > git for-each-ref --sort -committerdate --format %(refname) %(objectname) %(*objectname) [3ms]
2023-02-01 17:00:00.236 [info] > git config --get commit.template [6ms]
2023-02-01 17:00:00.255 [info] > git for-each-ref --format=%(refname)%00%(upstream:short)%00%(objectname)%00%(upstream:track)%00%(upstream:remotename)%00%(upstream:remoteref) refs/heads/main refs/remotes/main [4ms]
2023-02-01 17:00:00.295 [info] > git status -z -uall [12ms]
2023-02-01 17:00:00.296 [info] > git for-each-ref --sort -committerdate --format %(refname) %(objectname) %(*objectname) [2ms]
2023-02-01 17:00:05.333 [info] > git config --get commit.template [11ms]
2023-02-01 17:00:05.333 [info] > git for-each-ref --format=%(refname)%00%(upstream:short)%00%(objectname)%00%(upstream:track)%00%(upstream:remotename)%00%(upstream:remoteref) refs/heads/main refs/remotes/main [1ms]
2023-02-01 17:00:05.349 [info] > git status -z -uall [10ms]
2023-02-01 17:00:05.351 [info] > git for-each-ref --sort -committerdate --format %(refname) %(objectname) %(*objectname) [3ms]
2023-02-01 17:00:30.947 [info] > git config --get commit.template [16ms]
2023-02-01 17:00:30.948 [info] > git for-each-ref --format=%(refname)%00%(upstream:short)%00%(objectname)%00%(upstream:track)%00%(upstream:remotename)%00%(upstream:remoteref) refs/heads/main refs/remotes/main [5ms]
2023-02-01 17:00:30.972 [info] > git status -z -uall [16ms]
2023-02-01 17:00:30.974 [info] > git for-each-ref --sort -committerdate --format %(refname) %(objectname) %(*objectname) [3ms]
2023-02-01 17:00:32.470 [info] > git show --textconv :sg.tf [15ms]
2023-02-01 17:00:32.471 [info] > git ls-files --stage -- /home/ec2-user/TestTerraform/terraform-aws-3tier/sg.tf [4ms]
2023-02-01 17:00:32.485 [info] > git cat-file -s 477246c1c31535954d38a90db095950624791cef [5ms]
2023-02-01 17:00:36.017 [info] > git config --get commit.template [28ms]
2023-02-01 17:00:36.019 [info] > git for-each-ref --format=%(refname)%00%(upstream:short)%00%(objectname)%00%(upstream:track)%00%(upstream:remotename)%00%(upstream:remoteref) refs/heads/main refs/remotes/main [4ms]
2023-02-01 17:00:36.066 [info] > git status -z -uall [33ms]
2023-02-01 17:00:36.069 [info] > git for-each-ref --sort -committerdate --format %(refname) %(objectname) %(*objectname) [11ms]
2023-02-01 17:00:54.311 [info] > git config --get commit.template [14ms]
2023-02-01 17:00:54.312 [info] > git for-each-ref --format=%(refname)%00%(upstream:short)%00%(objectname)%00%(upstream:track)%00%(upstream:remotename)%00%(upstream:remoteref) refs/heads/main refs/remotes/main [4ms]
2023-02-01 17:00:54.341 [info] > git status -z -uall [14ms]
2023-02-01 17:00:54.345 [info] > git for-each-ref --sort -committerdate --format %(refname) %(objectname) %(*objectname) [5ms]
2023-02-01 17:00:59.367 [info] > git config --get commit.template [11ms]
2023-02-01 17:00:59.368 [info] > git for-each-ref --format=%(refname)%00%(upstream:short)%00%(objectname)%00%(upstream:track)%00%(upstream:remotename)%00%(upstream:remoteref) refs/heads/main refs/remotes/main [3ms]
2023-02-01 17:00:59.391 [info] > git status -z -uall [12ms]
2023-02-01 17:00:59.393 [info] > git for-each-ref --sort -committerdate --format %(refname) %(objectname) %(*objectname) [4ms]
2023-02-01 17:01:06.596 [info] > git config --get commit.template [6ms]
2023-02-01 17:01:06.597 [info] > git for-each-ref --format=%(refname)%00%(upstream:short)%00%(objectname)%00%(upstream:track)%00%(upstream:remotename)%00%(upstream:remoteref) refs/heads/main refs/remotes/main [2ms]
2023-02-01 17:01:06.612 [info] > git status -z -uall [11ms]
2023-02-01 17:01:06.616 [info] > git for-each-ref --sort -committerdate --format %(refname) %(objectname) %(*objectname) [5ms]
2023-02-01 17:01:11.632 [info] > git config --get commit.template [8ms]
2023-02-01 17:01:11.633 [info] > git for-each-ref --format=%(refname)%00%(upstream:short)%00%(objectname)%00%(upstream:track)%00%(upstream:remotename)%00%(upstream:remoteref) refs/heads/main refs/remotes/main [2ms]
2023-02-01 17:01:11.665 [info] > git status -z -uall [15ms]
2023-02-01 17:01:11.678 [info] > git for-each-ref --sort -committerdate --format %(refname) %(objectname) %(*objectname) [12ms]
2023-02-01 17:01:16.693 [info] > git config --get commit.template [5ms]
2023-02-01 17:01:16.693 [info] > git for-each-ref --format=%(refname)%00%(upstream:short)%00%(objectname)%00%(upstream:track)%00%(upstream:remotename)%00%(upstream:remoteref) refs/heads/main refs/remotes/main [1ms]
2023-02-01 17:01:16.703 [info] > git status -z -uall [5ms]
2023-02-01 17:01:16.706 [info] > git for-each-ref --sort -committerdate --format %(refname) %(objectname) %(*objectname) [3ms]
2023-02-01 17:01:21.719 [info] > git config --get commit.template [5ms]
2023-02-01 17:01:21.720 [info] > git for-each-ref --format=%(refname)%00%(upstream:short)%00%(objectname)%00%(upstream:track)%00%(upstream:remotename)%00%(upstream:remoteref) refs/heads/main refs/remotes/main [2ms]
2023-02-01 17:01:21.731 [info] > git status -z -uall [7ms]
2023-02-01 17:01:21.733 [info] > git for-each-ref --sort -committerdate --format %(refname) %(objectname) %(*objectname) [3ms]
2023-02-01 17:01:44.753 [info] > git config --get commit.template [4ms]
2023-02-01 17:01:44.770 [info] > git for-each-ref --format=%(refname)%00%(upstream:short)%00%(objectname)%00%(upstream:track)%00%(upstream:remotename)%00%(upstream:remoteref) refs/heads/main refs/remotes/main [4ms]
2023-02-01 17:01:44.799 [info] > git status -z -uall [16ms]
2023-02-01 17:01:44.801 [info] > git for-each-ref --sort -committerdate --format %(refname) %(objectname) %(*objectname) [6ms]
2023-02-01 17:01:49.826 [info] > git config --get commit.template [15ms]
2023-02-01 17:01:49.829 [info] > git for-each-ref --format=%(refname)%00%(upstream:short)%00%(objectname)%00%(upstream:track)%00%(upstream:remotename)%00%(upstream:remoteref) refs/heads/main refs/remotes/main [4ms]
2023-02-01 17:01:49.849 [info] > git status -z -uall [10ms]
2023-02-01 17:01:49.850 [info] > git for-each-ref --sort -committerdate --format %(refname) %(objectname) %(*objectname) [2ms]
2023-02-01 17:02:05.132 [info] > git config --get commit.template [12ms]
2023-02-01 17:02:05.133 [info] > git for-each-ref --format=%(refname)%00%(upstream:short)%00%(objectname)%00%(upstream:track)%00%(upstream:remotename)%00%(upstream:remoteref) refs/heads/main refs/remotes/main [2ms]
2023-02-01 17:02:05.155 [info] > git status -z -uall [14ms]
2023-02-01 17:02:05.159 [info] > git for-each-ref --sort -committerdate --format %(refname) %(objectname) %(*objectname) [5ms]
2023-02-01 17:02:12.798 [info] > git config --get commit.template [8ms]
2023-02-01 17:02:12.799 [info] > git for-each-ref --format=%(refname)%00%(upstream:short)%00%(objectname)%00%(upstream:track)%00%(upstream:remotename)%00%(upstream:remoteref) refs/heads/main refs/remotes/main [2ms]
2023-02-01 17:02:12.817 [info] > git status -z -uall [8ms]
2023-02-01 17:02:12.818 [info] > git for-each-ref --sort -committerdate --format %(refname) %(objectname) %(*objectname) [2ms]
2023-02-01 17:02:32.961 [info] > git config --get commit.template [7ms]
2023-02-01 17:02:32.961 [info] > git for-each-ref --format=%(refname)%00%(upstream:short)%00%(objectname)%00%(upstream:track)%00%(upstream:remotename)%00%(upstream:remoteref) refs/heads/main refs/remotes/main [1ms]
2023-02-01 17:02:32.979 [info] > git status -z -uall [13ms]
2023-02-01 17:02:32.983 [info] > git for-each-ref --sort -committerdate --format %(refname) %(objectname) %(*objectname) [4ms]
2023-02-01 17:02:38.019 [info] > git config --get commit.template [27ms]
2023-02-01 17:02:38.024 [info] > git for-each-ref --format=%(refname)%00%(upstream:short)%00%(objectname)%00%(upstream:track)%00%(upstream:remotename)%00%(upstream:remoteref) refs/heads/main refs/remotes/main [8ms]
2023-02-01 17:02:38.058 [info] > git status -z -uall [18ms]
2023-02-01 17:02:38.067 [info] > git for-each-ref --sort -committerdate --format %(refname) %(objectname) %(*objectname) [8ms]
2023-02-01 17:03:53.060 [info] > git rev-parse --show-toplevel [5ms]
2023-02-01 17:03:53.061 [info] fatal: not a git repository (or any of the parent directories): .git
2023-02-01 17:04:37.833 [info] > git config --get commit.template [13ms]
2023-02-01 17:04:37.835 [info] > git for-each-ref --format=%(refname)%00%(upstream:short)%00%(objectname)%00%(upstream:track)%00%(upstream:remotename)%00%(upstream:remoteref) refs/heads/main refs/remotes/main [4ms]
2023-02-01 17:04:37.856 [info] > git status -z -uall [10ms]
2023-02-01 17:04:37.858 [info] > git for-each-ref --sort -committerdate --format %(refname) %(objectname) %(*objectname) [1ms]
2023-02-01 17:04:42.882 [info] > git config --get commit.template [16ms]
2023-02-01 17:04:42.886 [info] > git for-each-ref --format=%(refname)%00%(upstream:short)%00%(objectname)%00%(upstream:track)%00%(upstream:remotename)%00%(upstream:remoteref) refs/heads/main refs/remotes/main [5ms]
2023-02-01 17:04:42.908 [info] > git status -z -uall [11ms]
2023-02-01 17:04:42.909 [info] > git for-each-ref --sort -committerdate --format %(refname) %(objectname) %(*objectname) [2ms]
2023-02-01 17:04:47.934 [info] > git config --get commit.template [7ms]
2023-02-01 17:04:47.937 [info] > git for-each-ref --format=%(refname)%00%(upstream:short)%00%(objectname)%00%(upstream:track)%00%(upstream:remotename)%00%(upstream:remoteref) refs/heads/main refs/remotes/main [4ms]
2023-02-01 17:04:47.948 [info] > git status -z -uall [6ms]
2023-02-01 17:04:47.950 [info] > git for-each-ref --sort -committerdate --format %(refname) %(objectname) %(*objectname) [1ms]
2023-02-01 17:04:52.963 [info] > git config --get commit.template [6ms]
2023-02-01 17:04:52.964 [info] > git for-each-ref --format=%(refname)%00%(upstream:short)%00%(objectname)%00%(upstream:track)%00%(upstream:remotename)%00%(upstream:remoteref) refs/heads/main refs/remotes/main [2ms]
2023-02-01 17:04:52.974 [info] > git status -z -uall [6ms]
2023-02-01 17:04:52.975 [info] > git for-each-ref --sort -committerdate --format %(refname) %(objectname) %(*objectname) [2ms]
2023-02-01 17:04:57.996 [info] > git config --get commit.template [7ms]
2023-02-01 17:04:57.997 [info] > git for-each-ref --format=%(refname)%00%(upstream:short)%00%(objectname)%00%(upstream:track)%00%(upstream:remotename)%00%(upstream:remoteref) refs/heads/main refs/remotes/main [2ms]
2023-02-01 17:04:58.014 [info] > git status -z -uall [10ms]
2023-02-01 17:04:58.016 [info] > git for-each-ref --sort -committerdate --format %(refname) %(objectname) %(*objectname) [3ms]
2023-02-01 17:05:03.507 [info] > git config --get commit.template [20ms]
2023-02-01 17:05:03.515 [info] > git for-each-ref --format=%(refname)%00%(upstream:short)%00%(objectname)%00%(upstream:track)%00%(upstream:remotename)%00%(upstream:remoteref) refs/heads/main refs/remotes/main [9ms]
2023-02-01 17:05:03.575 [info] > git status -z -uall [36ms]
2023-02-01 17:05:03.596 [info] > git for-each-ref --sort -committerdate --format %(refname) %(objectname) %(*objectname) [21ms]
2023-02-01 17:05:08.619 [info] > git config --get commit.template [11ms]
2023-02-01 17:05:08.621 [info] > git for-each-ref --format=%(refname)%00%(upstream:short)%00%(objectname)%00%(upstream:track)%00%(upstream:remotename)%00%(upstream:remoteref) refs/heads/main refs/remotes/main [5ms]
2023-02-01 17:05:08.646 [info] > git status -z -uall [12ms]
2023-02-01 17:05:08.648 [info] > git for-each-ref --sort -committerdate --format %(refname) %(objectname) %(*objectname) [1ms]
2023-02-01 17:05:13.685 [info] > git config --get commit.template [19ms]
2023-02-01 17:05:13.691 [info] > git for-each-ref --format=%(refname)%00%(upstream:short)%00%(objectname)%00%(upstream:track)%00%(upstream:remotename)%00%(upstream:remoteref) refs/heads/main refs/remotes/main [7ms]
2023-02-01 17:05:13.707 [info] > git status -z -uall [9ms]
2023-02-01 17:05:13.710 [info] > git for-each-ref --sort -committerdate --format %(refname) %(objectname) %(*objectname) [4ms]
2023-02-01 17:05:18.730 [info] > git config --get commit.template [10ms]
2023-02-01 17:05:18.730 [info] > git for-each-ref --format=%(refname)%00%(upstream:short)%00%(objectname)%00%(upstream:track)%00%(upstream:remotename)%00%(upstream:remoteref) refs/heads/main refs/remotes/main [5ms]
2023-02-01 17:05:18.742 [info] > git status -z -uall [6ms]
2023-02-01 17:05:18.743 [info] > git for-each-ref --sort -committerdate --format %(refname) %(objectname) %(*objectname) [2ms]
2023-02-01 17:05:41.945 [info] > git config --get commit.template [10ms]
2023-02-01 17:05:41.954 [info] > git for-each-ref --format=%(refname)%00%(upstream:short)%00%(objectname)%00%(upstream:track)%00%(upstream:remotename)%00%(upstream:remoteref) refs/heads/main refs/remotes/main [10ms]
2023-02-01 17:05:41.975 [info] > git for-each-ref --sort -committerdate --format %(refname) %(objectname) %(*objectname) [3ms]
2023-02-01 17:05:41.978 [info] > git status -z -uall [13ms]
2023-02-01 17:05:46.995 [info] > git config --get commit.template [8ms]
2023-02-01 17:05:46.996 [info] > git for-each-ref --format=%(refname)%00%(upstream:short)%00%(objectname)%00%(upstream:track)%00%(upstream:remotename)%00%(upstream:remoteref) refs/heads/main refs/remotes/main [3ms]
2023-02-01 17:05:47.009 [info] > git status -z -uall [7ms]
2023-02-01 17:05:47.011 [info] > git for-each-ref --sort -committerdate --format %(refname) %(objectname) %(*objectname) [3ms]
2023-02-01 17:05:52.027 [info] > git config --get commit.template [6ms]
2023-02-01 17:05:52.027 [info] > git for-each-ref --format=%(refname)%00%(upstream:short)%00%(objectname)%00%(upstream:track)%00%(upstream:remotename)%00%(upstream:remoteref) refs/heads/main refs/remotes/main [3ms]
2023-02-01 17:05:52.042 [info] > git status -z -uall [6ms]
2023-02-01 17:05:52.043 [info] > git for-each-ref --sort -committerdate --format %(refname) %(objectname) %(*objectname) [2ms]
2023-02-01 17:07:07.729 [info] > git config --get commit.template [12ms]
2023-02-01 17:07:07.730 [info] > git for-each-ref --format=%(refname)%00%(upstream:short)%00%(objectname)%00%(upstream:track)%00%(upstream:remotename)%00%(upstream:remoteref) refs/heads/main refs/remotes/main [3ms]
2023-02-01 17:07:07.742 [info] > git status -z -uall [7ms]
2023-02-01 17:07:07.743 [info] > git for-each-ref --sort -committerdate --format %(refname) %(objectname) %(*objectname) [2ms]
2023-02-01 17:07:12.764 [info] > git config --get commit.template [2ms]
2023-02-01 17:07:12.790 [info] > git for-each-ref --format=%(refname)%00%(upstream:short)%00%(objectname)%00%(upstream:track)%00%(upstream:remotename)%00%(upstream:remoteref) refs/heads/main refs/remotes/main [4ms]
2023-02-01 17:07:12.820 [info] > git status -z -uall [16ms]
2023-02-01 17:07:12.823 [info] > git for-each-ref --sort -committerdate --format %(refname) %(objectname) %(*objectname) [3ms]
2023-02-01 17:07:17.839 [info] > git config --get commit.template [6ms]
2023-02-01 17:07:17.839 [info] > git for-each-ref --format=%(refname)%00%(upstream:short)%00%(objectname)%00%(upstream:track)%00%(upstream:remotename)%00%(upstream:remoteref) refs/heads/main refs/remotes/main [1ms]
2023-02-01 17:07:17.850 [info] > git status -z -uall [6ms]
2023-02-01 17:07:17.851 [info] > git for-each-ref --sort -committerdate --format %(refname) %(objectname) %(*objectname) [2ms]
2023-02-01 17:07:34.616 [info] > git config --get commit.template [10ms]
2023-02-01 17:07:34.618 [info] > git for-each-ref --format=%(refname)%00%(upstream:short)%00%(objectname)%00%(upstream:track)%00%(upstream:remotename)%00%(upstream:remoteref) refs/heads/main refs/remotes/main [2ms]
2023-02-01 17:07:34.631 [info] > git status -z -uall [6ms]
2023-02-01 17:07:34.632 [info] > git for-each-ref --sort -committerdate --format %(refname) %(objectname) %(*objectname) [1ms]
2023-02-01 17:07:39.650 [info] > git config --get commit.template [7ms]
2023-02-01 17:07:39.657 [info] > git for-each-ref --format=%(refname)%00%(upstream:short)%00%(objectname)%00%(upstream:track)%00%(upstream:remotename)%00%(upstream:remoteref) refs/heads/main refs/remotes/main [8ms]
2023-02-01 17:07:39.672 [info] > git status -z -uall [7ms]
2023-02-01 17:07:39.673 [info] > git for-each-ref --sort -committerdate --format %(refname) %(objectname) %(*objectname) [2ms]
2023-02-01 17:07:44.702 [info] > git config --get commit.template [16ms]
2023-02-01 17:07:44.703 [info] > git for-each-ref --format=%(refname)%00%(upstream:short)%00%(objectname)%00%(upstream:track)%00%(upstream:remotename)%00%(upstream:remoteref) refs/heads/main refs/remotes/main [3ms]
2023-02-01 17:07:44.735 [info] > git status -z -uall [19ms]
2023-02-01 17:07:44.740 [info] > git for-each-ref --sort -committerdate --format %(refname) %(objectname) %(*objectname) [8ms]
2023-02-01 17:07:53.734 [info] > git config --get commit.template [6ms]
2023-02-01 17:07:53.736 [info] > git for-each-ref --format=%(refname)%00%(upstream:short)%00%(objectname)%00%(upstream:track)%00%(upstream:remotename)%00%(upstream:remoteref) refs/heads/main refs/remotes/main [3ms]
2023-02-01 17:07:53.750 [info] > git status -z -uall [9ms]
2023-02-01 17:07:53.751 [info] > git for-each-ref --sort -committerdate --format %(refname) %(objectname) %(*objectname) [2ms]
2023-02-01 17:08:10.812 [info] > git config --get commit.template [9ms]
2023-02-01 17:08:10.815 [info] > git for-each-ref --format=%(refname)%00%(upstream:short)%00%(objectname)%00%(upstream:track)%00%(upstream:remotename)%00%(upstream:remoteref) refs/heads/main refs/remotes/main [3ms]
2023-02-01 17:08:10.834 [info] > git status -z -uall [10ms]
2023-02-01 17:08:10.837 [info] > git for-each-ref --sort -committerdate --format %(refname) %(objectname) %(*objectname) [4ms]
2023-02-01 17:08:15.853 [info] > git config --get commit.template [6ms]
2023-02-01 17:08:15.854 [info] > git for-each-ref --format=%(refname)%00%(upstream:short)%00%(objectname)%00%(upstream:track)%00%(upstream:remotename)%00%(upstream:remoteref) refs/heads/main refs/remotes/main [2ms]
2023-02-01 17:08:15.865 [info] > git status -z -uall [6ms]
2023-02-01 17:08:15.866 [info] > git for-each-ref --sort -committerdate --format %(refname) %(objectname) %(*objectname) [2ms]
2023-02-01 17:09:07.187 [info] > git checkout -q -- /home/ec2-user/TestTerraform/terraform-aws-3tier/instance.tf [5ms]
2023-02-01 17:09:07.204 [info] > git config --get commit.template [6ms]
2023-02-01 17:09:07.205 [info] > git for-each-ref --format=%(refname)%00%(upstream:short)%00%(objectname)%00%(upstream:track)%00%(upstream:remotename)%00%(upstream:remoteref) refs/heads/main refs/remotes/main [2ms]
2023-02-01 17:09:07.221 [info] > git status -z -uall [9ms]
2023-02-01 17:09:07.222 [info] > git for-each-ref --sort -committerdate --format %(refname) %(objectname) %(*objectname) [3ms]
2023-02-01 17:09:08.431 [info] > git config --get commit.template [12ms]
2023-02-01 17:09:08.434 [info] > git for-each-ref --format=%(refname)%00%(upstream:short)%00%(objectname)%00%(upstream:track)%00%(upstream:remotename)%00%(upstream:remoteref) refs/heads/main refs/remotes/main [5ms]
2023-02-01 17:09:08.475 [info] > git status -z -uall [26ms]
2023-02-01 17:09:08.478 [info] > git for-each-ref --sort -committerdate --format %(refname) %(objectname) %(*objectname) [6ms]
2023-02-01 17:09:08.705 [info] > git ls-files --stage -- /home/ec2-user/TestTerraform/terraform-aws-3tier/main.tf [24ms]
2023-02-01 17:09:08.716 [info] > git ls-files --stage -- /home/ec2-user/TestTerraform/terraform-aws-3tier/instance.tf [42ms]
2023-02-01 17:09:08.731 [info] > git cat-file -s d680f0812828c98c9e2405d1d0b3c4fb87583e3d [16ms]
2023-02-01 17:09:08.733 [info] > git ls-files --stage -- /home/ec2-user/TestTerraform/terraform-aws-3tier/sg.tf [35ms]
2023-02-01 17:09:08.746 [info] > git cat-file -s bf2b16dbf5100c3e8f91a8008b08ac3230824b93 [16ms]
2023-02-01 17:09:08.749 [info] > git cat-file -s 477246c1c31535954d38a90db095950624791cef [10ms]
2023-02-01 17:09:08.927 [info] > git show --textconv :main.tf [35ms]
2023-02-01 17:09:08.927 [info] > git show --textconv :instance.tf [22ms]
2023-02-01 17:09:08.930 [info] > git show --textconv :sg.tf [2ms]
2023-02-01 17:09:17.942 [info] > git checkout -q -- /home/ec2-user/TestTerraform/terraform-aws-3tier/main.tf [8ms]
2023-02-01 17:09:17.968 [info] > git config --get commit.template [17ms]
2023-02-01 17:09:17.970 [info] > git for-each-ref --format=%(refname)%00%(upstream:short)%00%(objectname)%00%(upstream:track)%00%(upstream:remotename)%00%(upstream:remoteref) refs/heads/main refs/remotes/main [4ms]
2023-02-01 17:09:17.987 [info] > git status -z -uall [8ms]
2023-02-01 17:09:17.988 [info] > git for-each-ref --sort -committerdate --format %(refname) %(objectname) %(*objectname) [2ms]
2023-02-01 17:09:19.208 [info] > git config --get commit.template [16ms]
2023-02-01 17:09:19.212 [info] > git for-each-ref --format=%(refname)%00%(upstream:short)%00%(objectname)%00%(upstream:track)%00%(upstream:remotename)%00%(upstream:remoteref) refs/heads/main refs/remotes/main [5ms]
2023-02-01 17:09:19.256 [info] > git status -z -uall [25ms]
2023-02-01 17:09:19.272 [info] > git for-each-ref --sort -committerdate --format %(refname) %(objectname) %(*objectname) [25ms]
2023-02-01 17:09:19.446 [info] > git ls-files --stage -- /home/ec2-user/TestTerraform/terraform-aws-3tier/main.tf [8ms]
2023-02-01 17:09:19.453 [info] > git ls-files --stage -- /home/ec2-user/TestTerraform/terraform-aws-3tier/instance.tf [24ms]
2023-02-01 17:09:19.460 [info] > git cat-file -s d680f0812828c98c9e2405d1d0b3c4fb87583e3d [8ms]
2023-02-01 17:09:19.461 [info] > git ls-files --stage -- /home/ec2-user/TestTerraform/terraform-aws-3tier/sg.tf [18ms]
2023-02-01 17:09:19.469 [info] > git cat-file -s bf2b16dbf5100c3e8f91a8008b08ac3230824b93 [9ms]
2023-02-01 17:09:19.470 [info] > git cat-file -s 477246c1c31535954d38a90db095950624791cef [3ms]
2023-02-01 17:09:19.641 [info] > git show --textconv :main.tf [27ms]
2023-02-01 17:09:19.641 [info] > git show --textconv :instance.tf [10ms]
2023-02-01 17:09:19.642 [info] > git show --textconv :sg.tf [3ms]
2023-02-01 17:09:22.418 [info] > git checkout -q -- /home/ec2-user/TestTerraform/terraform-aws-3tier/sg.tf [5ms]
2023-02-01 17:09:22.447 [info] > git config --get commit.template [10ms]
2023-02-01 17:09:22.448 [info] > git for-each-ref --format=%(refname)%00%(upstream:short)%00%(objectname)%00%(upstream:track)%00%(upstream:remotename)%00%(upstream:remoteref) refs/heads/main refs/remotes/main [2ms]
2023-02-01 17:09:22.487 [info] > git status -z -uall [20ms]
2023-02-01 17:09:22.492 [info] > git for-each-ref --sort -committerdate --format %(refname) %(objectname) %(*objectname) [6ms]
2023-02-01 17:09:23.947 [info] > git ls-files --stage -- /home/ec2-user/TestTerraform/terraform-aws-3tier/main.tf [9ms]
2023-02-01 17:09:23.953 [info] > git ls-files --stage -- /home/ec2-user/TestTerraform/terraform-aws-3tier/instance.tf [22ms]
2023-02-01 17:09:23.960 [info] > git cat-file -s d680f0812828c98c9e2405d1d0b3c4fb87583e3d [7ms]
2023-02-01 17:09:23.961 [info] > git ls-files --stage -- /home/ec2-user/TestTerraform/terraform-aws-3tier/sg.tf [15ms]
2023-02-01 17:09:23.967 [info] > git cat-file -s bf2b16dbf5100c3e8f91a8008b08ac3230824b93 [8ms]
2023-02-01 17:09:23.968 [info] > git cat-file -s 477246c1c31535954d38a90db095950624791cef [2ms]
2023-02-01 17:09:24.135 [info] > git show --textconv :main.tf [22ms]
2023-02-01 17:09:24.135 [info] > git show --textconv :instance.tf [13ms]
2023-02-01 17:09:24.135 [info] > git show --textconv :sg.tf [2ms]
2023-02-01 17:09:24.287 [info] > git config --get commit.template [3ms]
2023-02-01 17:09:24.296 [info] > git for-each-ref --format=%(refname)%00%(upstream:short)%00%(objectname)%00%(upstream:track)%00%(upstream:remotename)%00%(upstream:remoteref) refs/heads/main refs/remotes/main [2ms]
2023-02-01 17:09:24.314 [info] > git status -z -uall [9ms]
2023-02-01 17:09:24.315 [info] > git for-each-ref --sort -committerdate --format %(refname) %(objectname) %(*objectname) [1ms]
2023-02-01 17:09:25.770 [info] > git checkout -q -- /home/ec2-user/TestTerraform/terraform-aws-3tier/terraform.tfstate [3ms]
2023-02-01 17:09:25.779 [info] > git config --get commit.template [2ms]
2023-02-01 17:09:25.785 [info] > git for-each-ref --format=%(refname)%00%(upstream:short)%00%(objectname)%00%(upstream:track)%00%(upstream:remotename)%00%(upstream:remoteref) refs/heads/main refs/remotes/main [2ms]
2023-02-01 17:09:25.795 [info] > git status -z -uall [5ms]
2023-02-01 17:09:25.796 [info] > git for-each-ref --sort -committerdate --format %(refname) %(objectname) %(*objectname) [2ms]
2023-02-01 17:09:27.244 [info] > git ls-files --stage -- /home/ec2-user/TestTerraform/terraform-aws-3tier/main.tf [6ms]
2023-02-01 17:09:27.248 [info] > git ls-files --stage -- /home/ec2-user/TestTerraform/terraform-aws-3tier/instance.tf [14ms]
2023-02-01 17:09:27.264 [info] > git cat-file -s d680f0812828c98c9e2405d1d0b3c4fb87583e3d [16ms]
2023-02-01 17:09:27.269 [info] > git ls-files --stage -- /home/ec2-user/TestTerraform/terraform-aws-3tier/sg.tf [26ms]
2023-02-01 17:09:27.286 [info] > git cat-file -s bf2b16dbf5100c3e8f91a8008b08ac3230824b93 [23ms]
2023-02-01 17:09:27.293 [info] > git cat-file -s 477246c1c31535954d38a90db095950624791cef [14ms]
2023-02-01 17:09:27.447 [info] > git show --textconv :main.tf [10ms]
2023-02-01 17:09:27.447 [info] > git show --textconv :instance.tf [5ms]
2023-02-01 17:09:27.448 [info] > git show --textconv :sg.tf [2ms]
2023-02-01 17:09:28.434 [info] > git checkout -q -- /home/ec2-user/TestTerraform/terraform-aws-3tier/terraform.tfstate.backup [3ms]
2023-02-01 17:09:28.446 [info] > git config --get commit.template [6ms]
2023-02-01 17:09:28.447 [info] > git for-each-ref --format=%(refname)%00%(upstream:short)%00%(objectname)%00%(upstream:track)%00%(upstream:remotename)%00%(upstream:remoteref) refs/heads/main refs/remotes/main [2ms]
2023-02-01 17:09:28.458 [info] > git status -z -uall [6ms]
2023-02-01 17:09:28.459 [info] > git for-each-ref --sort -committerdate --format %(refname) %(objectname) %(*objectname) [2ms]
2023-02-01 17:09:29.347 [info] > git config --get commit.template [21ms]
2023-02-01 17:09:29.350 [info] > git for-each-ref --format=%(refname)%00%(upstream:short)%00%(objectname)%00%(upstream:track)%00%(upstream:remotename)%00%(upstream:remoteref) refs/heads/main refs/remotes/main [3ms]
2023-02-01 17:09:29.369 [info] > git status -z -uall [12ms]
2023-02-01 17:09:29.371 [info] > git for-each-ref --sort -committerdate --format %(refname) %(objectname) %(*objectname) [1ms]
2023-02-01 17:09:29.918 [info] > git ls-files --stage -- /home/ec2-user/TestTerraform/terraform-aws-3tier/main.tf [13ms]
2023-02-01 17:09:29.928 [info] > git ls-files --stage -- /home/ec2-user/TestTerraform/terraform-aws-3tier/instance.tf [35ms]
2023-02-01 17:09:29.939 [info] > git cat-file -s d680f0812828c98c9e2405d1d0b3c4fb87583e3d [11ms]
2023-02-01 17:09:29.944 [info] > git ls-files --stage -- /home/ec2-user/TestTerraform/terraform-aws-3tier/sg.tf [28ms]
2023-02-01 17:09:29.953 [info] > git cat-file -s bf2b16dbf5100c3e8f91a8008b08ac3230824b93 [15ms]
2023-02-01 17:09:29.955 [info] > git cat-file -s 477246c1c31535954d38a90db095950624791cef [3ms]
2023-02-01 17:09:30.101 [info] > git show --textconv :main.tf [2ms]
2023-02-01 17:09:30.138 [info] > git show --textconv :instance.tf [7ms]
2023-02-01 17:09:30.140 [info] > git show --textconv :sg.tf [3ms]
2023-02-01 17:09:34.401 [info] > git config --get commit.template [16ms]
2023-02-01 17:09:34.402 [info] > git for-each-ref --format=%(refname)%00%(upstream:short)%00%(objectname)%00%(upstream:track)%00%(upstream:remotename)%00%(upstream:remoteref) refs/heads/main refs/remotes/main [4ms]
2023-02-01 17:09:34.430 [info] > git status -z -uall [16ms]
2023-02-01 17:09:34.431 [info] > git for-each-ref --sort -committerdate --format %(refname) %(objectname) %(*objectname) [2ms]
2023-02-01 17:09:54.475 [info] > git config --get commit.template [8ms]
2023-02-01 17:09:54.478 [info] > git for-each-ref --format=%(refname)%00%(upstream:short)%00%(objectname)%00%(upstream:track)%00%(upstream:remotename)%00%(upstream:remoteref) refs/heads/main refs/remotes/main [4ms]
2023-02-01 17:09:54.496 [info] > git for-each-ref --sort -committerdate --format %(refname) %(objectname) %(*objectname) [3ms]
2023-02-01 17:09:54.499 [info] > git status -z -uall [15ms]
2023-02-01 17:09:59.527 [info] > git config --get commit.template [10ms]
2023-02-01 17:09:59.528 [info] > git for-each-ref --format=%(refname)%00%(upstream:short)%00%(objectname)%00%(upstream:track)%00%(upstream:remotename)%00%(upstream:remoteref) refs/heads/main refs/remotes/main [2ms]
2023-02-01 17:09:59.542 [info] > git status -z -uall [7ms]
2023-02-01 17:09:59.543 [info] > git for-each-ref --sort -committerdate --format %(refname) %(objectname) %(*objectname) [2ms]
2023-02-01 17:10:04.557 [info] > git config --get commit.template [6ms]
2023-02-01 17:10:04.558 [info] > git for-each-ref --format=%(refname)%00%(upstream:short)%00%(objectname)%00%(upstream:track)%00%(upstream:remotename)%00%(upstream:remoteref) refs/heads/main refs/remotes/main [2ms]
2023-02-01 17:10:04.573 [info] > git status -z -uall [8ms]
2023-02-01 17:10:04.574 [info] > git for-each-ref --sort -committerdate --format %(refname) %(objectname) %(*objectname) [3ms]
2023-02-01 17:10:12.632 [info] > git config --get commit.template [13ms]
2023-02-01 17:10:12.637 [info] > git for-each-ref --format=%(refname)%00%(upstream:short)%00%(objectname)%00%(upstream:track)%00%(upstream:remotename)%00%(upstream:remoteref) refs/heads/main refs/remotes/main [3ms]
2023-02-01 17:10:12.663 [info] > git status -z -uall [14ms]
2023-02-01 17:10:12.665 [info] > git for-each-ref --sort -committerdate --format %(refname) %(objectname) %(*objectname) [5ms]
2023-02-01 17:11:07.100 [info] > git config --get commit.template [6ms]
2023-02-01 17:11:07.101 [info] > git for-each-ref --format=%(refname)%00%(upstream:short)%00%(objectname)%00%(upstream:track)%00%(upstream:remotename)%00%(upstream:remoteref) refs/heads/main refs/remotes/main [2ms]
2023-02-01 17:11:07.115 [info] > git status -z -uall [7ms]
2023-02-01 17:11:07.116 [info] > git for-each-ref --sort -committerdate --format %(refname) %(objectname) %(*objectname) [2ms]
2023-02-01 17:11:16.912 [info] > git config --get commit.template [14ms]
2023-02-01 17:11:16.915 [info] > git for-each-ref --format=%(refname)%00%(upstream:short)%00%(objectname)%00%(upstream:track)%00%(upstream:remotename)%00%(upstream:remoteref) refs/heads/main refs/remotes/main [4ms]
2023-02-01 17:11:16.945 [info] > git status -z -uall [19ms]
2023-02-01 17:11:16.952 [info] > git for-each-ref --sort -committerdate --format %(refname) %(objectname) %(*objectname) [8ms]
2023-02-01 17:11:21.969 [info] > git config --get commit.template [8ms]
2023-02-01 17:11:21.970 [info] > git for-each-ref --format=%(refname)%00%(upstream:short)%00%(objectname)%00%(upstream:track)%00%(upstream:remotename)%00%(upstream:remoteref) refs/heads/main refs/remotes/main [2ms]
2023-02-01 17:11:21.981 [info] > git status -z -uall [7ms]
2023-02-01 17:11:21.982 [info] > git for-each-ref --sort -committerdate --format %(refname) %(objectname) %(*objectname) [1ms]
2023-02-01 17:11:35.321 [info] > git config --get commit.template [6ms]
2023-02-01 17:11:35.322 [info] > git for-each-ref --format=%(refname)%00%(upstream:short)%00%(objectname)%00%(upstream:track)%00%(upstream:remotename)%00%(upstream:remoteref) refs/heads/main refs/remotes/main [2ms]
2023-02-01 17:11:35.337 [info] > git status -z -uall [10ms]
2023-02-01 17:11:35.340 [info] > git for-each-ref --sort -committerdate --format %(refname) %(objectname) %(*objectname) [4ms]
2023-02-01 17:11:41.473 [info] > git for-each-ref --format=%(refname)%00%(upstream:short)%00%(objectname)%00%(upstream:track)%00%(upstream:remotename)%00%(upstream:remoteref) refs/heads/main refs/remotes/main [14ms]
2023-02-01 17:11:41.474 [info] > git config --get commit.template [38ms]
2023-02-01 17:11:41.490 [info] > git status -z -uall [8ms]
2023-02-01 17:11:41.491 [info] > git for-each-ref --sort -committerdate --format %(refname) %(objectname) %(*objectname) [3ms]
2023-02-01 17:11:48.980 [info] > git config --get commit.template [15ms]
2023-02-01 17:11:48.984 [info] > git for-each-ref --format=%(refname)%00%(upstream:short)%00%(objectname)%00%(upstream:track)%00%(upstream:remotename)%00%(upstream:remoteref) refs/heads/main refs/remotes/main [4ms]
2023-02-01 17:11:49.007 [info] > git status -z -uall [14ms]
2023-02-01 17:11:49.010 [info] > git for-each-ref --sort -committerdate --format %(refname) %(objectname) %(*objectname) [4ms]
2023-02-01 17:11:54.051 [info] > git config --get commit.template [24ms]
2023-02-01 17:11:54.055 [info] > git for-each-ref --format=%(refname)%00%(upstream:short)%00%(objectname)%00%(upstream:track)%00%(upstream:remotename)%00%(upstream:remoteref) refs/heads/main refs/remotes/main [6ms]
2023-02-01 17:11:54.088 [info] > git status -z -uall [19ms]
2023-02-01 17:11:54.091 [info] > git for-each-ref --sort -committerdate --format %(refname) %(objectname) %(*objectname) [6ms]
2023-02-01 17:14:36.479 [info] > git config --get commit.template [2ms]
2023-02-01 17:14:36.485 [info] > git for-each-ref --format=%(refname)%00%(upstream:short)%00%(objectname)%00%(upstream:track)%00%(upstream:remotename)%00%(upstream:remoteref) refs/heads/main refs/remotes/main [1ms]
2023-02-01 17:14:36.496 [info] > git status -z -uall [6ms]
2023-02-01 17:14:36.497 [info] > git for-each-ref --sort -committerdate --format %(refname) %(objectname) %(*objectname) [2ms]
2023-02-01 17:14:41.519 [info] > git config --get commit.template [9ms]
2023-02-01 17:14:41.520 [info] > git for-each-ref --format=%(refname)%00%(upstream:short)%00%(objectname)%00%(upstream:track)%00%(upstream:remotename)%00%(upstream:remoteref) refs/heads/main refs/remotes/main [3ms]
2023-02-01 17:14:41.533 [info] > git status -z -uall [7ms]
2023-02-01 17:14:41.536 [info] > git for-each-ref --sort -committerdate --format %(refname) %(objectname) %(*objectname) [4ms]
2023-02-01 17:14:54.777 [info] > git config --get commit.template [14ms]
2023-02-01 17:14:54.778 [info] > git for-each-ref --format=%(refname)%00%(upstream:short)%00%(objectname)%00%(upstream:track)%00%(upstream:remotename)%00%(upstream:remoteref) refs/heads/main refs/remotes/main [3ms]
2023-02-01 17:14:54.805 [info] > git status -z -uall [14ms]
2023-02-01 17:14:54.807 [info] > git for-each-ref --sort -committerdate --format %(refname) %(objectname) %(*objectname) [4ms]
2023-02-01 17:15:04.573 [info] > git config --get commit.template [11ms]
2023-02-01 17:15:04.577 [info] > git for-each-ref --format=%(refname)%00%(upstream:short)%00%(objectname)%00%(upstream:track)%00%(upstream:remotename)%00%(upstream:remoteref) refs/heads/main refs/remotes/main [5ms]
2023-02-01 17:15:04.609 [info] > git status -z -uall [20ms]
2023-02-01 17:15:04.610 [info] > git for-each-ref --sort -committerdate --format %(refname) %(objectname) %(*objectname) [3ms]
2023-02-01 17:15:09.628 [info] > git config --get commit.template [9ms]
2023-02-01 17:15:09.629 [info] > git for-each-ref --format=%(refname)%00%(upstream:short)%00%(objectname)%00%(upstream:track)%00%(upstream:remotename)%00%(upstream:remoteref) refs/heads/main refs/remotes/main [2ms]
2023-02-01 17:15:09.664 [info] > git status -z -uall [23ms]
2023-02-01 17:15:09.668 [info] > git for-each-ref --sort -committerdate --format %(refname) %(objectname) %(*objectname) [2ms]
2023-02-01 17:15:34.075 [info] > git config --get commit.template [8ms]
2023-02-01 17:15:34.075 [info] > git for-each-ref --format=%(refname)%00%(upstream:short)%00%(objectname)%00%(upstream:track)%00%(upstream:remotename)%00%(upstream:remoteref) refs/heads/main refs/remotes/main [2ms]
2023-02-01 17:15:34.090 [info] > git status -z -uall [8ms]
2023-02-01 17:15:34.092 [info] > git for-each-ref --sort -committerdate --format %(refname) %(objectname) %(*objectname) [2ms]
2023-02-01 17:16:22.105 [info] > git config --get commit.template [6ms]
2023-02-01 17:16:22.106 [info] > git for-each-ref --format=%(refname)%00%(upstream:short)%00%(objectname)%00%(upstream:track)%00%(upstream:remotename)%00%(upstream:remoteref) refs/heads/main refs/remotes/main [2ms]
2023-02-01 17:16:22.120 [info] > git status -z -uall [8ms]
2023-02-01 17:16:22.121 [info] > git for-each-ref --sort -committerdate --format %(refname) %(objectname) %(*objectname) [3ms]
2023-02-01 17:16:27.134 [info] > git config --get commit.template [6ms]
2023-02-01 17:16:27.135 [info] > git for-each-ref --format=%(refname)%00%(upstream:short)%00%(objectname)%00%(upstream:track)%00%(upstream:remotename)%00%(upstream:remoteref) refs/heads/main refs/remotes/main [2ms]
2023-02-01 17:16:27.146 [info] > git status -z -uall [6ms]
2023-02-01 17:16:27.147 [info] > git for-each-ref --sort -committerdate --format %(refname) %(objectname) %(*objectname) [2ms]
2023-02-01 17:16:32.165 [info] > git config --get commit.template [9ms]
2023-02-01 17:16:32.166 [info] > git for-each-ref --format=%(refname)%00%(upstream:short)%00%(objectname)%00%(upstream:track)%00%(upstream:remotename)%00%(upstream:remoteref) refs/heads/main refs/remotes/main [3ms]
2023-02-01 17:16:32.184 [info] > git status -z -uall [11ms]
2023-02-01 17:16:32.185 [info] > git for-each-ref --sort -committerdate --format %(refname) %(objectname) %(*objectname) [3ms]
2023-02-01 17:16:37.201 [info] > git config --get commit.template [6ms]
2023-02-01 17:16:37.202 [info] > git for-each-ref --format=%(refname)%00%(upstream:short)%00%(objectname)%00%(upstream:track)%00%(upstream:remotename)%00%(upstream:remoteref) refs/heads/main refs/remotes/main [2ms]
2023-02-01 17:16:37.218 [info] > git status -z -uall [9ms]
2023-02-01 17:16:37.219 [info] > git for-each-ref --sort -committerdate --format %(refname) %(objectname) %(*objectname) [2ms]
2023-02-01 17:17:09.788 [info] > git config --get commit.template [6ms]
2023-02-01 17:17:09.789 [info] > git for-each-ref --format=%(refname)%00%(upstream:short)%00%(objectname)%00%(upstream:track)%00%(upstream:remotename)%00%(upstream:remoteref) refs/heads/main refs/remotes/main [2ms]
2023-02-01 17:17:09.803 [info] > git status -z -uall [7ms]
2023-02-01 17:17:09.804 [info] > git for-each-ref --sort -committerdate --format %(refname) %(objectname) %(*objectname) [2ms]
2023-02-01 17:17:17.348 [info] > git config --get commit.template [9ms]
2023-02-01 17:17:17.349 [info] > git for-each-ref --format=%(refname)%00%(upstream:short)%00%(objectname)%00%(upstream:track)%00%(upstream:remotename)%00%(upstream:remoteref) refs/heads/main refs/remotes/main [2ms]
2023-02-01 17:17:17.366 [info] > git status -z -uall [9ms]
2023-02-01 17:17:17.373 [info] > git for-each-ref --sort -committerdate --format %(refname) %(objectname) %(*objectname) [7ms]
2023-02-01 17:17:22.391 [info] > git config --get commit.template [8ms]
2023-02-01 17:17:22.392 [info] > git for-each-ref --format=%(refname)%00%(upstream:short)%00%(objectname)%00%(upstream:track)%00%(upstream:remotename)%00%(upstream:remoteref) refs/heads/main refs/remotes/main [2ms]
2023-02-01 17:17:22.413 [info] > git status -z -uall [8ms]
2023-02-01 17:17:22.415 [info] > git for-each-ref --sort -committerdate --format %(refname) %(objectname) %(*objectname) [3ms]
2023-02-01 17:17:27.429 [info] > git config --get commit.template [6ms]
2023-02-01 17:17:27.431 [info] > git for-each-ref --format=%(refname)%00%(upstream:short)%00%(objectname)%00%(upstream:track)%00%(upstream:remotename)%00%(upstream:remoteref) refs/heads/main refs/remotes/main [2ms]
2023-02-01 17:17:27.442 [info] > git status -z -uall [7ms]
2023-02-01 17:17:27.443 [info] > git for-each-ref --sort -committerdate --format %(refname) %(objectname) %(*objectname) [2ms]
2023-02-01 17:17:34.404 [info] > git config --get commit.template [28ms]
2023-02-01 17:17:34.409 [info] > git for-each-ref --format=%(refname)%00%(upstream:short)%00%(objectname)%00%(upstream:track)%00%(upstream:remotename)%00%(upstream:remoteref) refs/heads/main refs/remotes/main [7ms]
2023-02-01 17:17:34.451 [info] > git status -z -uall [27ms]
2023-02-01 17:17:34.456 [info] > git for-each-ref --sort -committerdate --format %(refname) %(objectname) %(*objectname) [6ms]
2023-02-01 17:17:39.476 [info] > git config --get commit.template [9ms]
2023-02-01 17:17:39.478 [info] > git for-each-ref --format=%(refname)%00%(upstream:short)%00%(objectname)%00%(upstream:track)%00%(upstream:remotename)%00%(upstream:remoteref) refs/heads/main refs/remotes/main [4ms]
2023-02-01 17:17:39.494 [info] > git status -z -uall [9ms]
2023-02-01 17:17:39.496 [info] > git for-each-ref --sort -committerdate --format %(refname) %(objectname) %(*objectname) [2ms]
2023-02-01 17:17:45.525 [info] > git config --get commit.template [15ms]
2023-02-01 17:17:45.527 [info] > git for-each-ref --format=%(refname)%00%(upstream:short)%00%(objectname)%00%(upstream:track)%00%(upstream:remotename)%00%(upstream:remoteref) refs/heads/main refs/remotes/main [6ms]
2023-02-01 17:17:45.555 [info] > git status -z -uall [16ms]
2023-02-01 17:17:45.556 [info] > git for-each-ref --sort -committerdate --format %(refname) %(objectname) %(*objectname) [5ms]
2023-02-01 17:17:50.576 [info] > git config --get commit.template [9ms]
2023-02-01 17:17:50.577 [info] > git for-each-ref --format=%(refname)%00%(upstream:short)%00%(objectname)%00%(upstream:track)%00%(upstream:remotename)%00%(upstream:remoteref) refs/heads/main refs/remotes/main [2ms]
2023-02-01 17:17:50.599 [info] > git status -z -uall [11ms]
2023-02-01 17:17:50.600 [info] > git for-each-ref --sort -committerdate --format %(refname) %(objectname) %(*objectname) [3ms]
2023-02-01 17:17:57.156 [info] > git config --get commit.template [7ms]
2023-02-01 17:17:57.157 [info] > git for-each-ref --format=%(refname)%00%(upstream:short)%00%(objectname)%00%(upstream:track)%00%(upstream:remotename)%00%(upstream:remoteref) refs/heads/main refs/remotes/main [2ms]
2023-02-01 17:17:57.169 [info] > git status -z -uall [7ms]
2023-02-01 17:17:57.171 [info] > git for-each-ref --sort -committerdate --format %(refname) %(objectname) %(*objectname) [2ms]
2023-02-01 17:18:11.465 [info] > git config --get commit.template [1ms]
2023-02-01 17:18:11.471 [info] > git for-each-ref --format=%(refname)%00%(upstream:short)%00%(objectname)%00%(upstream:track)%00%(upstream:remotename)%00%(upstream:remoteref) refs/heads/main refs/remotes/main [2ms]
2023-02-01 17:18:11.483 [info] > git status -z -uall [6ms]
2023-02-01 17:18:11.485 [info] > git for-each-ref --sort -committerdate --format %(refname) %(objectname) %(*objectname) [1ms]
2023-02-01 17:18:16.497 [info] > git config --get commit.template [5ms]
2023-02-01 17:18:16.498 [info] > git for-each-ref --format=%(refname)%00%(upstream:short)%00%(objectname)%00%(upstream:track)%00%(upstream:remotename)%00%(upstream:remoteref) refs/heads/main refs/remotes/main [2ms]
2023-02-01 17:18:16.507 [info] > git status -z -uall [6ms]
2023-02-01 17:18:16.509 [info] > git for-each-ref --sort -committerdate --format %(refname) %(objectname) %(*objectname) [3ms]
2023-02-01 17:18:45.033 [info] > git config --get commit.template [13ms]
2023-02-01 17:18:45.036 [info] > git for-each-ref --format=%(refname)%00%(upstream:short)%00%(objectname)%00%(upstream:track)%00%(upstream:remotename)%00%(upstream:remoteref) refs/heads/main refs/remotes/main [3ms]
2023-02-01 17:18:45.054 [info] > git for-each-ref --sort -committerdate --format %(refname) %(objectname) %(*objectname) [3ms]
2023-02-01 17:18:45.056 [info] > git status -z -uall [13ms]
2023-02-01 17:18:50.119 [info] > git config --get commit.template [32ms]
2023-02-01 17:18:50.121 [info] > git for-each-ref --format=%(refname)%00%(upstream:short)%00%(objectname)%00%(upstream:track)%00%(upstream:remotename)%00%(upstream:remoteref) refs/heads/main refs/remotes/main [3ms]
2023-02-01 17:18:50.176 [info] > git status -z -uall [20ms]
2023-02-01 17:18:50.185 [info] > git for-each-ref --sort -committerdate --format %(refname) %(objectname) %(*objectname) [9ms]
2023-02-01 17:19:24.111 [info] > git config --get commit.template [7ms]
2023-02-01 17:19:24.114 [info] > git for-each-ref --format=%(refname)%00%(upstream:short)%00%(objectname)%00%(upstream:track)%00%(upstream:remotename)%00%(upstream:remoteref) refs/heads/main refs/remotes/main [3ms]
2023-02-01 17:19:24.131 [info] > git for-each-ref --sort -committerdate --format %(refname) %(objectname) %(*objectname) [3ms]
2023-02-01 17:19:24.135 [info] > git status -z -uall [15ms]
2023-02-01 17:19:29.831 [info] > git config --get commit.template [12ms]
2023-02-01 17:19:29.834 [info] > git for-each-ref --format=%(refname)%00%(upstream:short)%00%(objectname)%00%(upstream:track)%00%(upstream:remotename)%00%(upstream:remoteref) refs/heads/main refs/remotes/main [3ms]
2023-02-01 17:19:29.855 [info] > git status -z -uall [16ms]
2023-02-01 17:19:29.859 [info] > git for-each-ref --sort -committerdate --format %(refname) %(objectname) %(*objectname) [5ms]
2023-02-01 17:19:34.880 [info] > git config --get commit.template [8ms]
2023-02-01 17:19:34.880 [info] > git for-each-ref --format=%(refname)%00%(upstream:short)%00%(objectname)%00%(upstream:track)%00%(upstream:remotename)%00%(upstream:remoteref) refs/heads/main refs/remotes/main [3ms]
2023-02-01 17:19:34.903 [info] > git status -z -uall [13ms]
2023-02-01 17:19:34.904 [info] > git for-each-ref --sort -committerdate --format %(refname) %(objectname) %(*objectname) [2ms]
2023-02-01 17:19:42.773 [info] > git config --get commit.template [13ms]
2023-02-01 17:19:42.776 [info] > git for-each-ref --format=%(refname)%00%(upstream:short)%00%(objectname)%00%(upstream:track)%00%(upstream:remotename)%00%(upstream:remoteref) refs/heads/main refs/remotes/main [3ms]
2023-02-01 17:19:42.808 [info] > git status -z -uall [22ms]
2023-02-01 17:19:42.811 [info] > git for-each-ref --sort -committerdate --format %(refname) %(objectname) %(*objectname) [15ms]
2023-02-01 17:20:10.241 [info] > git config --get commit.template [6ms]
2023-02-01 17:20:10.242 [info] > git for-each-ref --format=%(refname)%00%(upstream:short)%00%(objectname)%00%(upstream:track)%00%(upstream:remotename)%00%(upstream:remoteref) refs/heads/main refs/remotes/main [2ms]
2023-02-01 17:20:10.253 [info] > git status -z -uall [6ms]
2023-02-01 17:20:10.254 [info] > git for-each-ref --sort -committerdate --format %(refname) %(objectname) %(*objectname) [1ms]
2023-02-01 17:20:19.335 [info] > git config --get commit.template [26ms]
2023-02-01 17:20:19.336 [info] > git for-each-ref --format=%(refname)%00%(upstream:short)%00%(objectname)%00%(upstream:track)%00%(upstream:remotename)%00%(upstream:remoteref) refs/heads/main refs/remotes/main [2ms]
2023-02-01 17:20:19.377 [info] > git status -z -uall [24ms]
2023-02-01 17:20:19.383 [info] > git for-each-ref --sort -committerdate --format %(refname) %(objectname) %(*objectname) [3ms]
2023-02-01 17:23:41.264 [info] > git add -A -- . [5ms]
2023-02-01 17:23:41.986 [info] > git rev-parse --show-toplevel [8ms]
2023-02-01 17:23:41.987 [info] fatal: not a git repository (or any of the parent directories): .git
2023-02-01 17:23:42.188 [info] > git show --textconv :.git/COMMIT_EDITMSG [5ms]
2023-02-01 17:23:42.190 [info] > git ls-files --stage -- /home/ec2-user/TestTerraform/terraform-aws-3tier/.git/COMMIT_EDITMSG [2ms]
2023-02-01 17:23:42.378 [info] > git check-ignore -v -z --stdin [2ms]
2023-02-01 17:23:42.901 [info] > git ls-files --stage -- /home/ec2-user/TestTerraform/terraform-aws-3tier/sg.tf [6ms]
2023-02-01 17:23:42.905 [info] > git ls-files --stage -- /home/ec2-user/TestTerraform/terraform-aws-3tier/main.tf [14ms]
2023-02-01 17:23:42.910 [info] > git ls-files --stage -- /home/ec2-user/TestTerraform/terraform-aws-3tier/instance.tf [23ms]
2023-02-01 17:23:42.915 [info] > git cat-file -s 43626c8c534b83174c8cc09b26c57ec7e7686511 [5ms]
2023-02-01 17:23:42.915 [info] > git cat-file -s 26236938c001c53a53e9ae0272d30e30d9369eca [10ms]
2023-02-01 17:23:42.915 [info] > git ls-files --stage -- /home/ec2-user/TestTerraform/terraform-aws-3tier/.git/COMMIT_EDITMSG [15ms]
2023-02-01 17:23:42.916 [info] > git cat-file -s 737f68b8e7b69ad79ee4b5a128a2ecc5afac72cb [2ms]
2023-02-01 17:23:43.078 [info] > git show --textconv :main.tf [17ms]
2023-02-01 17:23:43.078 [info] > git show --textconv :sg.tf [13ms]
2023-02-01 17:23:43.078 [info] > git show --textconv :.git/COMMIT_EDITMSG [6ms]
2023-02-01 17:23:43.078 [info] > git show --textconv :instance.tf [2ms]
2023-02-01 17:27:07.425 [info] > git -c user.useConfigOnly=true commit --quiet [206156ms]
2023-02-01 17:27:07.425 [info] Aborting commit due to empty commit message.
