2023-02-01 08:19:27.890 [info] Extension host with pid 3994 started
2023-02-01 08:19:27.900 [info] Lock '/home/ec2-user/.vscode-server/data/User/workspaceStorage/ec57b2316ea98b72d2fc52e967931074/vscode.lock': Lock acquired.
2023-02-01 08:19:28.063 [info] ExtensionService#_doActivateExtension vscode.git-base, startup: true, activationEvent: '*', root cause: vscode.git
2023-02-01 08:19:28.245 [info] ExtensionService#_doActivateExtension vscode.git, startup: true, activationEvent: '*'
2023-02-01 08:19:28.245 [info] ExtensionService#_doActivateExtension vscode.github, startup: true, activationEvent: '*'
2023-02-01 08:19:28.524 [info] ExtensionService#_doActivateExtension vscode.debug-auto-launch, startup: false, activationEvent: 'onStartupFinished'
2023-02-01 08:19:28.524 [info] ExtensionService#_doActivateExtension vscode.emmet, startup: false, activationEvent: 'onStartupFinished'
2023-02-01 08:19:28.525 [info] ExtensionService#_doActivateExtension vscode.merge-conflict, startup: false, activationEvent: 'onStartupFinished'
2023-02-01 08:19:28.525 [info] Eager extensions activated
2023-02-01 08:25:35.475 [info] ExtensionService#_doActivateExtension vscode.extension-editing, startup: false, activationEvent: 'onLanguage:ignore'
2023-02-01 08:25:35.477 [info] ExtensionService#_doActivateExtension vscode.npm, startup: false, activationEvent: 'onLanguage:ignore'
2023-02-01 08:25:51.628 [info] ExtensionService#_doActivateExtension vscode.markdown-language-features, startup: false, activationEvent: 'onLanguage:markdown'
2023-02-01 08:25:52.791 [info] ExtensionService#_doActivateExtension vscode.markdown-math, startup: false, activationEvent: 'api', root cause: vscode.markdown-language-features
2023-02-01 09:08:50.795 [error] Error: spawn git ENOENT
	at Process.ChildProcess._handle.onexit (node:internal/child_process:283:19)
	at onErrorNT (node:internal/child_process:478:16)
	at processTicksAndRejections (node:internal/process/task_queues:83:21)
2023-02-01 09:08:50.795 [error] Error: spawn git ENOENT
	at Process.ChildProcess._handle.onexit (node:internal/child_process:283:19)
	at onErrorNT (node:internal/child_process:478:16)
	at processTicksAndRejections (node:internal/process/task_queues:83:21)
2023-02-01 09:08:50.796 [error] Error: spawn git ENOENT
	at Process.ChildProcess._handle.onexit (node:internal/child_process:283:19)
	at onErrorNT (node:internal/child_process:478:16)
	at processTicksAndRejections (node:internal/process/task_queues:83:21)
2023-02-01 09:08:50.796 [error] Error: spawn git ENOENT
	at Process.ChildProcess._handle.onexit (node:internal/child_process:283:19)
	at onErrorNT (node:internal/child_process:478:16)
	at processTicksAndRejections (node:internal/process/task_queues:83:21)
2023-02-01 09:08:50.796 [error] Error: spawn git ENOENT
	at Process.ChildProcess._handle.onexit (node:internal/child_process:283:19)
	at onErrorNT (node:internal/child_process:478:16)
	at processTicksAndRejections (node:internal/process/task_queues:83:21)
2023-02-01 09:08:50.797 [error] Error: spawn git ENOENT
	at Process.ChildProcess._handle.onexit (node:internal/child_process:283:19)
	at onErrorNT (node:internal/child_process:478:16)
	at processTicksAndRejections (node:internal/process/task_queues:83:21)
2023-02-01 09:08:51.798 [error] Error: spawn git ENOENT
	at Process.ChildProcess._handle.onexit (node:internal/child_process:283:19)
	at onErrorNT (node:internal/child_process:478:16)
	at processTicksAndRejections (node:internal/process/task_queues:83:21)
2023-02-01 09:08:51.798 [error] Error: spawn git ENOENT
	at Process.ChildProcess._handle.onexit (node:internal/child_process:283:19)
	at onErrorNT (node:internal/child_process:478:16)
	at processTicksAndRejections (node:internal/process/task_queues:83:21)
2023-02-01 09:08:51.798 [error] Error: spawn git ENOENT
	at Process.ChildProcess._handle.onexit (node:internal/child_process:283:19)
	at onErrorNT (node:internal/child_process:478:16)
	at processTicksAndRejections (node:internal/process/task_queues:83:21)
2023-02-01 09:08:51.799 [error] Error: spawn git ENOENT
	at Process.ChildProcess._handle.onexit (node:internal/child_process:283:19)
	at onErrorNT (node:internal/child_process:478:16)
	at processTicksAndRejections (node:internal/process/task_queues:83:21)
2023-02-01 09:08:51.799 [error] Error: spawn git ENOENT
	at Process.ChildProcess._handle.onexit (node:internal/child_process:283:19)
	at onErrorNT (node:internal/child_process:478:16)
	at processTicksAndRejections (node:internal/process/task_queues:83:21)
2023-02-01 09:08:51.799 [error] Error: spawn git ENOENT
	at Process.ChildProcess._handle.onexit (node:internal/child_process:283:19)
	at onErrorNT (node:internal/child_process:478:16)
	at processTicksAndRejections (node:internal/process/task_queues:83:21)
2023-02-01 09:32:41.230 [info] Extension host terminating: received terminate message from renderer
2023-02-01 09:32:41.231 [info] Lock '/home/ec2-user/.vscode-server/data/User/workspaceStorage/ec57b2316ea98b72d2fc52e967931074/vscode.lock': Marking the lockfile as scheduled to be released in 6000 ms.
2023-02-01 09:32:41.255 [info] Extension host with pid 3994 exiting with code 0
