2023-02-01 17:51:19.369 [info] Log level: Info
2023-02-01 17:51:19.369 [info] Validating found git in: "git"
2023-02-01 17:51:19.369 [info] Using git "2.38.1" from "git"
2023-02-01 17:51:19.369 [info] > git rev-parse --show-toplevel [106ms]
2023-02-01 17:51:19.369 [info] fatal: not a git repository (or any of the parent directories): .git
2023-02-01 17:51:19.369 [info] > git rev-parse --show-toplevel [6ms]
2023-02-01 17:51:19.369 [info] fatal: not a git repository (or any of the parent directories): .git
2023-02-01 17:51:19.369 [info] > git rev-parse --show-toplevel [8ms]
2023-02-01 17:51:19.369 [info] fatal: not a git repository (or any of the parent directories): .git
2023-02-01 17:51:19.369 [info] > git rev-parse --show-toplevel [2ms]
2023-02-01 17:51:19.369 [info] fatal: not a git repository (or any of the parent directories): .git
2023-02-01 17:51:19.369 [info] > git rev-parse --show-toplevel [6ms]
2023-02-01 17:51:19.370 [info] fatal: not a git repository (or any of the parent directories): .git
2023-02-01 17:51:19.370 [info] > git rev-parse --show-toplevel [4ms]
2023-02-01 17:51:19.370 [info] fatal: not a git repository (or any of the parent directories): .git
2023-02-01 17:51:19.370 [info] > git rev-parse --show-toplevel [24ms]
2023-02-01 17:51:19.370 [info] fatal: not a git repository (or any of the parent directories): .git
2023-02-01 17:51:19.370 [info] > git rev-parse --show-toplevel [2ms]
2023-02-01 17:51:19.370 [info] fatal: not a git repository (or any of the parent directories): .git
2023-02-01 17:54:24.940 [info] > git init [5ms]
2023-02-01 17:54:24.940 [info] hint: Using 'master' as the name for the initial branch. This default branch name
hint: is subject to change. To configure the initial branch name to use in all
hint: of your new repositories, which will suppress this warning, call:
hint: 
hint: 	git config --global init.defaultBranch <name>
hint: 
hint: Names commonly chosen instead of 'master' are 'main', 'trunk' and
hint: 'development'. The just-created branch can be renamed via this command:
hint: 
hint: 	git branch -m <name>
2023-02-01 17:54:24.947 [info] > git rev-parse --show-toplevel [2ms]
2023-02-01 17:54:24.954 [info] > git rev-parse --git-dir --git-common-dir [1ms]
2023-02-01 17:54:24.967 [info] Open repository: /home/ec2-user
2023-02-01 17:54:25.009 [warning] No remotes found in the git config file.
2023-02-01 17:54:25.014 [info] > git config --get commit.template [28ms]
2023-02-01 17:54:25.014 [info] > git for-each-ref --format=%(refname)%00%(upstream:short)%00%(objectname)%00%(upstream:track)%00%(upstream:remotename)%00%(upstream:remoteref) refs/heads/master refs/remotes/master [22ms]
2023-02-01 17:54:25.019 [info] > git remote --verbose [10ms]
2023-02-01 17:54:25.061 [info] > git status -z -uall [34ms]
2023-02-01 17:54:25.093 [info] > git for-each-ref --sort -committerdate --format %(refname) %(objectname) %(*objectname) [40ms]
2023-02-01 17:54:25.860 [warning] No remotes found in the git config file.
2023-02-01 17:54:25.862 [info] > git for-each-ref --format=%(refname)%00%(upstream:short)%00%(objectname)%00%(upstream:track)%00%(upstream:remotename)%00%(upstream:remoteref) refs/heads/master refs/remotes/master [8ms]
2023-02-01 17:54:25.863 [info] > git config --get commit.template [23ms]
2023-02-01 17:54:25.882 [info] > git remote --verbose [22ms]
2023-02-01 17:54:25.974 [info] > git status -z -uall [85ms]
2023-02-01 17:54:25.974 [info] > git for-each-ref --sort -committerdate --format %(refname) %(objectname) %(*objectname) [69ms]
2023-02-01 17:54:26.713 [info] > git check-ignore -v -z --stdin [32ms]
2023-02-01 17:54:26.754 [info] > git show --textconv :Terraform-aws-3tier/sg.tf [10ms]
2023-02-01 17:54:26.761 [info] > git ls-files --stage -- /home/ec2-user/Terraform-aws-3tier/sg.tf [8ms]
2023-02-01 17:54:27.237 [info] > git check-ignore -v -z --stdin [3ms]
2023-02-01 17:54:27.325 [info] > git ls-files --stage -- /home/ec2-user/Terraform-aws-3tier/sg.tf [2ms]
2023-02-01 17:54:27.470 [info] > git show --textconv :Terraform-aws-3tier/sg.tf [3ms]
2023-02-01 17:54:30.808 [info] > git add -A -- . [5834ms]
2023-02-01 17:54:30.930 [info] > git -c user.useConfigOnly=true commit --quiet --allow-empty-message --file - --allow-empty-message [116ms]
2023-02-01 17:54:30.937 [info] > git config --get commit.template [1ms]
2023-02-01 17:54:30.955 [warning] No remotes found in the git config file.
2023-02-01 17:54:30.956 [info] > git for-each-ref --format=%(refname)%00%(upstream:short)%00%(objectname)%00%(upstream:track)%00%(upstream:remotename)%00%(upstream:remoteref) refs/heads/master refs/remotes/master [5ms]
2023-02-01 17:54:30.956 [info] > git config --get commit.template [12ms]
2023-02-01 17:54:30.957 [info] > git remote --verbose [2ms]
2023-02-01 17:54:30.972 [info] > git for-each-ref --sort -committerdate --format %(refname) %(objectname) %(*objectname) [3ms]
2023-02-01 17:54:30.980 [info] > git status -z -uall [17ms]
2023-02-01 17:54:31.323 [warning] No remotes found in the git config file.
2023-02-01 17:54:31.324 [info] > git for-each-ref --format=%(refname)%00%(upstream:short)%00%(objectname)%00%(upstream:track)%00%(upstream:remotename)%00%(upstream:remoteref) refs/heads/master refs/remotes/master [6ms]
2023-02-01 17:54:31.325 [info] > git config --get commit.template [12ms]
2023-02-01 17:54:31.325 [info] > git remote --verbose [2ms]
2023-02-01 17:54:31.340 [info] > git for-each-ref --sort -committerdate --format %(refname) %(objectname) %(*objectname) [4ms]
2023-02-01 17:54:31.346 [info] > git status -z -uall [16ms]
2023-02-01 17:54:31.357 [info] > git remote add origin https://github.com/cuneytoghan/AWS-Terraform-3tier.git [2ms]
2023-02-01 17:54:31.369 [info] > git config --get commit.template [5ms]
2023-02-01 17:54:31.369 [info] > git for-each-ref --format=%(refname)%00%(upstream:short)%00%(objectname)%00%(upstream:track)%00%(upstream:remotename)%00%(upstream:remoteref) refs/heads/master refs/remotes/master [1ms]
2023-02-01 17:54:31.383 [info] > git for-each-ref --sort -committerdate --format %(refname) %(objectname) %(*objectname) [3ms]
2023-02-01 17:54:31.390 [info] > git status -z -uall [16ms]
2023-02-01 17:54:32.131 [info] > git check-ignore -v -z --stdin [1ms]
2023-02-01 17:54:32.852 [info] > git ls-files --stage -- /home/ec2-user/Terraform-aws-3tier/sg.tf [2ms]
2023-02-01 17:54:32.867 [info] > git cat-file -s 45a5c06b406663517adcba0f727ab0d855db9386 [1ms]
2023-02-01 17:54:33.035 [info] > git show --textconv :Terraform-aws-3tier/sg.tf [3ms]
2023-02-01 17:54:46.074 [info] > git push -u origin master [14676ms]
2023-02-01 17:54:46.074 [info] remote: warning: See http://git.io/iEPt8g for more information.        
remote: warning: File .vscode-server/bin/97dec172d3256f8ca4bfb2143f3f76b503ca0534/node is 76.60 MB; this is larger than GitHub's recommended maximum file size of 50.00 MB        
remote: warning: GH001: Large files detected. You may want to try Git Large File Storage - https://git-lfs.github.com.        
To https://github.com/cuneytoghan/AWS-Terraform-3tier.git
 * [new branch]      master -> master
2023-02-01 17:54:46.088 [info] > git config --get commit.template [7ms]
2023-02-01 17:54:46.089 [info] > git for-each-ref --format=%(refname)%00%(upstream:short)%00%(objectname)%00%(upstream:track)%00%(upstream:remotename)%00%(upstream:remoteref) refs/heads/master refs/remotes/master [1ms]
2023-02-01 17:54:46.106 [info] > git for-each-ref --sort -committerdate --format %(refname) %(objectname) %(*objectname) [3ms]
2023-02-01 17:54:46.111 [info] > git status -z -uall [16ms]
2023-02-01 17:54:47.557 [info] > git ls-files --stage -- /home/ec2-user/Terraform-aws-3tier/sg.tf [2ms]
2023-02-01 17:54:47.565 [info] > git cat-file -s 45a5c06b406663517adcba0f727ab0d855db9386 [2ms]
2023-02-01 17:54:47.713 [info] > git show --textconv :Terraform-aws-3tier/sg.tf [6ms]
2023-02-01 17:54:49.069 [info] > git config --get commit.template [3ms]
2023-02-01 17:54:49.078 [info] > git for-each-ref --format=%(refname)%00%(upstream:short)%00%(objectname)%00%(upstream:track)%00%(upstream:remotename)%00%(upstream:remoteref) refs/heads/master refs/remotes/master [2ms]
2023-02-01 17:54:49.107 [info] > git for-each-ref --sort -committerdate --format %(refname) %(objectname) %(*objectname) [5ms]
2023-02-01 17:54:49.109 [info] > git status -z -uall [21ms]
2023-02-01 17:54:54.148 [info] > git config --get commit.template [17ms]
2023-02-01 17:54:54.151 [info] > git for-each-ref --format=%(refname)%00%(upstream:short)%00%(objectname)%00%(upstream:track)%00%(upstream:remotename)%00%(upstream:remoteref) refs/heads/master refs/remotes/master [4ms]
2023-02-01 17:54:54.182 [info] > git for-each-ref --sort -committerdate --format %(refname) %(objectname) %(*objectname) [5ms]
2023-02-01 17:54:54.185 [info] > git status -z -uall [22ms]
2023-02-01 17:54:59.203 [info] > git config --get commit.template [8ms]
2023-02-01 17:54:59.204 [info] > git for-each-ref --format=%(refname)%00%(upstream:short)%00%(objectname)%00%(upstream:track)%00%(upstream:remotename)%00%(upstream:remoteref) refs/heads/master refs/remotes/master [2ms]
2023-02-01 17:54:59.225 [info] > git for-each-ref --sort -committerdate --format %(refname) %(objectname) %(*objectname) [4ms]
2023-02-01 17:54:59.232 [info] > git status -z -uall [19ms]
2023-02-01 17:55:04.270 [info] > git config --get commit.template [17ms]
2023-02-01 17:55:04.271 [info] > git for-each-ref --format=%(refname)%00%(upstream:short)%00%(objectname)%00%(upstream:track)%00%(upstream:remotename)%00%(upstream:remoteref) refs/heads/master refs/remotes/master [8ms]
2023-02-01 17:55:04.321 [info] > git for-each-ref --sort -committerdate --format %(refname) %(objectname) %(*objectname) [13ms]
2023-02-01 17:55:04.335 [info] > git status -z -uall [50ms]
2023-02-01 17:55:41.325 [info] > git config --get commit.template [2ms]
2023-02-01 17:55:41.332 [info] > git for-each-ref --format=%(refname)%00%(upstream:short)%00%(objectname)%00%(upstream:track)%00%(upstream:remotename)%00%(upstream:remoteref) refs/heads/master refs/remotes/master [2ms]
2023-02-01 17:55:41.346 [info] > git for-each-ref --sort -committerdate --format %(refname) %(objectname) %(*objectname) [3ms]
2023-02-01 17:55:41.355 [info] > git status -z -uall [18ms]
2023-02-01 17:55:46.368 [info] > git config --get commit.template [5ms]
2023-02-01 17:55:46.369 [info] > git for-each-ref --format=%(refname)%00%(upstream:short)%00%(objectname)%00%(upstream:track)%00%(upstream:remotename)%00%(upstream:remoteref) refs/heads/master refs/remotes/master [1ms]
2023-02-01 17:55:46.381 [info] > git for-each-ref --sort -committerdate --format %(refname) %(objectname) %(*objectname) [2ms]
2023-02-01 17:55:46.391 [info] > git status -z -uall [18ms]
2023-02-01 17:55:51.404 [info] > git config --get commit.template [6ms]
2023-02-01 17:55:51.405 [info] > git for-each-ref --format=%(refname)%00%(upstream:short)%00%(objectname)%00%(upstream:track)%00%(upstream:remotename)%00%(upstream:remoteref) refs/heads/master refs/remotes/master [2ms]
2023-02-01 17:55:51.419 [info] > git for-each-ref --sort -committerdate --format %(refname) %(objectname) %(*objectname) [4ms]
2023-02-01 17:55:51.428 [info] > git status -z -uall [18ms]
2023-02-01 17:55:56.439 [info] > git config --get commit.template [2ms]
2023-02-01 17:55:56.447 [info] > git for-each-ref --format=%(refname)%00%(upstream:short)%00%(objectname)%00%(upstream:track)%00%(upstream:remotename)%00%(upstream:remoteref) refs/heads/master refs/remotes/master [1ms]
2023-02-01 17:55:56.462 [info] > git for-each-ref --sort -committerdate --format %(refname) %(objectname) %(*objectname) [3ms]
2023-02-01 17:55:56.467 [info] > git status -z -uall [16ms]
2023-02-01 17:56:01.492 [info] > git config --get commit.template [14ms]
2023-02-01 17:56:01.495 [info] > git for-each-ref --format=%(refname)%00%(upstream:short)%00%(objectname)%00%(upstream:track)%00%(upstream:remotename)%00%(upstream:remoteref) refs/heads/master refs/remotes/master [4ms]
2023-02-01 17:56:01.526 [info] > git for-each-ref --sort -committerdate --format %(refname) %(objectname) %(*objectname) [5ms]
2023-02-01 17:56:01.542 [info] > git status -z -uall [38ms]
2023-02-01 17:56:06.559 [info] > git config --get commit.template [6ms]
2023-02-01 17:56:06.560 [info] > git for-each-ref --format=%(refname)%00%(upstream:short)%00%(objectname)%00%(upstream:track)%00%(upstream:remotename)%00%(upstream:remoteref) refs/heads/master refs/remotes/master [2ms]
2023-02-01 17:56:06.576 [info] > git for-each-ref --sort -committerdate --format %(refname) %(objectname) %(*objectname) [4ms]
2023-02-01 17:56:06.584 [info] > git status -z -uall [19ms]
2023-02-01 17:56:11.613 [info] > git config --get commit.template [18ms]
2023-02-01 17:56:11.619 [info] > git for-each-ref --format=%(refname)%00%(upstream:short)%00%(objectname)%00%(upstream:track)%00%(upstream:remotename)%00%(upstream:remoteref) refs/heads/master refs/remotes/master [8ms]
2023-02-01 17:56:11.660 [info] > git for-each-ref --sort -committerdate --format %(refname) %(objectname) %(*objectname) [6ms]
2023-02-01 17:56:11.685 [info] > git status -z -uall [52ms]
2023-02-01 17:56:16.714 [info] > git config --get commit.template [14ms]
2023-02-01 17:56:16.716 [info] > git for-each-ref --format=%(refname)%00%(upstream:short)%00%(objectname)%00%(upstream:track)%00%(upstream:remotename)%00%(upstream:remoteref) refs/heads/master refs/remotes/master [4ms]
2023-02-01 17:56:16.737 [info] > git for-each-ref --sort -committerdate --format %(refname) %(objectname) %(*objectname) [5ms]
2023-02-01 17:56:16.741 [info] > git status -z -uall [18ms]
2023-02-01 17:56:17.507 [info] > git check-ignore -v -z --stdin [2ms]
2023-02-01 17:56:21.761 [info] > git config --get commit.template [9ms]
2023-02-01 17:56:21.763 [info] > git for-each-ref --format=%(refname)%00%(upstream:short)%00%(objectname)%00%(upstream:track)%00%(upstream:remotename)%00%(upstream:remoteref) refs/heads/master refs/remotes/master [3ms]
2023-02-01 17:56:21.785 [info] > git for-each-ref --sort -committerdate --format %(refname) %(objectname) %(*objectname) [5ms]
2023-02-01 17:56:21.792 [info] > git status -z -uall [20ms]
