2023-02-01 17:31:06.220 [info] Extension host with pid 12585 started
2023-02-01 17:31:06.253 [info] Lock '/home/ec2-user/.vscode-server/data/User/workspaceStorage/ec57b2316ea98b72d2fc52e967931074/vscode.lock': Lock acquired.
2023-02-01 17:31:06.430 [info] ExtensionService#_doActivateExtension vscode.git-base, startup: true, activationEvent: '*', root cause: vscode.git
2023-02-01 17:31:06.617 [info] ExtensionService#_doActivateExtension vscode.git, startup: true, activationEvent: '*'
2023-02-01 17:31:06.618 [info] ExtensionService#_doActivateExtension vscode.github, startup: true, activationEvent: '*'
2023-02-01 17:31:06.905 [info] ExtensionService#_doActivateExtension vscode.debug-auto-launch, startup: false, activationEvent: 'onStartupFinished'
2023-02-01 17:31:06.905 [info] ExtensionService#_doActivateExtension vscode.emmet, startup: false, activationEvent: 'onStartupFinished'
2023-02-01 17:31:06.906 [info] ExtensionService#_doActivateExtension vscode.merge-conflict, startup: false, activationEvent: 'onStartupFinished'
2023-02-01 17:31:06.906 [info] Eager extensions activated
2023-02-01 17:37:19.808 [info] ExtensionService#_doActivateExtension vscode.extension-editing, startup: false, activationEvent: 'onLanguage:ignore'
2023-02-01 17:37:19.809 [info] ExtensionService#_doActivateExtension vscode.npm, startup: false, activationEvent: 'onLanguage:ignore'
2023-02-01 17:45:46.640 [error] Error: spawn git ENOENT
	at Process.ChildProcess._handle.onexit (node:internal/child_process:283:19)
	at onErrorNT (node:internal/child_process:478:16)
	at processTicksAndRejections (node:internal/process/task_queues:83:21)
2023-02-01 17:45:46.640 [error] Error: spawn git ENOENT
	at Process.ChildProcess._handle.onexit (node:internal/child_process:283:19)
	at onErrorNT (node:internal/child_process:478:16)
	at processTicksAndRejections (node:internal/process/task_queues:83:21)
2023-02-01 17:45:46.640 [error] Error: spawn git ENOENT
	at Process.ChildProcess._handle.onexit (node:internal/child_process:283:19)
	at onErrorNT (node:internal/child_process:478:16)
	at processTicksAndRejections (node:internal/process/task_queues:83:21)
2023-02-01 17:45:46.640 [error] Error: spawn git ENOENT
	at Process.ChildProcess._handle.onexit (node:internal/child_process:283:19)
	at onErrorNT (node:internal/child_process:478:16)
	at processTicksAndRejections (node:internal/process/task_queues:83:21)
2023-02-01 17:45:46.640 [error] Error: spawn git ENOENT
	at Process.ChildProcess._handle.onexit (node:internal/child_process:283:19)
	at onErrorNT (node:internal/child_process:478:16)
	at processTicksAndRejections (node:internal/process/task_queues:83:21)
2023-02-01 17:45:47.641 [error] Error: spawn git ENOENT
	at Process.ChildProcess._handle.onexit (node:internal/child_process:283:19)
	at onErrorNT (node:internal/child_process:478:16)
	at processTicksAndRejections (node:internal/process/task_queues:83:21)
2023-02-01 17:45:47.641 [error] Error: spawn git ENOENT
	at Process.ChildProcess._handle.onexit (node:internal/child_process:283:19)
	at onErrorNT (node:internal/child_process:478:16)
	at processTicksAndRejections (node:internal/process/task_queues:83:21)
2023-02-01 17:45:47.641 [error] Error: spawn git ENOENT
	at Process.ChildProcess._handle.onexit (node:internal/child_process:283:19)
	at onErrorNT (node:internal/child_process:478:16)
	at processTicksAndRejections (node:internal/process/task_queues:83:21)
2023-02-01 17:45:47.642 [error] Error: spawn git ENOENT
	at Process.ChildProcess._handle.onexit (node:internal/child_process:283:19)
	at onErrorNT (node:internal/child_process:478:16)
	at processTicksAndRejections (node:internal/process/task_queues:83:21)
2023-02-01 17:45:47.642 [error] Error: spawn git ENOENT
	at Process.ChildProcess._handle.onexit (node:internal/child_process:283:19)
	at onErrorNT (node:internal/child_process:478:16)
	at processTicksAndRejections (node:internal/process/task_queues:83:21)
2023-02-01 17:51:03.387 [info] Extension host terminating: received terminate message from renderer
2023-02-01 17:51:03.388 [info] Lock '/home/ec2-user/.vscode-server/data/User/workspaceStorage/ec57b2316ea98b72d2fc52e967931074/vscode.lock': Marking the lockfile as scheduled to be released in 6000 ms.
2023-02-01 17:51:03.448 [info] Extension host with pid 12585 exiting with code 0
