2023-02-01 17:31:08.001 [info] Log level: Info
2023-02-01 17:31:08.001 [info] Validating found git in: "git"
2023-02-01 17:31:08.001 [info] Using git "2.38.1" from "git"
2023-02-01 17:31:08.001 [info] > git rev-parse --show-toplevel [53ms]
2023-02-01 17:31:08.001 [info] fatal: not a git repository (or any of the parent directories): .git
2023-02-01 17:31:08.001 [info] > git rev-parse --show-toplevel [1ms]
2023-02-01 17:31:08.001 [info] > git rev-parse --git-dir --git-common-dir [1ms]
2023-02-01 17:31:08.001 [info] Open repository: /home/ec2-user/Terraform-aws-3tier/first-task
2023-02-01 17:31:08.001 [info] > git config --get commit.template [10ms]
2023-02-01 17:31:08.001 [info] > git rev-parse --show-toplevel [16ms]
2023-02-01 17:31:08.001 [info] fatal: not a git repository (or any of the parent directories): .git
2023-02-01 17:31:08.001 [info] > git rev-parse --show-toplevel [42ms]
2023-02-01 17:31:08.001 [info] fatal: not a git repository (or any of the parent directories): .git
2023-02-01 17:31:08.001 [info] > git for-each-ref --format=%(refname)%00%(upstream:short)%00%(objectname)%00%(upstream:track)%00%(upstream:remotename)%00%(upstream:remoteref) refs/heads/main refs/remotes/main [22ms]
2023-02-01 17:31:08.001 [info] > git status -z -uall [21ms]
2023-02-01 17:31:08.002 [info] > git for-each-ref --sort -committerdate --format %(refname) %(objectname) %(*objectname) [15ms]
2023-02-01 17:31:08.002 [info] > git rev-parse --show-toplevel [35ms]
2023-02-01 17:31:08.002 [info] fatal: not a git repository (or any of the parent directories): .git
2023-02-01 17:31:08.002 [info] > git rev-parse --show-toplevel [7ms]
2023-02-01 17:31:08.002 [info] fatal: not a git repository (or any of the parent directories): .git
2023-02-01 17:31:08.002 [info] > git config --get commit.template [6ms]
2023-02-01 17:31:08.002 [info] > git for-each-ref --format=%(refname)%00%(upstream:short)%00%(objectname)%00%(upstream:track)%00%(upstream:remotename)%00%(upstream:remoteref) refs/heads/main refs/remotes/main [2ms]
2023-02-01 17:31:08.002 [info] > git status -z -uall [6ms]
2023-02-01 17:31:08.002 [info] > git for-each-ref --sort -committerdate --format %(refname) %(objectname) %(*objectname) [41ms]
2023-02-01 17:31:08.002 [info] > git check-ignore -v -z --stdin [2ms]
2023-02-01 17:31:08.002 [info] > git rev-parse --show-toplevel [2ms]
2023-02-01 17:31:08.002 [info] fatal: not a git repository (or any of the parent directories): .git
2023-02-01 17:31:08.002 [info] > git show --textconv :main.tf [6ms]
2023-02-01 17:31:08.002 [info] > git rev-parse --show-toplevel [15ms]
2023-02-01 17:31:08.002 [info] fatal: not a git repository (or any of the parent directories): .git
2023-02-01 17:31:08.002 [info] > git ls-files --stage -- /home/ec2-user/Terraform-aws-3tier/first-task/main.tf [7ms]
2023-02-01 17:31:08.002 [info] > git rev-parse --show-toplevel [6ms]
2023-02-01 17:31:08.002 [info] fatal: not a git repository (or any of the parent directories): .git
2023-02-01 17:31:08.002 [info] > git cat-file -s 43626c8c534b83174c8cc09b26c57ec7e7686511 [2ms]
2023-02-01 17:31:46.941 [info] > git config --get commit.template [20ms]
2023-02-01 17:31:46.944 [info] > git for-each-ref --format=%(refname)%00%(upstream:short)%00%(objectname)%00%(upstream:track)%00%(upstream:remotename)%00%(upstream:remoteref) refs/heads/main refs/remotes/main [4ms]
2023-02-01 17:31:46.970 [info] > git for-each-ref --sort -committerdate --format %(refname) %(objectname) %(*objectname) [5ms]
2023-02-01 17:31:46.972 [info] > git status -z -uall [14ms]
2023-02-01 17:31:47.293 [info] > git check-ignore -v -z --stdin [3ms]
2023-02-01 17:31:57.029 [info] > git config --get commit.template [6ms]
2023-02-01 17:31:57.045 [info] > git for-each-ref --format=%(refname)%00%(upstream:short)%00%(objectname)%00%(upstream:track)%00%(upstream:remotename)%00%(upstream:remoteref) refs/heads/main refs/remotes/main [3ms]
2023-02-01 17:31:57.067 [info] > git status -z -uall [12ms]
2023-02-01 17:31:57.068 [info] > git for-each-ref --sort -committerdate --format %(refname) %(objectname) %(*objectname) [2ms]
2023-02-01 17:33:35.228 [info] > git config --get commit.template [12ms]
2023-02-01 17:33:35.231 [info] > git for-each-ref --format=%(refname)%00%(upstream:short)%00%(objectname)%00%(upstream:track)%00%(upstream:remotename)%00%(upstream:remoteref) refs/heads/main refs/remotes/main [5ms]
2023-02-01 17:33:35.250 [info] > git status -z -uall [12ms]
2023-02-01 17:33:35.259 [info] > git for-each-ref --sort -committerdate --format %(refname) %(objectname) %(*objectname) [9ms]
2023-02-01 17:34:02.262 [info] > git config --get commit.template [4ms]
2023-02-01 17:34:02.278 [info] > git for-each-ref --format=%(refname)%00%(upstream:short)%00%(objectname)%00%(upstream:track)%00%(upstream:remotename)%00%(upstream:remoteref) refs/heads/main refs/remotes/main [4ms]
2023-02-01 17:34:02.304 [info] > git status -z -uall [15ms]
2023-02-01 17:34:02.308 [info] > git for-each-ref --sort -committerdate --format %(refname) %(objectname) %(*objectname) [5ms]
2023-02-01 17:35:05.191 [info] > git show --textconv :sg.tf [6ms]
2023-02-01 17:35:05.192 [info] > git ls-files --stage -- /home/ec2-user/Terraform-aws-3tier/first-task/sg.tf [2ms]
2023-02-01 17:35:05.199 [info] > git cat-file -s 26236938c001c53a53e9ae0272d30e30d9369eca [2ms]
2023-02-01 17:35:22.635 [info] > git config --get commit.template [7ms]
2023-02-01 17:35:22.637 [info] > git for-each-ref --format=%(refname)%00%(upstream:short)%00%(objectname)%00%(upstream:track)%00%(upstream:remotename)%00%(upstream:remoteref) refs/heads/main refs/remotes/main [4ms]
2023-02-01 17:35:22.650 [info] > git status -z -uall [7ms]
2023-02-01 17:35:22.651 [info] > git for-each-ref --sort -committerdate --format %(refname) %(objectname) %(*objectname) [3ms]
2023-02-01 17:35:27.679 [info] > git config --get commit.template [15ms]
2023-02-01 17:35:27.681 [info] > git for-each-ref --format=%(refname)%00%(upstream:short)%00%(objectname)%00%(upstream:track)%00%(upstream:remotename)%00%(upstream:remoteref) refs/heads/main refs/remotes/main [4ms]
2023-02-01 17:35:27.728 [info] > git status -z -uall [22ms]
2023-02-01 17:35:27.731 [info] > git for-each-ref --sort -committerdate --format %(refname) %(objectname) %(*objectname) [5ms]
2023-02-01 17:35:32.754 [info] > git config --get commit.template [10ms]
2023-02-01 17:35:32.756 [info] > git for-each-ref --format=%(refname)%00%(upstream:short)%00%(objectname)%00%(upstream:track)%00%(upstream:remotename)%00%(upstream:remoteref) refs/heads/main refs/remotes/main [7ms]
2023-02-01 17:35:32.784 [info] > git status -z -uall [12ms]
2023-02-01 17:35:32.786 [info] > git for-each-ref --sort -committerdate --format %(refname) %(objectname) %(*objectname) [3ms]
2023-02-01 17:35:52.572 [info] > git config --get commit.template [6ms]
2023-02-01 17:35:52.573 [info] > git for-each-ref --format=%(refname)%00%(upstream:short)%00%(objectname)%00%(upstream:track)%00%(upstream:remotename)%00%(upstream:remoteref) refs/heads/main refs/remotes/main [2ms]
2023-02-01 17:35:52.583 [info] > git status -z -uall [6ms]
2023-02-01 17:35:52.584 [info] > git for-each-ref --sort -committerdate --format %(refname) %(objectname) %(*objectname) [1ms]
2023-02-01 17:36:04.095 [info] > git rev-parse --show-toplevel [7ms]
2023-02-01 17:36:04.095 [info] fatal: not a git repository (or any of the parent directories): .git
2023-02-01 17:36:19.411 [info] > git config --get commit.template [5ms]
2023-02-01 17:36:19.412 [info] > git for-each-ref --format=%(refname)%00%(upstream:short)%00%(objectname)%00%(upstream:track)%00%(upstream:remotename)%00%(upstream:remoteref) refs/heads/main refs/remotes/main [1ms]
2023-02-01 17:36:19.422 [info] > git status -z -uall [6ms]
2023-02-01 17:36:19.423 [info] > git for-each-ref --sort -committerdate --format %(refname) %(objectname) %(*objectname) [2ms]
2023-02-01 17:36:24.437 [info] > git config --get commit.template [5ms]
2023-02-01 17:36:24.438 [info] > git for-each-ref --format=%(refname)%00%(upstream:short)%00%(objectname)%00%(upstream:track)%00%(upstream:remotename)%00%(upstream:remoteref) refs/heads/main refs/remotes/main [1ms]
2023-02-01 17:36:24.453 [info] > git status -z -uall [7ms]
2023-02-01 17:36:24.454 [info] > git for-each-ref --sort -committerdate --format %(refname) %(objectname) %(*objectname) [2ms]
2023-02-01 17:36:29.474 [info] > git config --get commit.template [9ms]
2023-02-01 17:36:29.475 [info] > git for-each-ref --format=%(refname)%00%(upstream:short)%00%(objectname)%00%(upstream:track)%00%(upstream:remotename)%00%(upstream:remoteref) refs/heads/main refs/remotes/main [2ms]
2023-02-01 17:36:29.497 [info] > git status -z -uall [14ms]
2023-02-01 17:36:29.499 [info] > git for-each-ref --sort -committerdate --format %(refname) %(objectname) %(*objectname) [3ms]
2023-02-01 17:36:53.568 [info] > git config --get commit.template [7ms]
2023-02-01 17:36:53.569 [info] > git for-each-ref --format=%(refname)%00%(upstream:short)%00%(objectname)%00%(upstream:track)%00%(upstream:remotename)%00%(upstream:remoteref) refs/heads/main refs/remotes/main [2ms]
2023-02-01 17:36:53.582 [info] > git status -z -uall [8ms]
2023-02-01 17:36:53.584 [info] > git for-each-ref --sort -committerdate --format %(refname) %(objectname) %(*objectname) [1ms]
2023-02-01 17:37:19.879 [info] > git rev-parse --show-toplevel [59ms]
2023-02-01 17:37:19.879 [info] fatal: not a git repository (or any of the parent directories): .git
2023-02-01 17:37:26.984 [info] > git rev-parse --show-toplevel [1ms]
2023-02-01 17:37:26.984 [info] fatal: not a git repository (or any of the parent directories): .git
2023-02-01 17:37:39.861 [info] > git rev-parse --show-toplevel [2ms]
2023-02-01 17:37:39.861 [info] fatal: not a git repository (or any of the parent directories): .git
2023-02-01 17:37:54.649 [info] > git rev-parse --show-toplevel [2ms]
2023-02-01 17:37:54.649 [info] fatal: not a git repository (or any of the parent directories): .git
2023-02-01 17:38:04.654 [info] > git rev-parse --show-toplevel [2ms]
2023-02-01 17:38:04.654 [info] fatal: not a git repository (or any of the parent directories): .git
2023-02-01 17:38:12.512 [info] > git rev-parse --show-toplevel [3ms]
2023-02-01 17:38:12.512 [info] fatal: not a git repository (or any of the parent directories): .git
2023-02-01 17:38:35.518 [info] > git rev-parse --show-toplevel [2ms]
2023-02-01 17:38:35.518 [info] fatal: not a git repository (or any of the parent directories): .git
2023-02-01 17:38:40.691 [info] > git rev-parse --show-toplevel [4ms]
2023-02-01 17:38:40.691 [info] fatal: not a git repository (or any of the parent directories): .git
2023-02-01 17:38:51.930 [info] > git rev-parse --show-toplevel [3ms]
2023-02-01 17:38:51.930 [info] fatal: not a git repository (or any of the parent directories): .git
2023-02-01 17:41:57.317 [info] > git rev-parse --show-toplevel [1ms]
2023-02-01 17:41:57.317 [info] fatal: not a git repository (or any of the parent directories): .git
2023-02-01 17:45:45.872 [info] > git rev-parse --show-toplevel [2ms]
2023-02-01 17:45:45.889 [info] > git rev-parse --git-dir --git-common-dir [3ms]
2023-02-01 17:45:45.893 [info] Open repository: /home/ec2-user/Terraform-aws-3tier/terraform-aws-3tier
2023-02-01 17:45:45.905 [info] > git config --get commit.template [3ms]
2023-02-01 17:45:45.917 [info] > git for-each-ref --format=%(refname)%00%(upstream:short)%00%(objectname)%00%(upstream:track)%00%(upstream:remotename)%00%(upstream:remoteref) refs/heads/master refs/remotes/master [7ms]
2023-02-01 17:45:45.948 [info] > git status -z -uall [16ms]
2023-02-01 17:45:45.948 [info] > git for-each-ref --sort -committerdate --format %(refname) %(objectname) %(*objectname) [4ms]
2023-02-01 17:45:46.133 [info] > git rev-parse --show-toplevel [4ms]
2023-02-01 17:45:46.133 [info] fatal: not a git repository (or any of the parent directories): .git
2023-02-01 17:45:48.003 [info] > git config --get commit.template [17ms]
2023-02-01 17:45:48.005 [info] > git for-each-ref --format=%(refname)%00%(upstream:short)%00%(objectname)%00%(upstream:track)%00%(upstream:remotename)%00%(upstream:remoteref) refs/heads/main refs/remotes/main [5ms]
2023-02-01 17:45:48.050 [info] > git status -z -uall [23ms]
2023-02-01 17:45:48.055 [info] > git for-each-ref --sort -committerdate --format %(refname) %(objectname) %(*objectname) [8ms]
2023-02-01 17:50:48.746 [warning] ENOENT: no such file or directory, open '/home/ec2-user/Terraform-aws-3tier/first-task/.git/HEAD'
2023-02-01 17:50:48.755 [warning] ENOENT: no such file or directory, open '/home/ec2-user/Terraform-aws-3tier/first-task/.git/config'
