2023-02-01 15:18:50.947 [info] Log level: Info
2023-02-01 15:18:50.947 [info] Validating found git in: "git"
2023-02-01 15:18:50.947 [info] Using git "2.38.1" from "git"
2023-02-01 15:18:50.947 [info] > git rev-parse --show-toplevel [51ms]
2023-02-01 15:18:50.947 [info] fatal: not a git repository (or any of the parent directories): .git
2023-02-01 15:18:50.947 [info] > git rev-parse --show-toplevel [2ms]
2023-02-01 15:18:50.947 [info] > git rev-parse --git-dir --git-common-dir [2ms]
2023-02-01 15:18:50.947 [info] Open repository: /home/ec2-user/TestTerraform/terraform-aws-3tier
2023-02-01 15:18:50.947 [info] > git rev-parse --show-toplevel [13ms]
2023-02-01 15:18:50.947 [info] fatal: not a git repository (or any of the parent directories): .git
2023-02-01 15:18:50.947 [info] > git config --get commit.template [19ms]
2023-02-01 15:18:50.947 [info] > git rev-parse --show-toplevel [7ms]
2023-02-01 15:18:50.947 [info] fatal: not a git repository (or any of the parent directories): .git
2023-02-01 15:18:50.947 [info] > git rev-parse --show-toplevel [11ms]
2023-02-01 15:18:50.947 [info] fatal: not a git repository (or any of the parent directories): .git
2023-02-01 15:18:50.947 [info] > git for-each-ref --format=%(refname)%00%(upstream:short)%00%(objectname)%00%(upstream:track)%00%(upstream:remotename)%00%(upstream:remoteref) refs/heads/main refs/remotes/main [42ms]
2023-02-01 15:18:50.947 [info] > git rev-parse --show-toplevel [29ms]
2023-02-01 15:18:50.947 [info] fatal: not a git repository (or any of the parent directories): .git
2023-02-01 15:18:50.947 [info] > git status -z -uall [16ms]
2023-02-01 15:18:50.947 [info] > git for-each-ref --sort -committerdate --format %(refname) %(objectname) %(*objectname) [10ms]
2023-02-01 15:18:50.947 [info] > git config --get commit.template [6ms]
2023-02-01 15:18:50.947 [info] > git for-each-ref --format=%(refname)%00%(upstream:short)%00%(objectname)%00%(upstream:track)%00%(upstream:remotename)%00%(upstream:remoteref) refs/heads/main refs/remotes/main [3ms]
2023-02-01 15:18:50.947 [info] > git status -z -uall [6ms]
2023-02-01 15:18:50.947 [info] > git for-each-ref --sort -committerdate --format %(refname) %(objectname) %(*objectname) [2ms]
2023-02-01 15:18:50.947 [info] > git show --textconv :main.tf [6ms]
2023-02-01 15:18:50.947 [info] > git ls-files --stage -- /home/ec2-user/TestTerraform/terraform-aws-3tier/main.tf [2ms]
2023-02-01 15:18:50.947 [info] > git cat-file -s 55a0a5af8af38aa7cf6a9ea5e410851a0798c506 [2ms]
2023-02-01 15:18:50.948 [info] > git check-ignore -v -z --stdin [2ms]
2023-02-01 15:18:50.948 [info] > git rev-parse --show-toplevel [2ms]
2023-02-01 15:18:50.948 [info] fatal: not a git repository (or any of the parent directories): .git
2023-02-01 15:18:50.948 [info] > git rev-parse --show-toplevel [2ms]
2023-02-01 15:18:50.948 [info] fatal: not a git repository (or any of the parent directories): .git
2023-02-01 15:18:50.948 [info] > git rev-parse --show-toplevel [2ms]
2023-02-01 15:18:50.948 [info] fatal: not a git repository (or any of the parent directories): .git
2023-02-01 15:23:25.686 [info] > git check-ignore -v -z --stdin [3ms]
2023-02-01 15:23:25.739 [info] > git show --textconv :sg.tf [21ms]
2023-02-01 15:23:25.743 [info] > git ls-files --stage -- /home/ec2-user/TestTerraform/terraform-aws-3tier/sg.tf [9ms]
2023-02-01 15:23:26.046 [info] > git config --get commit.template [6ms]
2023-02-01 15:23:26.047 [info] > git for-each-ref --format=%(refname)%00%(upstream:short)%00%(objectname)%00%(upstream:track)%00%(upstream:remotename)%00%(upstream:remoteref) refs/heads/main refs/remotes/main [2ms]
2023-02-01 15:23:26.063 [info] > git status -z -uall [8ms]
2023-02-01 15:23:26.065 [info] > git for-each-ref --sort -committerdate --format %(refname) %(objectname) %(*objectname) [4ms]
2023-02-01 15:23:44.454 [info] > git config --get commit.template [9ms]
2023-02-01 15:23:44.491 [info] > git for-each-ref --format=%(refname)%00%(upstream:short)%00%(objectname)%00%(upstream:track)%00%(upstream:remotename)%00%(upstream:remoteref) refs/heads/main refs/remotes/main [11ms]
2023-02-01 15:23:44.541 [info] > git status -z -uall [30ms]
2023-02-01 15:23:44.554 [info] > git for-each-ref --sort -committerdate --format %(refname) %(objectname) %(*objectname) [10ms]
2023-02-01 15:26:00.513 [info] > git config --get commit.template [10ms]
2023-02-01 15:26:00.520 [info] > git for-each-ref --format=%(refname)%00%(upstream:short)%00%(objectname)%00%(upstream:track)%00%(upstream:remotename)%00%(upstream:remoteref) refs/heads/main refs/remotes/main [7ms]
2023-02-01 15:26:00.544 [info] > git status -z -uall [16ms]
2023-02-01 15:26:00.549 [info] > git for-each-ref --sort -committerdate --format %(refname) %(objectname) %(*objectname) [4ms]
2023-02-01 15:26:05.563 [info] > git config --get commit.template [6ms]
2023-02-01 15:26:05.564 [info] > git for-each-ref --format=%(refname)%00%(upstream:short)%00%(objectname)%00%(upstream:track)%00%(upstream:remotename)%00%(upstream:remoteref) refs/heads/main refs/remotes/main [2ms]
2023-02-01 15:26:05.574 [info] > git status -z -uall [6ms]
2023-02-01 15:26:05.575 [info] > git for-each-ref --sort -committerdate --format %(refname) %(objectname) %(*objectname) [2ms]
2023-02-01 15:27:04.570 [info] > git config --get commit.template [19ms]
2023-02-01 15:27:04.573 [info] > git for-each-ref --format=%(refname)%00%(upstream:short)%00%(objectname)%00%(upstream:track)%00%(upstream:remotename)%00%(upstream:remoteref) refs/heads/main refs/remotes/main [5ms]
2023-02-01 15:27:04.598 [info] > git status -z -uall [13ms]
2023-02-01 15:27:04.599 [info] > git for-each-ref --sort -committerdate --format %(refname) %(objectname) %(*objectname) [2ms]
2023-02-01 15:27:18.250 [info] > git config --get commit.template [17ms]
2023-02-01 15:27:18.252 [info] > git for-each-ref --format=%(refname)%00%(upstream:short)%00%(objectname)%00%(upstream:track)%00%(upstream:remotename)%00%(upstream:remoteref) refs/heads/main refs/remotes/main [6ms]
2023-02-01 15:27:18.278 [info] > git status -z -uall [17ms]
2023-02-01 15:27:18.287 [info] > git for-each-ref --sort -committerdate --format %(refname) %(objectname) %(*objectname) [11ms]
2023-02-01 15:27:29.316 [info] > git config --get commit.template [6ms]
2023-02-01 15:27:29.317 [info] > git for-each-ref --format=%(refname)%00%(upstream:short)%00%(objectname)%00%(upstream:track)%00%(upstream:remotename)%00%(upstream:remoteref) refs/heads/main refs/remotes/main [2ms]
2023-02-01 15:27:29.327 [info] > git status -z -uall [6ms]
2023-02-01 15:27:29.329 [info] > git for-each-ref --sort -committerdate --format %(refname) %(objectname) %(*objectname) [2ms]
2023-02-01 15:28:29.167 [info] > git config --get commit.template [19ms]
2023-02-01 15:28:29.172 [info] > git for-each-ref --format=%(refname)%00%(upstream:short)%00%(objectname)%00%(upstream:track)%00%(upstream:remotename)%00%(upstream:remoteref) refs/heads/main refs/remotes/main [6ms]
2023-02-01 15:28:29.200 [info] > git status -z -uall [18ms]
2023-02-01 15:28:29.201 [info] > git for-each-ref --sort -committerdate --format %(refname) %(objectname) %(*objectname) [5ms]
2023-02-01 15:28:36.329 [info] > git config --get commit.template [6ms]
2023-02-01 15:28:36.330 [info] > git for-each-ref --format=%(refname)%00%(upstream:short)%00%(objectname)%00%(upstream:track)%00%(upstream:remotename)%00%(upstream:remoteref) refs/heads/main refs/remotes/main [2ms]
2023-02-01 15:28:36.342 [info] > git status -z -uall [7ms]
2023-02-01 15:28:36.344 [info] > git for-each-ref --sort -committerdate --format %(refname) %(objectname) %(*objectname) [1ms]
2023-02-01 15:28:41.357 [info] > git config --get commit.template [6ms]
2023-02-01 15:28:41.360 [info] > git for-each-ref --format=%(refname)%00%(upstream:short)%00%(objectname)%00%(upstream:track)%00%(upstream:remotename)%00%(upstream:remoteref) refs/heads/main refs/remotes/main [2ms]
2023-02-01 15:28:41.369 [info] > git status -z -uall [5ms]
2023-02-01 15:28:41.371 [info] > git for-each-ref --sort -committerdate --format %(refname) %(objectname) %(*objectname) [2ms]
2023-02-01 15:28:46.383 [info] > git config --get commit.template [5ms]
2023-02-01 15:28:46.384 [info] > git for-each-ref --format=%(refname)%00%(upstream:short)%00%(objectname)%00%(upstream:track)%00%(upstream:remotename)%00%(upstream:remoteref) refs/heads/main refs/remotes/main [2ms]
2023-02-01 15:28:46.392 [info] > git status -z -uall [5ms]
2023-02-01 15:28:46.394 [info] > git for-each-ref --sort -committerdate --format %(refname) %(objectname) %(*objectname) [3ms]
2023-02-01 15:28:55.934 [info] > git config --get commit.template [13ms]
2023-02-01 15:28:55.936 [info] > git for-each-ref --format=%(refname)%00%(upstream:short)%00%(objectname)%00%(upstream:track)%00%(upstream:remotename)%00%(upstream:remoteref) refs/heads/main refs/remotes/main [4ms]
2023-02-01 15:28:55.961 [info] > git status -z -uall [15ms]
2023-02-01 15:28:55.964 [info] > git for-each-ref --sort -committerdate --format %(refname) %(objectname) %(*objectname) [4ms]
2023-02-01 15:29:11.708 [info] > git config --get commit.template [5ms]
2023-02-01 15:29:11.709 [info] > git for-each-ref --format=%(refname)%00%(upstream:short)%00%(objectname)%00%(upstream:track)%00%(upstream:remotename)%00%(upstream:remoteref) refs/heads/main refs/remotes/main [2ms]
2023-02-01 15:29:11.719 [info] > git status -z -uall [5ms]
2023-02-01 15:29:11.720 [info] > git for-each-ref --sort -committerdate --format %(refname) %(objectname) %(*objectname) [2ms]
2023-02-01 15:29:16.732 [info] > git config --get commit.template [4ms]
2023-02-01 15:29:16.733 [info] > git for-each-ref --format=%(refname)%00%(upstream:short)%00%(objectname)%00%(upstream:track)%00%(upstream:remotename)%00%(upstream:remoteref) refs/heads/main refs/remotes/main [2ms]
2023-02-01 15:29:16.742 [info] > git status -z -uall [6ms]
2023-02-01 15:29:16.743 [info] > git for-each-ref --sort -committerdate --format %(refname) %(objectname) %(*objectname) [3ms]
2023-02-01 15:29:21.766 [info] > git config --get commit.template [15ms]
2023-02-01 15:29:21.769 [info] > git for-each-ref --format=%(refname)%00%(upstream:short)%00%(objectname)%00%(upstream:track)%00%(upstream:remotename)%00%(upstream:remoteref) refs/heads/main refs/remotes/main [3ms]
2023-02-01 15:29:21.796 [info] > git status -z -uall [17ms]
2023-02-01 15:29:21.798 [info] > git for-each-ref --sort -committerdate --format %(refname) %(objectname) %(*objectname) [3ms]
2023-02-01 15:29:26.817 [info] > git config --get commit.template [7ms]
2023-02-01 15:29:26.818 [info] > git for-each-ref --format=%(refname)%00%(upstream:short)%00%(objectname)%00%(upstream:track)%00%(upstream:remotename)%00%(upstream:remoteref) refs/heads/main refs/remotes/main [2ms]
2023-02-01 15:29:26.839 [info] > git status -z -uall [16ms]
2023-02-01 15:29:26.841 [info] > git for-each-ref --sort -committerdate --format %(refname) %(objectname) %(*objectname) [4ms]
2023-02-01 15:29:31.857 [info] > git config --get commit.template [7ms]
2023-02-01 15:29:31.858 [info] > git for-each-ref --format=%(refname)%00%(upstream:short)%00%(objectname)%00%(upstream:track)%00%(upstream:remotename)%00%(upstream:remoteref) refs/heads/main refs/remotes/main [4ms]
2023-02-01 15:29:31.867 [info] > git status -z -uall [5ms]
2023-02-01 15:29:31.869 [info] > git for-each-ref --sort -committerdate --format %(refname) %(objectname) %(*objectname) [1ms]
2023-02-01 15:29:44.679 [info] > git config --get commit.template [8ms]
2023-02-01 15:29:44.680 [info] > git for-each-ref --format=%(refname)%00%(upstream:short)%00%(objectname)%00%(upstream:track)%00%(upstream:remotename)%00%(upstream:remoteref) refs/heads/main refs/remotes/main [2ms]
2023-02-01 15:29:44.708 [info] > git status -z -uall [21ms]
2023-02-01 15:29:44.717 [info] > git for-each-ref --sort -committerdate --format %(refname) %(objectname) %(*objectname) [12ms]
2023-02-01 15:34:41.802 [info] > git config --get commit.template [12ms]
2023-02-01 15:34:41.805 [info] > git for-each-ref --format=%(refname)%00%(upstream:short)%00%(objectname)%00%(upstream:track)%00%(upstream:remotename)%00%(upstream:remoteref) refs/heads/main refs/remotes/main [4ms]
2023-02-01 15:34:41.829 [info] > git status -z -uall [13ms]
2023-02-01 15:34:41.831 [info] > git for-each-ref --sort -committerdate --format %(refname) %(objectname) %(*objectname) [4ms]
2023-02-01 15:35:18.114 [info] > git config --get commit.template [11ms]
2023-02-01 15:35:18.118 [info] > git for-each-ref --format=%(refname)%00%(upstream:short)%00%(objectname)%00%(upstream:track)%00%(upstream:remotename)%00%(upstream:remoteref) refs/heads/main refs/remotes/main [5ms]
2023-02-01 15:35:18.133 [info] > git for-each-ref --sort -committerdate --format %(refname) %(objectname) %(*objectname) [3ms]
2023-02-01 15:35:18.136 [info] > git status -z -uall [12ms]
2023-02-01 15:35:18.662 [info] > git check-ignore -v -z --stdin [2ms]
2023-02-01 15:35:23.155 [info] > git config --get commit.template [9ms]
2023-02-01 15:35:23.156 [info] > git for-each-ref --format=%(refname)%00%(upstream:short)%00%(objectname)%00%(upstream:track)%00%(upstream:remotename)%00%(upstream:remoteref) refs/heads/main refs/remotes/main [2ms]
2023-02-01 15:35:23.169 [info] > git status -z -uall [6ms]
2023-02-01 15:35:23.171 [info] > git for-each-ref --sort -committerdate --format %(refname) %(objectname) %(*objectname) [2ms]
2023-02-01 15:35:54.163 [info] > git config --get commit.template [19ms]
2023-02-01 15:35:54.171 [info] > git for-each-ref --format=%(refname)%00%(upstream:short)%00%(objectname)%00%(upstream:track)%00%(upstream:remotename)%00%(upstream:remoteref) refs/heads/main refs/remotes/main [10ms]
2023-02-01 15:35:54.216 [info] > git status -z -uall [17ms]
2023-02-01 15:35:54.219 [info] > git for-each-ref --sort -committerdate --format %(refname) %(objectname) %(*objectname) [6ms]
2023-02-01 15:36:08.579 [info] > git config --get commit.template [8ms]
2023-02-01 15:36:08.582 [info] > git for-each-ref --format=%(refname)%00%(upstream:short)%00%(objectname)%00%(upstream:track)%00%(upstream:remotename)%00%(upstream:remoteref) refs/heads/main refs/remotes/main [3ms]
2023-02-01 15:36:08.615 [info] > git status -z -uall [11ms]
2023-02-01 15:36:08.619 [info] > git for-each-ref --sort -committerdate --format %(refname) %(objectname) %(*objectname) [4ms]
2023-02-01 15:36:13.633 [info] > git config --get commit.template [7ms]
2023-02-01 15:36:13.634 [info] > git for-each-ref --format=%(refname)%00%(upstream:short)%00%(objectname)%00%(upstream:track)%00%(upstream:remotename)%00%(upstream:remoteref) refs/heads/main refs/remotes/main [2ms]
2023-02-01 15:36:13.646 [info] > git status -z -uall [6ms]
2023-02-01 15:36:13.647 [info] > git for-each-ref --sort -committerdate --format %(refname) %(objectname) %(*objectname) [2ms]
2023-02-01 15:36:30.367 [info] > git config --get commit.template [11ms]
2023-02-01 15:36:30.368 [info] > git for-each-ref --format=%(refname)%00%(upstream:short)%00%(objectname)%00%(upstream:track)%00%(upstream:remotename)%00%(upstream:remoteref) refs/heads/main refs/remotes/main [2ms]
2023-02-01 15:36:30.382 [info] > git for-each-ref --sort -committerdate --format %(refname) %(objectname) %(*objectname) [3ms]
2023-02-01 15:36:30.386 [info] > git status -z -uall [12ms]
2023-02-01 15:36:37.605 [info] > git config --get commit.template [8ms]
2023-02-01 15:36:37.606 [info] > git for-each-ref --format=%(refname)%00%(upstream:short)%00%(objectname)%00%(upstream:track)%00%(upstream:remotename)%00%(upstream:remoteref) refs/heads/main refs/remotes/main [2ms]
2023-02-01 15:36:37.616 [info] > git status -z -uall [5ms]
2023-02-01 15:36:37.617 [info] > git for-each-ref --sort -committerdate --format %(refname) %(objectname) %(*objectname) [2ms]
2023-02-01 15:36:42.640 [info] > git config --get commit.template [12ms]
2023-02-01 15:36:42.642 [info] > git for-each-ref --format=%(refname)%00%(upstream:short)%00%(objectname)%00%(upstream:track)%00%(upstream:remotename)%00%(upstream:remoteref) refs/heads/main refs/remotes/main [4ms]
2023-02-01 15:36:42.660 [info] > git status -z -uall [9ms]
2023-02-01 15:36:42.666 [info] > git for-each-ref --sort -committerdate --format %(refname) %(objectname) %(*objectname) [6ms]
2023-02-01 15:54:22.463 [info] > git show --textconv :README.md [29ms]
2023-02-01 15:54:22.466 [info] > git ls-files --stage -- /home/ec2-user/TestTerraform/terraform-aws-3tier/README.md [4ms]
2023-02-01 15:54:22.475 [info] > git cat-file -s 636720d36fe706f73aac55e1984270cc55b2e11e [2ms]
2023-02-01 15:54:41.299 [info] > git show --textconv :instance.tf [28ms]
2023-02-01 15:54:41.300 [info] > git check-ignore -v -z --stdin [3ms]
2023-02-01 15:54:41.300 [info] > git ls-files --stage -- /home/ec2-user/TestTerraform/terraform-aws-3tier/instance.tf [16ms]
2023-02-01 15:54:41.651 [info] > git config --get commit.template [9ms]
2023-02-01 15:54:41.652 [info] > git for-each-ref --format=%(refname)%00%(upstream:short)%00%(objectname)%00%(upstream:track)%00%(upstream:remotename)%00%(upstream:remoteref) refs/heads/main refs/remotes/main [4ms]
2023-02-01 15:54:41.663 [info] > git status -z -uall [5ms]
2023-02-01 15:54:41.665 [info] > git for-each-ref --sort -committerdate --format %(refname) %(objectname) %(*objectname) [3ms]
2023-02-01 15:56:01.827 [info] > git config --get commit.template [21ms]
2023-02-01 15:56:01.829 [info] > git for-each-ref --format=%(refname)%00%(upstream:short)%00%(objectname)%00%(upstream:track)%00%(upstream:remotename)%00%(upstream:remoteref) refs/heads/main refs/remotes/main [7ms]
2023-02-01 15:56:01.857 [info] > git status -z -uall [15ms]
2023-02-01 15:56:01.861 [info] > git for-each-ref --sort -committerdate --format %(refname) %(objectname) %(*objectname) [6ms]
2023-02-01 15:56:12.195 [info] > git config --get commit.template [13ms]
2023-02-01 15:56:12.199 [info] > git for-each-ref --format=%(refname)%00%(upstream:short)%00%(objectname)%00%(upstream:track)%00%(upstream:remotename)%00%(upstream:remoteref) refs/heads/main refs/remotes/main [5ms]
2023-02-01 15:56:12.228 [info] > git status -z -uall [15ms]
2023-02-01 15:56:12.230 [info] > git for-each-ref --sort -committerdate --format %(refname) %(objectname) %(*objectname) [2ms]
2023-02-01 15:56:35.503 [info] > git config --get commit.template [5ms]
2023-02-01 15:56:35.504 [info] > git for-each-ref --format=%(refname)%00%(upstream:short)%00%(objectname)%00%(upstream:track)%00%(upstream:remotename)%00%(upstream:remoteref) refs/heads/main refs/remotes/main [1ms]
2023-02-01 15:56:35.520 [info] > git status -z -uall [11ms]
2023-02-01 15:56:35.521 [info] > git for-each-ref --sort -committerdate --format %(refname) %(objectname) %(*objectname) [4ms]
2023-02-01 15:56:43.360 [info] > git config --get commit.template [8ms]
2023-02-01 15:56:43.361 [info] > git for-each-ref --format=%(refname)%00%(upstream:short)%00%(objectname)%00%(upstream:track)%00%(upstream:remotename)%00%(upstream:remoteref) refs/heads/main refs/remotes/main [2ms]
2023-02-01 15:56:43.379 [info] > git status -z -uall [10ms]
2023-02-01 15:56:43.380 [info] > git for-each-ref --sort -committerdate --format %(refname) %(objectname) %(*objectname) [2ms]
2023-02-01 15:57:00.878 [info] > git config --get commit.template [13ms]
2023-02-01 15:57:00.882 [info] > git for-each-ref --format=%(refname)%00%(upstream:short)%00%(objectname)%00%(upstream:track)%00%(upstream:remotename)%00%(upstream:remoteref) refs/heads/main refs/remotes/main [6ms]
2023-02-01 15:57:00.904 [info] > git status -z -uall [15ms]
2023-02-01 15:57:00.908 [info] > git for-each-ref --sort -committerdate --format %(refname) %(objectname) %(*objectname) [5ms]
2023-02-01 15:57:05.935 [info] > git config --get commit.template [14ms]
2023-02-01 15:57:05.937 [info] > git for-each-ref --format=%(refname)%00%(upstream:short)%00%(objectname)%00%(upstream:track)%00%(upstream:remotename)%00%(upstream:remoteref) refs/heads/main refs/remotes/main [4ms]
2023-02-01 15:57:05.967 [info] > git status -z -uall [14ms]
2023-02-01 15:57:05.970 [info] > git for-each-ref --sort -committerdate --format %(refname) %(objectname) %(*objectname) [3ms]
2023-02-01 15:57:11.001 [info] > git config --get commit.template [13ms]
2023-02-01 15:57:11.005 [info] > git for-each-ref --format=%(refname)%00%(upstream:short)%00%(objectname)%00%(upstream:track)%00%(upstream:remotename)%00%(upstream:remoteref) refs/heads/main refs/remotes/main [5ms]
2023-02-01 15:57:11.045 [info] > git status -z -uall [26ms]
2023-02-01 15:57:11.049 [info] > git for-each-ref --sort -committerdate --format %(refname) %(objectname) %(*objectname) [4ms]
2023-02-01 16:01:04.626 [info] > git config --get commit.template [6ms]
2023-02-01 16:01:04.627 [info] > git for-each-ref --format=%(refname)%00%(upstream:short)%00%(objectname)%00%(upstream:track)%00%(upstream:remotename)%00%(upstream:remoteref) refs/heads/main refs/remotes/main [2ms]
2023-02-01 16:01:04.639 [info] > git status -z -uall [7ms]
2023-02-01 16:01:04.640 [info] > git for-each-ref --sort -committerdate --format %(refname) %(objectname) %(*objectname) [1ms]
2023-02-01 16:01:10.740 [info] > git config --get commit.template [12ms]
2023-02-01 16:01:10.743 [info] > git for-each-ref --format=%(refname)%00%(upstream:short)%00%(objectname)%00%(upstream:track)%00%(upstream:remotename)%00%(upstream:remoteref) refs/heads/main refs/remotes/main [5ms]
2023-02-01 16:01:10.771 [info] > git status -z -uall [12ms]
2023-02-01 16:01:10.773 [info] > git for-each-ref --sort -committerdate --format %(refname) %(objectname) %(*objectname) [2ms]
2023-02-01 16:01:15.789 [info] > git config --get commit.template [8ms]
2023-02-01 16:01:15.790 [info] > git for-each-ref --format=%(refname)%00%(upstream:short)%00%(objectname)%00%(upstream:track)%00%(upstream:remotename)%00%(upstream:remoteref) refs/heads/main refs/remotes/main [2ms]
2023-02-01 16:01:15.802 [info] > git status -z -uall [7ms]
2023-02-01 16:01:15.804 [info] > git for-each-ref --sort -committerdate --format %(refname) %(objectname) %(*objectname) [2ms]
2023-02-01 16:01:20.817 [info] > git config --get commit.template [6ms]
2023-02-01 16:01:20.821 [info] > git for-each-ref --format=%(refname)%00%(upstream:short)%00%(objectname)%00%(upstream:track)%00%(upstream:remotename)%00%(upstream:remoteref) refs/heads/main refs/remotes/main [2ms]
2023-02-01 16:01:20.832 [info] > git status -z -uall [5ms]
2023-02-01 16:01:20.832 [info] > git for-each-ref --sort -committerdate --format %(refname) %(objectname) %(*objectname) [1ms]
2023-02-01 16:01:44.630 [info] > git config --get commit.template [6ms]
2023-02-01 16:01:44.631 [info] > git for-each-ref --format=%(refname)%00%(upstream:short)%00%(objectname)%00%(upstream:track)%00%(upstream:remotename)%00%(upstream:remoteref) refs/heads/main refs/remotes/main [2ms]
2023-02-01 16:01:44.647 [info] > git status -z -uall [8ms]
2023-02-01 16:01:44.648 [info] > git for-each-ref --sort -committerdate --format %(refname) %(objectname) %(*objectname) [2ms]
2023-02-01 16:01:49.663 [info] > git config --get commit.template [6ms]
2023-02-01 16:01:49.664 [info] > git for-each-ref --format=%(refname)%00%(upstream:short)%00%(objectname)%00%(upstream:track)%00%(upstream:remotename)%00%(upstream:remoteref) refs/heads/main refs/remotes/main [2ms]
2023-02-01 16:01:49.675 [info] > git status -z -uall [6ms]
2023-02-01 16:01:49.678 [info] > git for-each-ref --sort -committerdate --format %(refname) %(objectname) %(*objectname) [3ms]
2023-02-01 16:02:17.600 [info] > git for-each-ref --format=%(refname)%00%(upstream:short)%00%(objectname)%00%(upstream:track)%00%(upstream:remotename)%00%(upstream:remoteref) refs/heads/main refs/remotes/main [2ms]
2023-02-01 16:02:17.601 [info] > git config --get commit.template [9ms]
2023-02-01 16:02:17.615 [info] > git status -z -uall [8ms]
2023-02-01 16:02:17.616 [info] > git for-each-ref --sort -committerdate --format %(refname) %(objectname) %(*objectname) [1ms]
2023-02-01 16:02:22.645 [info] > git config --get commit.template [17ms]
2023-02-01 16:02:22.647 [info] > git for-each-ref --format=%(refname)%00%(upstream:short)%00%(objectname)%00%(upstream:track)%00%(upstream:remotename)%00%(upstream:remoteref) refs/heads/main refs/remotes/main [5ms]
2023-02-01 16:02:22.676 [info] > git status -z -uall [17ms]
2023-02-01 16:02:22.687 [info] > git for-each-ref --sort -committerdate --format %(refname) %(objectname) %(*objectname) [10ms]
2023-02-01 16:02:27.725 [info] > git config --get commit.template [18ms]
2023-02-01 16:02:27.728 [info] > git for-each-ref --format=%(refname)%00%(upstream:short)%00%(objectname)%00%(upstream:track)%00%(upstream:remotename)%00%(upstream:remoteref) refs/heads/main refs/remotes/main [6ms]
2023-02-01 16:02:27.764 [info] > git status -z -uall [23ms]
2023-02-01 16:02:27.767 [info] > git for-each-ref --sort -committerdate --format %(refname) %(objectname) %(*objectname) [6ms]
2023-02-01 16:02:32.823 [info] > git config --get commit.template [2ms]
2023-02-01 16:02:32.836 [info] > git for-each-ref --format=%(refname)%00%(upstream:short)%00%(objectname)%00%(upstream:track)%00%(upstream:remotename)%00%(upstream:remoteref) refs/heads/main refs/remotes/main [2ms]
2023-02-01 16:02:32.860 [info] > git status -z -uall [13ms]
2023-02-01 16:02:32.861 [info] > git for-each-ref --sort -committerdate --format %(refname) %(objectname) %(*objectname) [2ms]
2023-02-01 16:02:37.883 [info] > git config --get commit.template [8ms]
2023-02-01 16:02:37.884 [info] > git for-each-ref --format=%(refname)%00%(upstream:short)%00%(objectname)%00%(upstream:track)%00%(upstream:remotename)%00%(upstream:remoteref) refs/heads/main refs/remotes/main [1ms]
2023-02-01 16:02:37.897 [info] > git status -z -uall [7ms]
2023-02-01 16:02:37.898 [info] > git for-each-ref --sort -committerdate --format %(refname) %(objectname) %(*objectname) [2ms]
2023-02-01 16:02:43.224 [info] > git config --get commit.template [2ms]
2023-02-01 16:02:43.240 [info] > git for-each-ref --format=%(refname)%00%(upstream:short)%00%(objectname)%00%(upstream:track)%00%(upstream:remotename)%00%(upstream:remoteref) refs/heads/main refs/remotes/main [8ms]
2023-02-01 16:02:43.293 [info] > git status -z -uall [29ms]
2023-02-01 16:02:43.297 [info] > git for-each-ref --sort -committerdate --format %(refname) %(objectname) %(*objectname) [7ms]
2023-02-01 16:02:48.329 [info] > git config --get commit.template [12ms]
2023-02-01 16:02:48.333 [info] > git for-each-ref --format=%(refname)%00%(upstream:short)%00%(objectname)%00%(upstream:track)%00%(upstream:remotename)%00%(upstream:remoteref) refs/heads/main refs/remotes/main [5ms]
2023-02-01 16:02:48.358 [info] > git status -z -uall [10ms]
2023-02-01 16:02:48.359 [info] > git for-each-ref --sort -committerdate --format %(refname) %(objectname) %(*objectname) [2ms]
2023-02-01 16:07:10.029 [info] > git config --get commit.template [17ms]
2023-02-01 16:07:10.037 [info] > git for-each-ref --format=%(refname)%00%(upstream:short)%00%(objectname)%00%(upstream:track)%00%(upstream:remotename)%00%(upstream:remoteref) refs/heads/main refs/remotes/main [9ms]
2023-02-01 16:07:10.055 [info] > git for-each-ref --sort -committerdate --format %(refname) %(objectname) %(*objectname) [3ms]
2023-02-01 16:07:10.057 [info] > git status -z -uall [13ms]
2023-02-01 16:07:15.073 [info] > git config --get commit.template [6ms]
2023-02-01 16:07:15.074 [info] > git for-each-ref --format=%(refname)%00%(upstream:short)%00%(objectname)%00%(upstream:track)%00%(upstream:remotename)%00%(upstream:remoteref) refs/heads/main refs/remotes/main [1ms]
2023-02-01 16:07:15.085 [info] > git status -z -uall [6ms]
2023-02-01 16:07:15.086 [info] > git for-each-ref --sort -committerdate --format %(refname) %(objectname) %(*objectname) [2ms]
2023-02-01 16:08:33.669 [info] > git config --get commit.template [8ms]
2023-02-01 16:08:33.672 [info] > git for-each-ref --format=%(refname)%00%(upstream:short)%00%(objectname)%00%(upstream:track)%00%(upstream:remotename)%00%(upstream:remoteref) refs/heads/main refs/remotes/main [3ms]
2023-02-01 16:08:33.691 [info] > git for-each-ref --sort -committerdate --format %(refname) %(objectname) %(*objectname) [3ms]
2023-02-01 16:08:33.696 [info] > git status -z -uall [17ms]
2023-02-01 16:08:38.714 [info] > git config --get commit.template [7ms]
2023-02-01 16:08:38.715 [info] > git for-each-ref --format=%(refname)%00%(upstream:short)%00%(objectname)%00%(upstream:track)%00%(upstream:remotename)%00%(upstream:remoteref) refs/heads/main refs/remotes/main [2ms]
2023-02-01 16:08:38.731 [info] > git status -z -uall [8ms]
2023-02-01 16:08:38.733 [info] > git for-each-ref --sort -committerdate --format %(refname) %(objectname) %(*objectname) [3ms]
2023-02-01 16:12:35.944 [info] > git config --get commit.template [7ms]
2023-02-01 16:12:35.945 [info] > git for-each-ref --format=%(refname)%00%(upstream:short)%00%(objectname)%00%(upstream:track)%00%(upstream:remotename)%00%(upstream:remoteref) refs/heads/main refs/remotes/main [2ms]
2023-02-01 16:12:35.956 [info] > git status -z -uall [6ms]
2023-02-01 16:12:35.957 [info] > git for-each-ref --sort -committerdate --format %(refname) %(objectname) %(*objectname) [2ms]
2023-02-01 16:12:50.515 [info] > git config --get commit.template [43ms]
2023-02-01 16:12:50.521 [info] > git for-each-ref --format=%(refname)%00%(upstream:short)%00%(objectname)%00%(upstream:track)%00%(upstream:remotename)%00%(upstream:remoteref) refs/heads/main refs/remotes/main [6ms]
2023-02-01 16:12:50.540 [info] > git status -z -uall [11ms]
2023-02-01 16:12:50.544 [info] > git for-each-ref --sort -committerdate --format %(refname) %(objectname) %(*objectname) [5ms]
2023-02-01 16:12:55.560 [info] > git config --get commit.template [7ms]
2023-02-01 16:12:55.561 [info] > git for-each-ref --format=%(refname)%00%(upstream:short)%00%(objectname)%00%(upstream:track)%00%(upstream:remotename)%00%(upstream:remoteref) refs/heads/main refs/remotes/main [2ms]
2023-02-01 16:12:55.574 [info] > git status -z -uall [7ms]
2023-02-01 16:12:55.574 [info] > git for-each-ref --sort -committerdate --format %(refname) %(objectname) %(*objectname) [1ms]
2023-02-01 16:13:00.601 [info] > git config --get commit.template [15ms]
2023-02-01 16:13:00.603 [info] > git for-each-ref --format=%(refname)%00%(upstream:short)%00%(objectname)%00%(upstream:track)%00%(upstream:remotename)%00%(upstream:remoteref) refs/heads/main refs/remotes/main [4ms]
2023-02-01 16:13:00.621 [info] > git status -z -uall [9ms]
2023-02-01 16:13:00.623 [info] > git for-each-ref --sort -committerdate --format %(refname) %(objectname) %(*objectname) [3ms]
2023-02-01 16:13:05.640 [info] > git config --get commit.template [8ms]
2023-02-01 16:13:05.640 [info] > git for-each-ref --format=%(refname)%00%(upstream:short)%00%(objectname)%00%(upstream:track)%00%(upstream:remotename)%00%(upstream:remoteref) refs/heads/main refs/remotes/main [2ms]
2023-02-01 16:13:05.652 [info] > git status -z -uall [6ms]
2023-02-01 16:13:05.654 [info] > git for-each-ref --sort -committerdate --format %(refname) %(objectname) %(*objectname) [1ms]
2023-02-01 16:13:34.133 [info] > git config --get commit.template [2ms]
2023-02-01 16:13:34.142 [info] > git for-each-ref --format=%(refname)%00%(upstream:short)%00%(objectname)%00%(upstream:track)%00%(upstream:remotename)%00%(upstream:remoteref) refs/heads/main refs/remotes/main [2ms]
2023-02-01 16:13:34.159 [info] > git status -z -uall [9ms]
2023-02-01 16:13:34.160 [info] > git for-each-ref --sort -committerdate --format %(refname) %(objectname) %(*objectname) [2ms]
2023-02-01 16:14:11.997 [info] > git config --get commit.template [10ms]
2023-02-01 16:14:11.999 [info] > git for-each-ref --format=%(refname)%00%(upstream:short)%00%(objectname)%00%(upstream:track)%00%(upstream:remotename)%00%(upstream:remoteref) refs/heads/main refs/remotes/main [3ms]
2023-02-01 16:14:12.025 [info] > git status -z -uall [18ms]
2023-02-01 16:14:12.026 [info] > git for-each-ref --sort -committerdate --format %(refname) %(objectname) %(*objectname) [1ms]
2023-02-01 16:14:29.234 [info] > git config --get commit.template [11ms]
2023-02-01 16:14:29.235 [info] > git for-each-ref --format=%(refname)%00%(upstream:short)%00%(objectname)%00%(upstream:track)%00%(upstream:remotename)%00%(upstream:remoteref) refs/heads/main refs/remotes/main [2ms]
2023-02-01 16:14:29.252 [info] > git status -z -uall [10ms]
2023-02-01 16:14:29.253 [info] > git for-each-ref --sort -committerdate --format %(refname) %(objectname) %(*objectname) [2ms]
2023-02-01 16:16:51.381 [info] > git config --get commit.template [24ms]
2023-02-01 16:16:51.387 [info] > git for-each-ref --format=%(refname)%00%(upstream:short)%00%(objectname)%00%(upstream:track)%00%(upstream:remotename)%00%(upstream:remoteref) refs/heads/main refs/remotes/main [6ms]
2023-02-01 16:16:51.438 [info] > git for-each-ref --sort -committerdate --format %(refname) %(objectname) %(*objectname) [8ms]
2023-02-01 16:16:51.446 [info] > git status -z -uall [32ms]
2023-02-01 16:17:39.151 [info] > git config --get commit.template [14ms]
2023-02-01 16:17:39.154 [info] > git for-each-ref --format=%(refname)%00%(upstream:short)%00%(objectname)%00%(upstream:track)%00%(upstream:remotename)%00%(upstream:remoteref) refs/heads/main refs/remotes/main [6ms]
2023-02-01 16:17:39.178 [info] > git status -z -uall [14ms]
2023-02-01 16:17:39.180 [info] > git for-each-ref --sort -committerdate --format %(refname) %(objectname) %(*objectname) [7ms]
2023-02-01 16:17:55.556 [info] > git config --get commit.template [15ms]
2023-02-01 16:17:55.560 [info] > git for-each-ref --format=%(refname)%00%(upstream:short)%00%(objectname)%00%(upstream:track)%00%(upstream:remotename)%00%(upstream:remoteref) refs/heads/main refs/remotes/main [5ms]
2023-02-01 16:17:55.591 [info] > git status -z -uall [17ms]
2023-02-01 16:17:55.592 [info] > git for-each-ref --sort -committerdate --format %(refname) %(objectname) %(*objectname) [1ms]
2023-02-01 16:18:58.254 [info] > git config --get commit.template [21ms]
2023-02-01 16:18:58.261 [info] > git for-each-ref --format=%(refname)%00%(upstream:short)%00%(objectname)%00%(upstream:track)%00%(upstream:remotename)%00%(upstream:remoteref) refs/heads/main refs/remotes/main [7ms]
2023-02-01 16:18:58.306 [info] > git status -z -uall [25ms]
2023-02-01 16:18:58.314 [info] > git for-each-ref --sort -committerdate --format %(refname) %(objectname) %(*objectname) [8ms]
2023-02-01 16:19:22.982 [info] > git config --get commit.template [14ms]
2023-02-01 16:19:22.990 [info] > git for-each-ref --format=%(refname)%00%(upstream:short)%00%(objectname)%00%(upstream:track)%00%(upstream:remotename)%00%(upstream:remoteref) refs/heads/main refs/remotes/main [9ms]
2023-02-01 16:19:23.016 [info] > git status -z -uall [11ms]
2023-02-01 16:19:23.018 [info] > git for-each-ref --sort -committerdate --format %(refname) %(objectname) %(*objectname) [5ms]
2023-02-01 16:34:13.102 [info] > git config --get commit.template [4ms]
2023-02-01 16:34:13.111 [info] > git for-each-ref --format=%(refname)%00%(upstream:short)%00%(objectname)%00%(upstream:track)%00%(upstream:remotename)%00%(upstream:remoteref) refs/heads/main refs/remotes/main [2ms]
2023-02-01 16:34:13.124 [info] > git status -z -uall [7ms]
2023-02-01 16:34:13.126 [info] > git for-each-ref --sort -committerdate --format %(refname) %(objectname) %(*objectname) [3ms]
2023-02-01 16:34:43.228 [info] > git config --get commit.template [20ms]
2023-02-01 16:34:43.231 [info] > git for-each-ref --format=%(refname)%00%(upstream:short)%00%(objectname)%00%(upstream:track)%00%(upstream:remotename)%00%(upstream:remoteref) refs/heads/main refs/remotes/main [5ms]
2023-02-01 16:34:43.272 [info] > git status -z -uall [20ms]
2023-02-01 16:34:43.275 [info] > git for-each-ref --sort -committerdate --format %(refname) %(objectname) %(*objectname) [5ms]
2023-02-01 16:34:48.917 [info] > git config --get commit.template [21ms]
2023-02-01 16:34:48.923 [info] > git for-each-ref --format=%(refname)%00%(upstream:short)%00%(objectname)%00%(upstream:track)%00%(upstream:remotename)%00%(upstream:remoteref) refs/heads/main refs/remotes/main [7ms]
2023-02-01 16:34:48.966 [info] > git status -z -uall [22ms]
2023-02-01 16:34:48.973 [info] > git for-each-ref --sort -committerdate --format %(refname) %(objectname) %(*objectname) [1ms]
2023-02-01 16:34:54.021 [info] > git config --get commit.template [25ms]
2023-02-01 16:34:54.023 [info] > git for-each-ref --format=%(refname)%00%(upstream:short)%00%(objectname)%00%(upstream:track)%00%(upstream:remotename)%00%(upstream:remoteref) refs/heads/main refs/remotes/main [7ms]
2023-02-01 16:34:54.057 [info] > git status -z -uall [18ms]
2023-02-01 16:34:54.060 [info] > git for-each-ref --sort -committerdate --format %(refname) %(objectname) %(*objectname) [5ms]
2023-02-01 16:34:59.102 [info] > git config --get commit.template [19ms]
2023-02-01 16:34:59.104 [info] > git for-each-ref --format=%(refname)%00%(upstream:short)%00%(objectname)%00%(upstream:track)%00%(upstream:remotename)%00%(upstream:remoteref) refs/heads/main refs/remotes/main [4ms]
2023-02-01 16:34:59.142 [info] > git status -z -uall [19ms]
2023-02-01 16:34:59.145 [info] > git for-each-ref --sort -committerdate --format %(refname) %(objectname) %(*objectname) [5ms]
2023-02-01 16:35:04.165 [info] > git config --get commit.template [4ms]
2023-02-01 16:35:04.182 [info] > git for-each-ref --format=%(refname)%00%(upstream:short)%00%(objectname)%00%(upstream:track)%00%(upstream:remotename)%00%(upstream:remoteref) refs/heads/main refs/remotes/main [5ms]
2023-02-01 16:35:04.215 [info] > git status -z -uall [17ms]
2023-02-01 16:35:04.217 [info] > git for-each-ref --sort -committerdate --format %(refname) %(objectname) %(*objectname) [5ms]
2023-02-01 16:35:09.246 [info] > git config --get commit.template [15ms]
2023-02-01 16:35:09.248 [info] > git for-each-ref --format=%(refname)%00%(upstream:short)%00%(objectname)%00%(upstream:track)%00%(upstream:remotename)%00%(upstream:remoteref) refs/heads/main refs/remotes/main [3ms]
2023-02-01 16:35:09.280 [info] > git status -z -uall [19ms]
2023-02-01 16:35:09.281 [info] > git for-each-ref --sort -committerdate --format %(refname) %(objectname) %(*objectname) [2ms]
2023-02-01 16:35:14.302 [info] > git config --get commit.template [12ms]
2023-02-01 16:35:14.303 [info] > git for-each-ref --format=%(refname)%00%(upstream:short)%00%(objectname)%00%(upstream:track)%00%(upstream:remotename)%00%(upstream:remoteref) refs/heads/main refs/remotes/main [4ms]
2023-02-01 16:35:14.321 [info] > git status -z -uall [11ms]
2023-02-01 16:35:14.323 [info] > git for-each-ref --sort -committerdate --format %(refname) %(objectname) %(*objectname) [6ms]
2023-02-01 16:35:19.357 [info] > git config --get commit.template [18ms]
2023-02-01 16:35:19.359 [info] > git for-each-ref --format=%(refname)%00%(upstream:short)%00%(objectname)%00%(upstream:track)%00%(upstream:remotename)%00%(upstream:remoteref) refs/heads/main refs/remotes/main [4ms]
2023-02-01 16:35:19.403 [info] > git status -z -uall [26ms]
2023-02-01 16:35:19.410 [info] > git for-each-ref --sort -committerdate --format %(refname) %(objectname) %(*objectname) [7ms]
2023-02-01 16:35:24.440 [info] > git config --get commit.template [13ms]
2023-02-01 16:35:24.442 [info] > git for-each-ref --format=%(refname)%00%(upstream:short)%00%(objectname)%00%(upstream:track)%00%(upstream:remotename)%00%(upstream:remoteref) refs/heads/main refs/remotes/main [4ms]
2023-02-01 16:35:24.464 [info] > git status -z -uall [11ms]
2023-02-01 16:35:24.465 [info] > git for-each-ref --sort -committerdate --format %(refname) %(objectname) %(*objectname) [2ms]
2023-02-01 16:35:29.507 [info] > git config --get commit.template [19ms]
2023-02-01 16:35:29.508 [info] > git for-each-ref --format=%(refname)%00%(upstream:short)%00%(objectname)%00%(upstream:track)%00%(upstream:remotename)%00%(upstream:remoteref) refs/heads/main refs/remotes/main [3ms]
2023-02-01 16:35:29.532 [info] > git status -z -uall [12ms]
2023-02-01 16:35:29.534 [info] > git for-each-ref --sort -committerdate --format %(refname) %(objectname) %(*objectname) [2ms]
2023-02-01 16:35:34.566 [info] > git config --get commit.template [18ms]
2023-02-01 16:35:34.567 [info] > git for-each-ref --format=%(refname)%00%(upstream:short)%00%(objectname)%00%(upstream:track)%00%(upstream:remotename)%00%(upstream:remoteref) refs/heads/main refs/remotes/main [4ms]
2023-02-01 16:35:34.596 [info] > git status -z -uall [17ms]
2023-02-01 16:35:34.600 [info] > git for-each-ref --sort -committerdate --format %(refname) %(objectname) %(*objectname) [5ms]
2023-02-01 16:35:39.618 [info] > git config --get commit.template [8ms]
2023-02-01 16:35:39.619 [info] > git for-each-ref --format=%(refname)%00%(upstream:short)%00%(objectname)%00%(upstream:track)%00%(upstream:remotename)%00%(upstream:remoteref) refs/heads/main refs/remotes/main [3ms]
2023-02-01 16:35:39.643 [info] > git status -z -uall [17ms]
2023-02-01 16:35:39.645 [info] > git for-each-ref --sort -committerdate --format %(refname) %(objectname) %(*objectname) [10ms]
2023-02-01 16:42:49.795 [info] > git rev-parse --show-toplevel [51ms]
2023-02-01 16:42:49.796 [info] fatal: not a git repository (or any of the parent directories): .git
2023-02-01 16:45:28.305 [info] > git config --get commit.template [9ms]
2023-02-01 16:45:28.308 [info] > git for-each-ref --format=%(refname)%00%(upstream:short)%00%(objectname)%00%(upstream:track)%00%(upstream:remotename)%00%(upstream:remoteref) refs/heads/main refs/remotes/main [3ms]
2023-02-01 16:45:28.326 [info] > git for-each-ref --sort -committerdate --format %(refname) %(objectname) %(*objectname) [2ms]
2023-02-01 16:45:28.329 [info] > git status -z -uall [14ms]
2023-02-01 16:45:33.345 [info] > git config --get commit.template [6ms]
2023-02-01 16:45:33.346 [info] > git for-each-ref --format=%(refname)%00%(upstream:short)%00%(objectname)%00%(upstream:track)%00%(upstream:remotename)%00%(upstream:remoteref) refs/heads/main refs/remotes/main [2ms]
2023-02-01 16:45:33.358 [info] > git status -z -uall [7ms]
2023-02-01 16:45:33.359 [info] > git for-each-ref --sort -committerdate --format %(refname) %(objectname) %(*objectname) [1ms]
2023-02-01 16:46:15.094 [info] > git config --get commit.template [3ms]
2023-02-01 16:46:15.112 [info] > git for-each-ref --format=%(refname)%00%(upstream:short)%00%(objectname)%00%(upstream:track)%00%(upstream:remotename)%00%(upstream:remoteref) refs/heads/main refs/remotes/main [3ms]
2023-02-01 16:46:15.128 [info] > git status -z -uall [8ms]
2023-02-01 16:46:15.129 [info] > git for-each-ref --sort -committerdate --format %(refname) %(objectname) %(*objectname) [2ms]
2023-02-01 16:46:20.620 [info] > git rev-parse --show-toplevel [2ms]
2023-02-01 16:46:20.620 [info] fatal: not a git repository (or any of the parent directories): .git
2023-02-01 16:49:33.966 [info] > git add -A -- . [7ms]
2023-02-01 16:49:33.979 [info] > git -c user.useConfigOnly=true commit --quiet --allow-empty-message --file - [6ms]
2023-02-01 16:49:33.987 [info] > git config --get commit.template [2ms]
2023-02-01 16:49:34.006 [info] > git config --get commit.template [9ms]
2023-02-01 16:49:34.007 [info] > git for-each-ref --format=%(refname)%00%(upstream:short)%00%(objectname)%00%(upstream:track)%00%(upstream:remotename)%00%(upstream:remoteref) refs/heads/main refs/remotes/main [3ms]
2023-02-01 16:49:34.053 [info] > git status -z -uall [38ms]
2023-02-01 16:49:34.054 [info] > git for-each-ref --sort -committerdate --format %(refname) %(objectname) %(*objectname) [13ms]
2023-02-01 16:49:35.557 [info] > git ls-files --stage -- /home/ec2-user/TestTerraform/terraform-aws-3tier/sg.tf [8ms]
2023-02-01 16:49:35.565 [info] > git ls-files --stage -- /home/ec2-user/TestTerraform/terraform-aws-3tier/main.tf [25ms]
2023-02-01 16:49:35.576 [info] > git cat-file -s 477246c1c31535954d38a90db095950624791cef [11ms]
2023-02-01 16:49:35.577 [info] > git ls-files --stage -- /home/ec2-user/TestTerraform/terraform-aws-3tier/instance.tf [21ms]
2023-02-01 16:49:35.586 [info] > git cat-file -s d680f0812828c98c9e2405d1d0b3c4fb87583e3d [11ms]
2023-02-01 16:49:35.589 [info] > git cat-file -s bf2b16dbf5100c3e8f91a8008b08ac3230824b93 [4ms]
2023-02-01 16:49:35.741 [info] > git show --textconv :sg.tf [9ms]
2023-02-01 16:49:35.751 [info] > git show --textconv :main.tf [11ms]
2023-02-01 16:49:35.755 [info] > git show --textconv :instance.tf [4ms]
2023-02-01 16:50:01.458 [info] > git push origin main:main [27353ms]
2023-02-01 16:50:01.458 [info] remote: error: Trace: a72e8a44d0a445546f2b75a7391640be9b3c6c310acc10f0100b9088ee781d9b        
remote: error: See http://git.io/iEPt8g for more information.        
remote: error: File .terraform/providers/registry.terraform.io/hashicorp/aws/4.52.0/linux_amd64/terraform-provider-aws_v4.52.0_x5 is 323.14 MB; this exceeds GitHub's file size limit of 100.00 MB        
remote: error: GH001: Large files detected. You may want to try Git Large File Storage - https://git-lfs.github.com.        
To github.com:cuneytoghan/terraform-aws-3tier.git
 ! [remote rejected] main -> main (pre-receive hook declined)
error: failed to push some refs to 'github.com:cuneytoghan/terraform-aws-3tier.git'
2023-02-01 16:50:11.337 [info] > git config --get commit.template [14ms]
2023-02-01 16:50:11.340 [info] > git for-each-ref --format=%(refname)%00%(upstream:short)%00%(objectname)%00%(upstream:track)%00%(upstream:remotename)%00%(upstream:remoteref) refs/heads/main refs/remotes/main [4ms]
2023-02-01 16:50:11.386 [info] > git status -z -uall [27ms]
2023-02-01 16:50:11.388 [info] > git for-each-ref --sort -committerdate --format %(refname) %(objectname) %(*objectname) [3ms]
2023-02-01 16:50:13.980 [info] > git log --oneline --cherry main...main@{upstream} -- [2ms]
2023-02-01 16:50:15.370 [info] > git pull --tags origin main [1381ms]
2023-02-01 16:50:15.370 [info] From github.com:cuneytoghan/terraform-aws-3tier
 * branch            main       -> FETCH_HEAD
2023-02-01 16:50:15.447 [info] > git ls-files --stage -- /home/ec2-user/TestTerraform/terraform-aws-3tier/sg.tf [9ms]
2023-02-01 16:50:15.452 [info] > git ls-files --stage -- /home/ec2-user/TestTerraform/terraform-aws-3tier/main.tf [20ms]
2023-02-01 16:50:15.459 [info] > git cat-file -s 477246c1c31535954d38a90db095950624791cef [7ms]
2023-02-01 16:50:15.459 [info] > git ls-files --stage -- /home/ec2-user/TestTerraform/terraform-aws-3tier/instance.tf [13ms]
2023-02-01 16:50:15.465 [info] > git cat-file -s d680f0812828c98c9e2405d1d0b3c4fb87583e3d [8ms]
2023-02-01 16:50:15.466 [info] > git cat-file -s bf2b16dbf5100c3e8f91a8008b08ac3230824b93 [2ms]
2023-02-01 16:50:15.660 [info] > git show --textconv :sg.tf [46ms]
2023-02-01 16:50:15.661 [info] > git show --textconv :main.tf [21ms]
2023-02-01 16:50:15.664 [info] > git show --textconv :instance.tf [7ms]
2023-02-01 16:50:16.836 [info] > git ls-files --stage -- /home/ec2-user/TestTerraform/terraform-aws-3tier/sg.tf [10ms]
2023-02-01 16:50:16.846 [info] > git ls-files --stage -- /home/ec2-user/TestTerraform/terraform-aws-3tier/main.tf [30ms]
2023-02-01 16:50:16.855 [info] > git cat-file -s 477246c1c31535954d38a90db095950624791cef [9ms]
2023-02-01 16:50:16.856 [info] > git ls-files --stage -- /home/ec2-user/TestTerraform/terraform-aws-3tier/instance.tf [21ms]
2023-02-01 16:50:16.867 [info] > git cat-file -s d680f0812828c98c9e2405d1d0b3c4fb87583e3d [12ms]
2023-02-01 16:50:16.872 [info] > git cat-file -s bf2b16dbf5100c3e8f91a8008b08ac3230824b93 [7ms]
2023-02-01 16:50:17.040 [info] > git show --textconv :sg.tf [23ms]
2023-02-01 16:50:17.040 [info] > git show --textconv :main.tf [12ms]
2023-02-01 16:50:17.045 [info] > git show --textconv :instance.tf [6ms]
2023-02-01 16:50:46.466 [info] > git push origin main:main [31089ms]
2023-02-01 16:50:46.466 [info] remote: error: Trace: 7b786e031dfdea2663043f2a287a21269600f2c08586552fd4ff7d53a7d66e8e        
remote: error: See http://git.io/iEPt8g for more information.        
remote: error: File .terraform/providers/registry.terraform.io/hashicorp/aws/4.52.0/linux_amd64/terraform-provider-aws_v4.52.0_x5 is 323.14 MB; this exceeds GitHub's file size limit of 100.00 MB        
remote: error: GH001: Large files detected. You may want to try Git Large File Storage - https://git-lfs.github.com.        
To github.com:cuneytoghan/terraform-aws-3tier.git
 ! [remote rejected] main -> main (pre-receive hook declined)
error: failed to push some refs to 'github.com:cuneytoghan/terraform-aws-3tier.git'
2023-02-01 16:50:53.378 [info] > git log --oneline --cherry main...main@{upstream} -- [3ms]
2023-02-01 16:50:54.902 [info] > git ls-files --stage -- /home/ec2-user/TestTerraform/terraform-aws-3tier/sg.tf [22ms]
2023-02-01 16:50:54.919 [info] > git ls-files --stage -- /home/ec2-user/TestTerraform/terraform-aws-3tier/main.tf [68ms]
2023-02-01 16:50:54.938 [info] > git pull --tags origin main [1543ms]
2023-02-01 16:50:54.939 [info] From github.com:cuneytoghan/terraform-aws-3tier
 * branch            main       -> FETCH_HEAD
2023-02-01 16:50:54.958 [info] > git cat-file -s d680f0812828c98c9e2405d1d0b3c4fb87583e3d [21ms]
2023-02-01 16:50:54.962 [info] > git cat-file -s 477246c1c31535954d38a90db095950624791cef [44ms]
2023-02-01 16:50:54.964 [info] > git ls-files --stage -- /home/ec2-user/TestTerraform/terraform-aws-3tier/instance.tf [65ms]
2023-02-01 16:50:54.987 [info] > git cat-file -s bf2b16dbf5100c3e8f91a8008b08ac3230824b93 [7ms]
2023-02-01 16:50:55.163 [info] > git show --textconv :main.tf [25ms]
2023-02-01 16:50:55.164 [info] > git show --textconv :sg.tf [7ms]
2023-02-01 16:50:55.186 [info] > git show --textconv :instance.tf [4ms]
2023-02-01 16:50:56.240 [info] > git ls-files --stage -- /home/ec2-user/TestTerraform/terraform-aws-3tier/sg.tf [7ms]
2023-02-01 16:50:56.245 [info] > git ls-files --stage -- /home/ec2-user/TestTerraform/terraform-aws-3tier/main.tf [18ms]
2023-02-01 16:50:56.251 [info] > git cat-file -s 477246c1c31535954d38a90db095950624791cef [6ms]
2023-02-01 16:50:56.252 [info] > git ls-files --stage -- /home/ec2-user/TestTerraform/terraform-aws-3tier/instance.tf [13ms]
2023-02-01 16:50:56.261 [info] > git cat-file -s bf2b16dbf5100c3e8f91a8008b08ac3230824b93 [1ms]
2023-02-01 16:50:56.263 [info] > git cat-file -s d680f0812828c98c9e2405d1d0b3c4fb87583e3d [13ms]
2023-02-01 16:50:56.430 [info] > git show --textconv :sg.tf [21ms]
2023-02-01 16:50:56.430 [info] > git show --textconv :instance.tf [11ms]
2023-02-01 16:50:56.434 [info] > git show --textconv :main.tf [5ms]
2023-02-01 16:51:24.430 [info] > git push origin main:main [29477ms]
2023-02-01 16:51:24.430 [info] remote: error: Trace: df5ef094d02deb32c30eb8c0c6624bf124395458f10825cf3617d2116fcd52fc        
remote: error: See http://git.io/iEPt8g for more information.        
remote: error: File .terraform/providers/registry.terraform.io/hashicorp/aws/4.52.0/linux_amd64/terraform-provider-aws_v4.52.0_x5 is 323.14 MB; this exceeds GitHub's file size limit of 100.00 MB        
remote: error: GH001: Large files detected. You may want to try Git Large File Storage - https://git-lfs.github.com.        
To github.com:cuneytoghan/terraform-aws-3tier.git
 ! [remote rejected] main -> main (pre-receive hook declined)
error: failed to push some refs to 'github.com:cuneytoghan/terraform-aws-3tier.git'
