2023-02-01 16:57:00.783 [info] Extension host with pid 9802 started
2023-02-01 16:57:00.794 [info] Lock '/home/ec2-user/.vscode-server/data/User/workspaceStorage/ec57b2316ea98b72d2fc52e967931074/vscode.lock': Lock acquired.
2023-02-01 16:57:00.983 [info] ExtensionService#_doActivateExtension vscode.git-base, startup: true, activationEvent: '*', root cause: vscode.git
2023-02-01 16:57:01.182 [info] ExtensionService#_doActivateExtension vscode.git, startup: true, activationEvent: '*'
2023-02-01 16:57:01.183 [info] ExtensionService#_doActivateExtension vscode.github, startup: true, activationEvent: '*'
2023-02-01 16:57:01.472 [info] ExtensionService#_doActivateExtension vscode.debug-auto-launch, startup: false, activationEvent: 'onStartupFinished'
2023-02-01 16:57:01.472 [info] ExtensionService#_doActivateExtension vscode.emmet, startup: false, activationEvent: 'onStartupFinished'
2023-02-01 16:57:01.473 [info] ExtensionService#_doActivateExtension vscode.merge-conflict, startup: false, activationEvent: 'onStartupFinished'
2023-02-01 16:57:01.473 [info] Eager extensions activated
2023-02-01 17:23:41.432 [info] ExtensionService#_doActivateExtension vscode.configuration-editing, startup: false, activationEvent: 'onLanguage:jsonc'
2023-02-01 17:23:41.433 [info] ExtensionService#_doActivateExtension vscode.json-language-features, startup: false, activationEvent: 'onLanguage:jsonc'
2023-02-01 17:23:41.433 [info] ExtensionService#_doActivateExtension vscode.typescript-language-features, startup: false, activationEvent: 'onLanguage:jsonc'
2023-02-01 17:27:09.335 [info] Extension host terminating: received terminate message from renderer
2023-02-01 17:27:09.336 [info] Lock '/home/ec2-user/.vscode-server/data/User/workspaceStorage/ec57b2316ea98b72d2fc52e967931074/vscode.lock': Marking the lockfile as scheduled to be released in 6000 ms.
2023-02-01 17:27:09.360 [error] Canceled: Canceled
	at Object.R [as canceled] (/home/ec2-user/.vscode-server/bin/97dec172d3256f8ca4bfb2143f3f76b503ca0534/out/vs/workbench/api/node/extensionHostProcess.js:7:1054)
	at /home/ec2-user/.vscode-server/bin/97dec172d3256f8ca4bfb2143f3f76b503ca0534/out/vs/workbench/api/node/extensionHostProcess.js:104:7869
	at Array.forEach (<anonymous>)
	at u.dispose (/home/ec2-user/.vscode-server/bin/97dec172d3256f8ca4bfb2143f3f76b503ca0534/out/vs/workbench/api/node/extensionHostProcess.js:104:7834)
	at d.terminate (/home/ec2-user/.vscode-server/bin/97dec172d3256f8ca4bfb2143f3f76b503ca0534/out/vs/workbench/api/node/extensionHostProcess.js:106:9540)
	at f.terminate (/home/ec2-user/.vscode-server/bin/97dec172d3256f8ca4bfb2143f3f76b503ca0534/out/vs/workbench/api/node/extensionHostProcess.js:110:1397)
	at b (/home/ec2-user/.vscode-server/bin/97dec172d3256f8ca4bfb2143f3f76b503ca0534/out/vs/workbench/api/node/extensionHostProcess.js:120:17815)
	at /home/ec2-user/.vscode-server/bin/97dec172d3256f8ca4bfb2143f3f76b503ca0534/out/vs/workbench/api/node/extensionHostProcess.js:120:15750
	at d.invoke (/home/ec2-user/.vscode-server/bin/97dec172d3256f8ca4bfb2143f3f76b503ca0534/out/vs/workbench/api/node/extensionHostProcess.js:63:145)
	at v.deliver (/home/ec2-user/.vscode-server/bin/97dec172d3256f8ca4bfb2143f3f76b503ca0534/out/vs/workbench/api/node/extensionHostProcess.js:63:2029)
	at g.fire (/home/ec2-user/.vscode-server/bin/97dec172d3256f8ca4bfb2143f3f76b503ca0534/out/vs/workbench/api/node/extensionHostProcess.js:63:1667)
	at h.fire (/home/ec2-user/.vscode-server/bin/97dec172d3256f8ca4bfb2143f3f76b503ca0534/out/vs/workbench/api/node/extensionHostProcess.js:72:14314)
	at c.y (/home/ec2-user/.vscode-server/bin/97dec172d3256f8ca4bfb2143f3f76b503ca0534/out/vs/workbench/api/node/extensionHostProcess.js:72:17324)
	at /home/ec2-user/.vscode-server/bin/97dec172d3256f8ca4bfb2143f3f76b503ca0534/out/vs/workbench/api/node/extensionHostProcess.js:72:15795
	at d.invoke (/home/ec2-user/.vscode-server/bin/97dec172d3256f8ca4bfb2143f3f76b503ca0534/out/vs/workbench/api/node/extensionHostProcess.js:63:145)
	at v.deliver (/home/ec2-user/.vscode-server/bin/97dec172d3256f8ca4bfb2143f3f76b503ca0534/out/vs/workbench/api/node/extensionHostProcess.js:63:2029)
	at g.fire (/home/ec2-user/.vscode-server/bin/97dec172d3256f8ca4bfb2143f3f76b503ca0534/out/vs/workbench/api/node/extensionHostProcess.js:63:1667)
	at g.acceptChunk (/home/ec2-user/.vscode-server/bin/97dec172d3256f8ca4bfb2143f3f76b503ca0534/out/vs/workbench/api/node/extensionHostProcess.js:72:12045)
	at /home/ec2-user/.vscode-server/bin/97dec172d3256f8ca4bfb2143f3f76b503ca0534/out/vs/workbench/api/node/extensionHostProcess.js:72:11332
	at d.invoke (/home/ec2-user/.vscode-server/bin/97dec172d3256f8ca4bfb2143f3f76b503ca0534/out/vs/workbench/api/node/extensionHostProcess.js:63:145)
	at v.deliver (/home/ec2-user/.vscode-server/bin/97dec172d3256f8ca4bfb2143f3f76b503ca0534/out/vs/workbench/api/node/extensionHostProcess.js:63:2029)
	at g.fire (/home/ec2-user/.vscode-server/bin/97dec172d3256f8ca4bfb2143f3f76b503ca0534/out/vs/workbench/api/node/extensionHostProcess.js:63:1667)
	at g.t (/home/ec2-user/.vscode-server/bin/97dec172d3256f8ca4bfb2143f3f76b503ca0534/out/vs/workbench/api/node/extensionHostProcess.js:72:25895) git.commit {"value":"vscode.git","c":"vscode.git"}
2023-02-01 17:27:09.360 [error] Canceled: Canceled
	at Object.R [as canceled] (/home/ec2-user/.vscode-server/bin/97dec172d3256f8ca4bfb2143f3f76b503ca0534/out/vs/workbench/api/node/extensionHostProcess.js:7:1054)
	at /home/ec2-user/.vscode-server/bin/97dec172d3256f8ca4bfb2143f3f76b503ca0534/out/vs/workbench/api/node/extensionHostProcess.js:104:7869
	at Array.forEach (<anonymous>)
	at u.dispose (/home/ec2-user/.vscode-server/bin/97dec172d3256f8ca4bfb2143f3f76b503ca0534/out/vs/workbench/api/node/extensionHostProcess.js:104:7834)
	at d.terminate (/home/ec2-user/.vscode-server/bin/97dec172d3256f8ca4bfb2143f3f76b503ca0534/out/vs/workbench/api/node/extensionHostProcess.js:106:9540)
	at f.terminate (/home/ec2-user/.vscode-server/bin/97dec172d3256f8ca4bfb2143f3f76b503ca0534/out/vs/workbench/api/node/extensionHostProcess.js:110:1397)
	at b (/home/ec2-user/.vscode-server/bin/97dec172d3256f8ca4bfb2143f3f76b503ca0534/out/vs/workbench/api/node/extensionHostProcess.js:120:17815)
	at /home/ec2-user/.vscode-server/bin/97dec172d3256f8ca4bfb2143f3f76b503ca0534/out/vs/workbench/api/node/extensionHostProcess.js:120:15750
	at d.invoke (/home/ec2-user/.vscode-server/bin/97dec172d3256f8ca4bfb2143f3f76b503ca0534/out/vs/workbench/api/node/extensionHostProcess.js:63:145)
	at v.deliver (/home/ec2-user/.vscode-server/bin/97dec172d3256f8ca4bfb2143f3f76b503ca0534/out/vs/workbench/api/node/extensionHostProcess.js:63:2029)
	at g.fire (/home/ec2-user/.vscode-server/bin/97dec172d3256f8ca4bfb2143f3f76b503ca0534/out/vs/workbench/api/node/extensionHostProcess.js:63:1667)
	at h.fire (/home/ec2-user/.vscode-server/bin/97dec172d3256f8ca4bfb2143f3f76b503ca0534/out/vs/workbench/api/node/extensionHostProcess.js:72:14314)
	at c.y (/home/ec2-user/.vscode-server/bin/97dec172d3256f8ca4bfb2143f3f76b503ca0534/out/vs/workbench/api/node/extensionHostProcess.js:72:17324)
	at /home/ec2-user/.vscode-server/bin/97dec172d3256f8ca4bfb2143f3f76b503ca0534/out/vs/workbench/api/node/extensionHostProcess.js:72:15795
	at d.invoke (/home/ec2-user/.vscode-server/bin/97dec172d3256f8ca4bfb2143f3f76b503ca0534/out/vs/workbench/api/node/extensionHostProcess.js:63:145)
	at v.deliver (/home/ec2-user/.vscode-server/bin/97dec172d3256f8ca4bfb2143f3f76b503ca0534/out/vs/workbench/api/node/extensionHostProcess.js:63:2029)
	at g.fire (/home/ec2-user/.vscode-server/bin/97dec172d3256f8ca4bfb2143f3f76b503ca0534/out/vs/workbench/api/node/extensionHostProcess.js:63:1667)
	at g.acceptChunk (/home/ec2-user/.vscode-server/bin/97dec172d3256f8ca4bfb2143f3f76b503ca0534/out/vs/workbench/api/node/extensionHostProcess.js:72:12045)
	at /home/ec2-user/.vscode-server/bin/97dec172d3256f8ca4bfb2143f3f76b503ca0534/out/vs/workbench/api/node/extensionHostProcess.js:72:11332
	at d.invoke (/home/ec2-user/.vscode-server/bin/97dec172d3256f8ca4bfb2143f3f76b503ca0534/out/vs/workbench/api/node/extensionHostProcess.js:63:145)
	at v.deliver (/home/ec2-user/.vscode-server/bin/97dec172d3256f8ca4bfb2143f3f76b503ca0534/out/vs/workbench/api/node/extensionHostProcess.js:63:2029)
	at g.fire (/home/ec2-user/.vscode-server/bin/97dec172d3256f8ca4bfb2143f3f76b503ca0534/out/vs/workbench/api/node/extensionHostProcess.js:63:1667)
	at g.t (/home/ec2-user/.vscode-server/bin/97dec172d3256f8ca4bfb2143f3f76b503ca0534/out/vs/workbench/api/node/extensionHostProcess.js:72:25895) __vscldlwvfx6 undefined
2023-02-01 17:27:09.373 [info] Extension host with pid 9802 exiting with code 0
